#
# There is insufficient memory for the Java Runtime Environment to continue.
# Native memory allocation (mmap) failed to map 132120576 bytes. Error detail: G1 virtual space
# Possible reasons:
#   The system is out of physical RAM or swap space
#   This process is running with CompressedOops enabled, and the Java Heap may be blocking the growth of the native heap
# Possible solutions:
#   Reduce memory load on the system
#   Increase physical memory or swap space
#   Check if swap backing store is full
#   Decrease Java heap size (-Xmx/-Xms)
#   Decrease number of Java threads
#   Decrease Java thread stack sizes (-Xss)
#   Set larger code cache with -XX:ReservedCodeCacheSize=
#   JVM is running with Unscaled Compressed Oops mode in which the Java heap is
#     placed in the first 4GB address space. The Java Heap base address is the
#     maximum limit for the native heap growth. Please use -XX:HeapBaseMinAddress
#     to set the Java Heap base and to place the Java Heap above 4GB virtual address.
# This output file may be truncated or incomplete.
#
#  Out of Memory Error (os_windows.cpp:3830), pid=22720, tid=22292
#
# JRE version:  (17.0.14+1) (build )
# Java VM: OpenJDK 64-Bit Server VM (17.0.14+1-b1367.22, mixed mode, sharing, tiered, compressed oops, compressed class ptrs, g1 gc, windows-amd64)
# No core dump will be written. Minidumps are not enabled by default on client versions of Windows
#

---------------  S U M M A R Y ------------

Command Line: --add-modules=javafx.controls,javafx.fxml,javafx.web --module-path=C:\Users\ranes\.m2\repository\org\openjfx\javafx-base\17.0.12\javafx-base-17.0.12-win.jar;C:\Users\ranes\.m2\repository\org\openjfx\javafx-base\17.0.12\javafx-base-17.0.12.jar;C:\Users\ranes\.m2\repository\org\openjfx\javafx-controls\17.0.12\javafx-controls-17.0.12-win.jar;C:\Users\ranes\.m2\repository\org\openjfx\javafx-controls\17.0.12\javafx-controls-17.0.12.jar;C:\Users\ranes\.m2\repository\org\openjfx\javafx-fxml\17.0.12\javafx-fxml-17.0.12-win.jar;C:\Users\ranes\.m2\repository\org\openjfx\javafx-fxml\17.0.12\javafx-fxml-17.0.12.jar;C:\Users\ranes\.m2\repository\org\openjfx\javafx-graphics\17.0.12\javafx-graphics-17.0.12-win.jar;C:\Users\ranes\.m2\repository\org\openjfx\javafx-graphics\17.0.12\javafx-graphics-17.0.12.jar;C:\Users\ranes\.m2\repository\org\openjfx\javafx-media\17.0.12\javafx-media-17.0.12-win.jar;C:\Users\ranes\.m2\repository\org\openjfx\javafx-media\17.0.12\javafx-media-17.0.12.jar;C:\Users\ranes\.m2\repository\org\openjfx\javafx-web\17.0.12\javafx-web-17.0.12-win.jar;C:\Users\ranes\.m2\repository\org\openjfx\javafx-web\17.0.12\javafx-web-17.0.12.jar --add-modules=javafx.base,javafx.controls,javafx.fxml,javafx.graphics,javafx.media,javafx.web mains.MainFX

Host: 11th Gen Intel(R) Core(TM) i5-11320H @ 3.20GHz, 8 cores, 7G,  Windows 11 , 64 bit Build 26100 (10.0.26100.8246)
Time: Sun Apr 19 17:43:19 2026 Afr. centrale Ouest elapsed time: 0.011825 seconds (0d 0h 0m 0s)

---------------  T H R E A D  ---------------

Current thread (0x000002389921e2e0):  JavaThread "Unknown thread" [_thread_in_vm, id=22292, stack(0x000000913bc00000,0x000000913bd00000)]

Stack: [0x000000913bc00000,0x000000913bd00000]
Native frames: (J=compiled Java code, j=interpreted, Vv=VM code, C=native code)
V  [jvm.dll+0x68b969]  os::platform_print_native_stack+0xd9  (os_windows_x86.cpp:235)
V  [jvm.dll+0x84572a]  VMError::report+0xc6a  (vmError.cpp:868)
V  [jvm.dll+0x8473ae]  VMError::report_and_die+0x78e  (vmError.cpp:1766)
V  [jvm.dll+0x847a13]  VMError::report_and_die+0x43  (vmError.cpp:1552)
V  [jvm.dll+0x24a83f]  report_vm_out_of_memory+0x8f  (debug.cpp:321)
V  [jvm.dll+0x688629]  os::pd_commit_memory_or_exit+0xc9  (os_windows.cpp:3838)
V  [jvm.dll+0x67cf3a]  os::commit_memory_or_exit+0x2a  (os.cpp:1768)
V  [jvm.dll+0x30b83b]  G1PageBasedVirtualSpace::commit+0x19b  (g1PageBasedVirtualSpace.cpp:204)
V  [jvm.dll+0x312d26]  G1RegionsLargerThanCommitSizeMapper::commit_regions+0x96  (g1RegionToSpaceMapper.cpp:100)
V  [jvm.dll+0x3630fe]  HeapRegionManager::expand_any+0xee  (heapRegionManager.cpp:363)
V  [jvm.dll+0x36333f]  HeapRegionManager::expand_by+0x7f  (heapRegionManager.cpp:380)
V  [jvm.dll+0x2e18cc]  G1CollectedHeap::expand+0xbc  (g1CollectedHeap.cpp:1292)
V  [jvm.dll+0x2e2824]  G1CollectedHeap::initialize+0x664  (g1CollectedHeap.cpp:1713)
V  [jvm.dll+0x815ffb]  universe_init+0xbb  (universe.cpp:737)
V  [jvm.dll+0x370e88]  init_globals+0x48  (init.cpp:131)
V  [jvm.dll+0x7f4875]  Threads::create_vm+0x5e5  (thread.cpp:2909)
V  [jvm.dll+0x3f54ef]  JNI_CreateJavaVM_inner+0x8f  (jni.cpp:3654)
V  [jvm.dll+0x3f70c1]  JNI_CreateJavaVM+0x11  (jni.cpp:3746)
C  [jli.dll+0x52ab]  JavaMain+0x113  (java.c:413)
C  [ucrtbase.dll+0x37b0]
C  [KERNEL32.DLL+0x2e8d7]
C  [ntdll.dll+0x8c3fc]


---------------  P R O C E S S  ---------------

Threads class SMR info:
_java_thread_list=0x00007ffc9a789018, length=0, elements={
}

Java Threads: ( => current thread )

Other Threads:
  0x00000238992795a0 GCTaskThread "GC Thread#0" [stack: 0x000000913bd00000,0x000000913be00000] [id=23076]
  0x000002389928aa10 ConcurrentGCThread "G1 Main Marker" [stack: 0x000000913be00000,0x000000913bf00000] [id=2304]
  0x000002389928c1f0 ConcurrentGCThread "G1 Conc#0" [stack: 0x000000913bf00000,0x000000913c000000] [id=12660]

[error occurred during error reporting (printing all threads), id 0xc0000005, EXCEPTION_ACCESS_VIOLATION (0xc0000005) at pc=0x00007ffc99f32197]

VM state: not at safepoint (not fully initialized)

VM Mutex/Monitor currently owned by a thread:  ([mutex/lock_event])
[0x0000023899218450] Heap_lock - owner thread: 0x000002389921e2e0

Heap address: 0x0000000083600000, size: 1994 MB, Compressed Oops mode: 32-bit

CDS archive(s) mapped at: [0x0000000000000000-0x0000000000000000-0x0000000000000000), size 0, SharedBaseAddress: 0x0000000800000000, ArchiveRelocationMode: 1.
Narrow klass base: 0x0000000000000000, Narrow klass shift: 0, Narrow klass range: 0x0

GC Precious Log:
<Empty>

Heap:
 garbage-first heap   total 0K, used 0K [0x0000000083600000, 0x0000000100000000)
  region size 1024K, 0 young (0K), 0 survivors (0K)
 Metaspace       used 0K, committed 0K, reserved 0K
  class space    used 0K, committed 0K, reserved 0K

Heap Regions: E=young(eden), S=young(survivor), O=old, HS=humongous(starts), HC=humongous(continues), CS=collection set, F=free, OA=open archive, CA=closed archive, TAMS=top-at-mark-start (previous, next)

Card table byte_map: [0x00000238ade20000,0x00000238ae210000] _byte_map_base: 0x00000238ada05000

Marking Bits (Prev, Next): (CMBitMap*) 0x0000023899279ad0, (CMBitMap*) 0x0000023899279b10
 Prev Bits: [0x00000238ae600000, 0x00000238b0528000)
 Next Bits: [0x00000238b0530000, 0x00000238b2458000)

GC Heap History (0 events):
No events

Dll operation events (1 events):
Event: 0.007 Loaded shared library C:\Users\ranes\.jdks\jbr-17.0.14\bin\java.dll

Deoptimization events (0 events):
No events

Classes loaded (0 events):
No events

Classes unloaded (0 events):
No events

Classes redefined (0 events):
No events

Internal exceptions (0 events):
No events

VM Operations (0 events):
No events

Memory protections (0 events):
No events

Nmethod flushes (0 events):
No events

Events (0 events):
No events


Dynamic libraries:
0x00007ff703230000 - 0x00007ff70323a000 	C:\Users\ranes\.jdks\jbr-17.0.14\bin\java.exe
0x00007ffd48380000 - 0x00007ffd485e7000 	C:\WINDOWS\SYSTEM32\ntdll.dll
0x00007ffd47da0000 - 0x00007ffd47e69000 	C:\WINDOWS\System32\KERNEL32.DLL
0x00007ffd44c50000 - 0x00007ffd45044000 	C:\WINDOWS\System32\KERNELBASE.dll
0x00007ffd45240000 - 0x00007ffd4538b000 	C:\WINDOWS\System32\ucrtbase.dll
0x00007ffcba960000 - 0x00007ffcba97b000 	C:\Users\ranes\.jdks\jbr-17.0.14\bin\VCRUNTIME140.dll
0x00007ffcbbed0000 - 0x00007ffcbbee7000 	C:\Users\ranes\.jdks\jbr-17.0.14\bin\jli.dll
0x00007ffd46650000 - 0x00007ffd46815000 	C:\WINDOWS\System32\USER32.dll
0x00007ffd45ed0000 - 0x00007ffd45ef7000 	C:\WINDOWS\System32\win32u.dll
0x00007ffd1e4b0000 - 0x00007ffd1e743000 	C:\WINDOWS\WinSxS\amd64_microsoft.windows.common-controls_6595b64144ccf1df_6.0.26100.8115_none_3e075c82e3354f9c\COMCTL32.dll
0x00007ffd46310000 - 0x00007ffd463b9000 	C:\WINDOWS\System32\msvcrt.dll
0x00007ffd48180000 - 0x00007ffd481ab000 	C:\WINDOWS\System32\GDI32.dll
0x00007ffd45050000 - 0x00007ffd4517b000 	C:\WINDOWS\System32\gdi32full.dll
0x00007ffd45e20000 - 0x00007ffd45ec3000 	C:\WINDOWS\System32\msvcp_win.dll
0x00007ffd47a40000 - 0x00007ffd47a72000 	C:\WINDOWS\System32\IMM32.DLL
0x00007ffcfe6a0000 - 0x00007ffcfe6ac000 	C:\Users\ranes\.jdks\jbr-17.0.14\bin\vcruntime140_1.dll
0x00007ffca9db0000 - 0x00007ffca9e3d000 	C:\Users\ranes\.jdks\jbr-17.0.14\bin\msvcp140.dll
0x00007ffc99c40000 - 0x00007ffc9a8ce000 	C:\Users\ranes\.jdks\jbr-17.0.14\bin\server\jvm.dll
0x00007ffd47c20000 - 0x00007ffd47cd6000 	C:\WINDOWS\System32\ADVAPI32.dll
0x00007ffd46980000 - 0x00007ffd46a27000 	C:\WINDOWS\System32\sechost.dll
0x00007ffd47ed0000 - 0x00007ffd47fe8000 	C:\WINDOWS\System32\RPCRT4.dll
0x00007ffd481b0000 - 0x00007ffd48230000 	C:\WINDOWS\System32\WS2_32.dll
0x00007ffd44ab0000 - 0x00007ffd44b0e000 	C:\WINDOWS\SYSTEM32\POWRPROF.dll
0x00007ffd3d3c0000 - 0x00007ffd3d3f6000 	C:\WINDOWS\SYSTEM32\WINMM.dll
0x00007ffd2acd0000 - 0x00007ffd2acdb000 	C:\WINDOWS\SYSTEM32\VERSION.dll
0x00007ffd44a90000 - 0x00007ffd44aa4000 	C:\WINDOWS\SYSTEM32\UMPDC.dll
0x00007ffd439e0000 - 0x00007ffd439fb000 	C:\WINDOWS\SYSTEM32\kernel.appcore.dll
0x00007ffce62f0000 - 0x00007ffce62fa000 	C:\Users\ranes\.jdks\jbr-17.0.14\bin\jimage.dll
0x00007ffd42220000 - 0x00007ffd42462000 	C:\WINDOWS\SYSTEM32\DBGHELP.DLL
0x00007ffd476b0000 - 0x00007ffd47a32000 	C:\WINDOWS\System32\combase.dll
0x00007ffd46820000 - 0x00007ffd468f8000 	C:\WINDOWS\System32\OLEAUT32.dll
0x00007ffd08740000 - 0x00007ffd0877b000 	C:\WINDOWS\SYSTEM32\dbgcore.DLL
0x00007ffd45d70000 - 0x00007ffd45e15000 	C:\WINDOWS\System32\bcryptPrimitives.dll
0x00007ffcb61d0000 - 0x00007ffcb61f5000 	C:\Users\ranes\.jdks\jbr-17.0.14\bin\java.dll

dbghelp: loaded successfully - version: 4.0.5 - missing functions: none
symbol engine: initialized successfully - sym options: 0x614 - pdb path: .;C:\Users\ranes\.jdks\jbr-17.0.14\bin;C:\WINDOWS\SYSTEM32;C:\WINDOWS\WinSxS\amd64_microsoft.windows.common-controls_6595b64144ccf1df_6.0.26100.8115_none_3e075c82e3354f9c;C:\Users\ranes\.jdks\jbr-17.0.14\bin\server

VM Arguments:
jvm_args: --add-modules=javafx.controls,javafx.fxml,javafx.web --module-path=C:\Users\ranes\.m2\repository\org\openjfx\javafx-base\17.0.12\javafx-base-17.0.12-win.jar;C:\Users\ranes\.m2\repository\org\openjfx\javafx-base\17.0.12\javafx-base-17.0.12.jar;C:\Users\ranes\.m2\repository\org\openjfx\javafx-controls\17.0.12\javafx-controls-17.0.12-win.jar;C:\Users\ranes\.m2\repository\org\openjfx\javafx-controls\17.0.12\javafx-controls-17.0.12.jar;C:\Users\ranes\.m2\repository\org\openjfx\javafx-fxml\17.0.12\javafx-fxml-17.0.12-win.jar;C:\Users\ranes\.m2\repository\org\openjfx\javafx-fxml\17.0.12\javafx-fxml-17.0.12.jar;C:\Users\ranes\.m2\repository\org\openjfx\javafx-graphics\17.0.12\javafx-graphics-17.0.12-win.jar;C:\Users\ranes\.m2\repository\org\openjfx\javafx-graphics\17.0.12\javafx-graphics-17.0.12.jar;C:\Users\ranes\.m2\repository\org\openjfx\javafx-media\17.0.12\javafx-media-17.0.12-win.jar;C:\Users\ranes\.m2\repository\org\openjfx\javafx-media\17.0.12\javafx-media-17.0.12.jar;C:\Users\ranes\.m2\repository\org\openjfx\javafx-web\17.0.12\javafx-web-17.0.12-win.jar;C:\Users\ranes\.m2\repository\org\openjfx\javafx-web\17.0.12\javafx-web-17.0.12.jar --add-modules=javafx.base,javafx.controls,javafx.fxml,javafx.graphics,javafx.media,javafx.web 
java_command: mains.MainFX
java_class_path (initial): C:\Users\ranes\OneDrive\Desktop\Esports\target\classes;C:\Users\ranes\.m2\repository\com\fasterxml\jackson\core\jackson-annotations\2.17.0\jackson-annotations-2.17.0.jar;C:\Users\ranes\.m2\repository\com\fasterxml\jackson\core\jackson-core\2.17.0\jackson-core-2.17.0.jar;C:\Users\ranes\.m2\repository\com\fasterxml\jackson\core\jackson-databind\2.17.0\jackson-databind-2.17.0.jar;C:\Users\ranes\.m2\repository\com\google\protobuf\protobuf-java\3.21.9\protobuf-java-3.21.9.jar;C:\Users\ranes\.m2\repository\com\mysql\mysql-connector-j\8.0.33\mysql-connector-j-8.0.33.jar;C:\Users\ranes\.m2\repository\javax\activation\activation\1.1\activation-1.1.jar;C:\Users\ranes\.m2\repository\javax\mail\mail\1.4.7\mail-1.4.7.jar;C:\Users\ranes\.m2\repository\net\bytebuddy\byte-buddy\1.14.9\byte-buddy-1.14.9.jar;C:\Users\ranes\.m2\repository\org\mindrot\jbcrypt\0.4\jbcrypt-0.4.jar
Launcher Type: SUN_STANDARD

[Global flags]
     intx CICompilerCount                          = 4                                         {product} {ergonomic}
     uint ConcGCThreads                            = 2                                         {product} {ergonomic}
     uint G1ConcRefinementThreads                  = 8                                         {product} {ergonomic}
   size_t G1HeapRegionSize                         = 1048576                                   {product} {ergonomic}
    uintx GCDrainStackTargetSize                   = 64                                        {product} {ergonomic}
   size_t InitialHeapSize                          = 132120576                                 {product} {ergonomic}
   size_t MarkStackSize                            = 4194304                                   {product} {ergonomic}
   size_t MaxHeapSize                              = 2090860544                                {product} {ergonomic}
   size_t MinHeapDeltaBytes                        = 1048576                                   {product} {ergonomic}
   size_t MinHeapSize                              = 8388608                                   {product} {ergonomic}
    uintx NonNMethodCodeHeapSize                   = 5839372                                {pd product} {ergonomic}
    uintx NonProfiledCodeHeapSize                  = 122909434                              {pd product} {ergonomic}
    uintx ProfiledCodeHeapSize                     = 122909434                              {pd product} {ergonomic}
    uintx ReservedCodeCacheSize                    = 251658240                              {pd product} {ergonomic}
     bool SegmentedCodeCache                       = true                                      {product} {ergonomic}
   size_t SoftMaxHeapSize                          = 2090860544                             {manageable} {ergonomic}
     bool UseCompressedClassPointers               = true                           {product lp64_product} {ergonomic}
     bool UseCompressedOops                        = true                           {product lp64_product} {ergonomic}
     bool UseG1GC                                  = true                                      {product} {ergonomic}
     bool UseLargePagesIndividualAllocation        = false                                  {pd product} {ergonomic}

Logging:
Log output configuration:
 #0: stdout all=warning uptime,level,tags
 #1: stderr all=off uptime,level,tags

Environment Variables:
JAVA_HOME=C:\Users\ranes\.jdks\jbr-17.0.14
PATH=C:\oraclexe\app\oracle\product\11.2.0\server\bin;C:\Program Files (x86)\VMware\VMware Workstation\bin\;C:\Program Files\Common Files\Oracle\Java\javapath;C:\oraclexe\app\oracle\product\11.2.0\server\bin;C:\Windows\system32;C:\Windows;C:\Windows\System32\Wbem;C:\Windows\System32\WindowsPowerShell\v1.0\;C:\Windows\System32\OpenSSH\;C:\Program Files (x86)\NVIDIA Corporation\PhysX\Common;C:\Program Files\NVIDIA Corporation\NVIDIA NvDLISR;C:\instantclient12;C:\oraclexe;C:\oraclexe\app\oracle\admin\XE;C:\Program Files\Git\cmd;C:\Program Files (x86)\CodeBlocks\MinGW;C:\MinGW\bin;C:\Program Files (x86)\CodeBlocks\MinGW\bin;C:\Program Files\Java\jdk-17\bin;C:\Program Files\Java\jdk-17\bin;C:\xampp\php;C:\ProgramData\ComposerSetup\bin;C:\Users\ranes\.jdks\jbr-17.0.14\bin;C:\Program Files (x86)\GnuWin32\bin;C:\WINDOWS\system32;C:\WINDOWS;C:\WINDOWS\System32\Wbem;C:\WINDOWS\System32\WindowsPowerShell\v1.0\;C:\WINDOWS\System32\OpenSSH\;C:\Users\ranes\AppData\Local\Programs\Python\Python312\Scripts\;C:\Users\ranes\AppData\Local\Programs\Python\Python312\;C:\Users\ranes\scoop\shims;C:\Users\ranes\AppData\Local\Microsoft\WindowsApps;C:\Users\ranes\Desktop\Microsoft VS Code\bin;C:\Users\ranes\AppData\Roaming\Composer\vendor\bin;C:\Users\ranes\AppData\Local\Programs\Antigravity\bin;C:\Users\ranes\AppData\Local\Programs\Windsurf\bin
USERNAME=ranes
OS=Windows_NT
PROCESSOR_IDENTIFIER=Intel64 Family 6 Model 140 Stepping 2, GenuineIntel
TMP=C:\Users\ranes\AppData\Local\Temp
TEMP=C:\Users\ranes\AppData\Local\Temp



Periodic native trim disabled

JNI global refs:
JNI global refs: 0, weak refs: 0

JNI global refs memory usage: 0, weak refs: 0

Process memory usage:
Resident Set Size: 51796K (0% of 8166712K total physical memory with 576056K free physical memory)

OOME stack traces (most recent first):
Classloader memory used:


---------------  S Y S T E M  ---------------

OS:
 Windows 11 , 64 bit Build 26100 (10.0.26100.8246)
OS uptime: 0 days 2:09 hours

CPU: total 8 (initial active 8) (4 cores per cpu, 2 threads per core) family 6 model 140 stepping 2 microcode 0x26, cx8, cmov, fxsr, ht, mmx, 3dnowpref, sse, sse2, sse3, ssse3, sse4.1, sse4.2, popcnt, lzcnt, tsc, tscinvbit, avx, avx2, aes, erms, clmul, bmi1, bmi2, adx, avx512f, avx512dq, avx512cd, avx512bw, avx512vl, sha, fma, vzeroupper, avx512_vpopcntdq, avx512_vpclmulqdq, avx512_vaes, avx512_vnni, clflush, clflushopt, clwb, avx512_vbmi2, avx512_vbmi
Processor Information for all 8 processors :
  Max Mhz: 3187, Current Mhz: 3187, Mhz Limit: 3187

Memory: 4k page, system-wide physical 7975M (562M free)
TotalPageFile size 16710M (AvailPageFile size 23M)
current process WorkingSet (physical memory assigned to process): 50M, peak: 50M
current process commit charge ("private bytes"): 98M, peak: 186M

vm_info: OpenJDK 64-Bit Server VM (17.0.14+1-b1367.22) for windows-amd64 JRE (17.0.14+1-b1367.22), built on 2025-01-30 by "builduser" with MS VC++ 16.10 / 16.11 (VS2019)

END.
