#
# There is insufficient memory for the Java Runtime Environment to continue.
# Native memory allocation (malloc) failed to allocate 2080336 bytes. Error detail: Chunk::new
# Possible reasons:
#   The system is out of physical RAM or swap space
#   This process is running with CompressedOops enabled, and the Java Heap may be blocking the growth of the native heap
# Possible solutions:
#   Reduce memory load on the system
#   Increase physical memory or swap space
#   Check if swap backing store is full
#   Decrease Java heap size (-Xmx/-Xms)
#   Decrease number of Java threads
#   Decrease Java thread stack sizes (-Xss)
#   Set larger code cache with -XX:ReservedCodeCacheSize=
#   JVM is running with Unscaled Compressed Oops mode in which the Java heap is
#     placed in the first 4GB address space. The Java Heap base address is the
#     maximum limit for the native heap growth. Please use -XX:HeapBaseMinAddress
#     to set the Java Heap base and to place the Java Heap above 4GB virtual address.
# This output file may be truncated or incomplete.
#
#  Out of Memory Error (arena.cpp:191), pid=16552, tid=7024
#
# JRE version: OpenJDK Runtime Environment JBR-17.0.14+1-1367.22-nomod (17.0.14+1) (build 17.0.14+1-b1367.22)
# Java VM: OpenJDK 64-Bit Server VM JBR-17.0.14+1-1367.22-nomod (17.0.14+1-b1367.22, mixed mode, sharing, tiered, compressed oops, compressed class ptrs, g1 gc, windows-amd64)
# No core dump will be written. Minidumps are not enabled by default on client versions of Windows
#

---------------  S U M M A R Y ------------

Command Line: -Dclassworlds.conf=C:\Program Files\JetBrains\IntelliJ IDEA 2025.2.1\plugins\maven\lib\maven3\bin\m2.conf -Dmaven.home=C:\Program Files\JetBrains\IntelliJ IDEA 2025.2.1\plugins\maven\lib\maven3 -Dlibrary.jansi.path=C:\Program Files\JetBrains\IntelliJ IDEA 2025.2.1\plugins\maven\lib\maven3\lib\jansi-native -Dmaven.multiModuleProjectDirectory=C:\Users\ranes\OneDrive\Desktop\Esports org.codehaus.plexus.classworlds.launcher.Launcher -Didea.version=2025.2.1 -Dmaven.ext.class.path=C:\Program Files\JetBrains\IntelliJ IDEA 2025.2.1\plugins\maven\lib\maven-event-listener.jar -Djansi.passthrough=true -Dstyle.color=always -Dmaven.repo.local=C:\Users\ranes\.m2\repository org.openjfx:javafx-maven-plugin:0.0.8:run -f pom.xml

Host: 11th Gen Intel(R) Core(TM) i5-11320H @ 3.20GHz, 8 cores, 7G,  Windows 11 , 64 bit Build 26100 (10.0.26100.8246)
Time: Sun Apr 19 17:43:58 2026 Afr. centrale Ouest elapsed time: 3.877041 seconds (0d 0h 0m 3s)

---------------  T H R E A D  ---------------

Current thread (0x0000024ac60050c0):  JavaThread "C2 CompilerThread0" daemon [_thread_in_native, id=7024, stack(0x000000c4ef300000,0x000000c4ef400000)]


Current CompileTask:
C2:   3877 4489       4       java.util.stream.SortedOps$SizedRefSortingSink::end (129 bytes)

Stack: [0x000000c4ef300000,0x000000c4ef400000]
Native frames: (J=compiled Java code, j=interpreted, Vv=VM code, C=native code)
V  [jvm.dll+0x68b969]
V  [jvm.dll+0x84572a]
V  [jvm.dll+0x8473ae]
V  [jvm.dll+0x847a13]
V  [jvm.dll+0x24a83f]
V  [jvm.dll+0xaca04]
V  [jvm.dll+0xad04c]
V  [jvm.dll+0x36af67]
V  [jvm.dll+0x3352ca]
V  [jvm.dll+0x33476a]
V  [jvm.dll+0x21c231]
V  [jvm.dll+0x21b671]
V  [jvm.dll+0x1a6acd]
V  [jvm.dll+0x22b58e]
V  [jvm.dll+0x2296d5]
V  [jvm.dll+0x7f9637]
V  [jvm.dll+0x7f3a1c]
V  [jvm.dll+0x68a7c7]
C  [ucrtbase.dll+0x37b0]
C  [KERNEL32.DLL+0x2e8d7]
C  [ntdll.dll+0x8c3fc]


---------------  P R O C E S S  ---------------

Threads class SMR info:
_java_thread_list=0x0000024b0f481a00, length=16, elements={
0x0000024aae8dc260, 0x0000024ac5fe46e0, 0x0000024ac5fe51b0, 0x0000024ac5ffd820,
0x0000024ac5fff300, 0x0000024ac6001be0, 0x0000024ac60024b0, 0x0000024ac60050c0,
0x0000024ac60079e0, 0x0000024ac6018300, 0x0000024ac8c5d5e0, 0x0000024ac8c7e330,
0x0000024ac8d93fd0, 0x0000024b0edf6860, 0x0000024ac8d94520, 0x0000024b0fb2b070
}

Java Threads: ( => current thread )
  0x0000024aae8dc260 JavaThread "main" [_thread_blocked, id=10512, stack(0x000000c4ee600000,0x000000c4ee700000)]
  0x0000024ac5fe46e0 JavaThread "Reference Handler" daemon [_thread_blocked, id=14048, stack(0x000000c4eed00000,0x000000c4eee00000)]
  0x0000024ac5fe51b0 JavaThread "Finalizer" daemon [_thread_blocked, id=19504, stack(0x000000c4eee00000,0x000000c4eef00000)]
  0x0000024ac5ffd820 JavaThread "Signal Dispatcher" daemon [_thread_blocked, id=21952, stack(0x000000c4eef00000,0x000000c4ef000000)]
  0x0000024ac5fff300 JavaThread "Attach Listener" daemon [_thread_blocked, id=3736, stack(0x000000c4ef000000,0x000000c4ef100000)]
  0x0000024ac6001be0 JavaThread "Service Thread" daemon [_thread_blocked, id=19256, stack(0x000000c4ef100000,0x000000c4ef200000)]
  0x0000024ac60024b0 JavaThread "Monitor Deflation Thread" daemon [_thread_blocked, id=5956, stack(0x000000c4ef200000,0x000000c4ef300000)]
=>0x0000024ac60050c0 JavaThread "C2 CompilerThread0" daemon [_thread_in_native, id=7024, stack(0x000000c4ef300000,0x000000c4ef400000)]
  0x0000024ac60079e0 JavaThread "C1 CompilerThread0" daemon [_thread_blocked, id=23520, stack(0x000000c4ef400000,0x000000c4ef500000)]
  0x0000024ac6018300 JavaThread "Sweeper thread" daemon [_thread_blocked, id=23556, stack(0x000000c4ef500000,0x000000c4ef600000)]
  0x0000024ac8c5d5e0 JavaThread "Notification Thread" daemon [_thread_blocked, id=23560, stack(0x000000c4ef600000,0x000000c4ef700000)]
  0x0000024ac8c7e330 JavaThread "Common-Cleaner" daemon [_thread_blocked, id=23568, stack(0x000000c4ef800000,0x000000c4ef900000)]
  0x0000024ac8d93fd0 JavaThread "C2 CompilerThread1" daemon [_thread_blocked, id=23572, stack(0x000000c4ef900000,0x000000c4efa00000)]
  0x0000024b0edf6860 JavaThread "Thread-1" daemon [_thread_blocked, id=23648, stack(0x000000c4f0100000,0x000000c4f0200000)]
  0x0000024ac8d94520 JavaThread "C2 CompilerThread2" daemon [_thread_in_native, id=23696, stack(0x000000c4f0200000,0x000000c4f0300000)]
  0x0000024b0fb2b070 JavaThread "Exec Input Stream Pumper" daemon [_thread_blocked, id=23732, stack(0x000000c4f0500000,0x000000c4f0600000)]

Other Threads:
  0x0000024ac5fdf290 VMThread "VM Thread" [stack: 0x000000c4eec00000,0x000000c4eed00000] [id=18996]
  0x0000024ac8c7dad0 WatcherThread [stack: 0x000000c4ef700000,0x000000c4ef800000] [id=23564]
  0x0000024aae9377e0 GCTaskThread "GC Thread#0" [stack: 0x000000c4ee700000,0x000000c4ee800000] [id=6200]
  0x0000024ac8d1de60 GCTaskThread "GC Thread#1" [stack: 0x000000c4efa00000,0x000000c4efb00000] [id=23584]
  0x0000024b0e47a360 GCTaskThread "GC Thread#2" [stack: 0x000000c4efb00000,0x000000c4efc00000] [id=23588]
  0x0000024b0e7e6520 GCTaskThread "GC Thread#3" [stack: 0x000000c4efc00000,0x000000c4efd00000] [id=23592]
  0x0000024b0e60bdb0 GCTaskThread "GC Thread#4" [stack: 0x000000c4efd00000,0x000000c4efe00000] [id=23596]
  0x0000024b0e81e500 GCTaskThread "GC Thread#5" [stack: 0x000000c4efe00000,0x000000c4eff00000] [id=23600]
  0x0000024b0e81ebd0 GCTaskThread "GC Thread#6" [stack: 0x000000c4eff00000,0x000000c4f0000000] [id=23604]
  0x0000024b0e990ab0 GCTaskThread "GC Thread#7" [stack: 0x000000c4f0000000,0x000000c4f0100000] [id=23636]
  0x0000024aae987b80 ConcurrentGCThread "G1 Main Marker" [stack: 0x000000c4ee800000,0x000000c4ee900000] [id=18740]
  0x0000024aae988c50 ConcurrentGCThread "G1 Conc#0" [stack: 0x000000c4ee900000,0x000000c4eea00000] [id=21320]
  0x0000024ac5e93b20 ConcurrentGCThread "G1 Refine#0" [stack: 0x000000c4eea00000,0x000000c4eeb00000] [id=22660]
  0x0000024ac5e96320 ConcurrentGCThread "G1 Service" [stack: 0x000000c4eeb00000,0x000000c4eec00000] [id=17292]

Threads with active compile tasks:
C2 CompilerThread0     3900 4489       4       java.util.stream.SortedOps$SizedRefSortingSink::end (129 bytes)
C2 CompilerThread2     3900 4504   !   4       com.google.inject.spi.InjectionPoint::getInjectionPoints (491 bytes)

VM state: not at safepoint (normal execution)

VM Mutex/Monitor currently owned by a thread: None

Heap address: 0x0000000083600000, size: 1994 MB, Compressed Oops mode: 32-bit

CDS archive(s) mapped at: [0x0000024ac9000000-0x0000024ac9c00000-0x0000024ac9c00000), size 12582912, SharedBaseAddress: 0x0000024ac9000000, ArchiveRelocationMode: 1.
Compressed class space mapped at: 0x0000024aca000000-0x0000024b0a000000, reserved size: 1073741824
Narrow klass base: 0x0000024ac9000000, Narrow klass shift: 0, Narrow klass range: 0x100000000

GC Precious Log:
 CPUs: 8 total, 8 available
 Memory: 7975M
 Large Page Support: Disabled
 NUMA Support: Disabled
 Compressed Oops: Enabled (32-bit)
 Heap Region Size: 1M
 Heap Min Capacity: 8M
 Heap Initial Capacity: 126M
 Heap Max Capacity: 1994M
 Pre-touch: Disabled
 Parallel Workers: 8
 Concurrent Workers: 2
 Concurrent Refinement Workers: 8
 Periodic GC: Disabled

Heap:
 garbage-first heap   total 129024K, used 58441K [0x0000000083600000, 0x0000000100000000)
  region size 1024K, 55 young (56320K), 7 survivors (7168K)
 Metaspace       used 19815K, committed 20096K, reserved 1114112K
  class space    used 2426K, committed 2560K, reserved 1048576K

Heap Regions: E=young(eden), S=young(survivor), O=old, HS=humongous(starts), HC=humongous(continues), CS=collection set, F=free, OA=open archive, CA=closed archive, TAMS=top-at-mark-start (previous, next)
|   0|0x0000000083600000, 0x0000000083700000, 0x0000000083700000|100%| O|  |TAMS 0x0000000083600000, 0x0000000083600000| Untracked 
|   1|0x0000000083700000, 0x0000000083800000, 0x0000000083800000|100%| O|  |TAMS 0x0000000083700000, 0x0000000083700000| Untracked 
|   2|0x0000000083800000, 0x0000000083900000, 0x0000000083900000|100%| O|  |TAMS 0x0000000083800000, 0x0000000083800000| Untracked 
|   3|0x0000000083900000, 0x0000000083982c00, 0x0000000083a00000| 51%| O|  |TAMS 0x0000000083900000, 0x0000000083900000| Untracked 
|   4|0x0000000083a00000, 0x0000000083a00000, 0x0000000083b00000|  0%| F|  |TAMS 0x0000000083a00000, 0x0000000083a00000| Untracked 
|   5|0x0000000083b00000, 0x0000000083b00000, 0x0000000083c00000|  0%| F|  |TAMS 0x0000000083b00000, 0x0000000083b00000| Untracked 
|   6|0x0000000083c00000, 0x0000000083c00000, 0x0000000083d00000|  0%| F|  |TAMS 0x0000000083c00000, 0x0000000083c00000| Untracked 
|   7|0x0000000083d00000, 0x0000000083d00000, 0x0000000083e00000|  0%| F|  |TAMS 0x0000000083d00000, 0x0000000083d00000| Untracked 
|   8|0x0000000083e00000, 0x0000000083e00000, 0x0000000083f00000|  0%| F|  |TAMS 0x0000000083e00000, 0x0000000083e00000| Untracked 
|   9|0x0000000083f00000, 0x0000000083f00000, 0x0000000084000000|  0%| F|  |TAMS 0x0000000083f00000, 0x0000000083f00000| Untracked 
|  10|0x0000000084000000, 0x0000000084000000, 0x0000000084100000|  0%| F|  |TAMS 0x0000000084000000, 0x0000000084000000| Untracked 
|  11|0x0000000084100000, 0x0000000084100000, 0x0000000084200000|  0%| F|  |TAMS 0x0000000084100000, 0x0000000084100000| Untracked 
|  12|0x0000000084200000, 0x0000000084200000, 0x0000000084300000|  0%| F|  |TAMS 0x0000000084200000, 0x0000000084200000| Untracked 
|  13|0x0000000084300000, 0x0000000084300000, 0x0000000084400000|  0%| F|  |TAMS 0x0000000084300000, 0x0000000084300000| Untracked 
|  14|0x0000000084400000, 0x0000000084400000, 0x0000000084500000|  0%| F|  |TAMS 0x0000000084400000, 0x0000000084400000| Untracked 
|  15|0x0000000084500000, 0x0000000084500000, 0x0000000084600000|  0%| F|  |TAMS 0x0000000084500000, 0x0000000084500000| Untracked 
|  16|0x0000000084600000, 0x0000000084600000, 0x0000000084700000|  0%| F|  |TAMS 0x0000000084600000, 0x0000000084600000| Untracked 
|  17|0x0000000084700000, 0x0000000084700000, 0x0000000084800000|  0%| F|  |TAMS 0x0000000084700000, 0x0000000084700000| Untracked 
|  18|0x0000000084800000, 0x0000000084800000, 0x0000000084900000|  0%| F|  |TAMS 0x0000000084800000, 0x0000000084800000| Untracked 
|  19|0x0000000084900000, 0x0000000084900000, 0x0000000084a00000|  0%| F|  |TAMS 0x0000000084900000, 0x0000000084900000| Untracked 
|  20|0x0000000084a00000, 0x0000000084a00000, 0x0000000084b00000|  0%| F|  |TAMS 0x0000000084a00000, 0x0000000084a00000| Untracked 
|  21|0x0000000084b00000, 0x0000000084b00000, 0x0000000084c00000|  0%| F|  |TAMS 0x0000000084b00000, 0x0000000084b00000| Untracked 
|  22|0x0000000084c00000, 0x0000000084c00000, 0x0000000084d00000|  0%| F|  |TAMS 0x0000000084c00000, 0x0000000084c00000| Untracked 
|  23|0x0000000084d00000, 0x0000000084d00000, 0x0000000084e00000|  0%| F|  |TAMS 0x0000000084d00000, 0x0000000084d00000| Untracked 
|  24|0x0000000084e00000, 0x0000000084e00000, 0x0000000084f00000|  0%| F|  |TAMS 0x0000000084e00000, 0x0000000084e00000| Untracked 
|  25|0x0000000084f00000, 0x0000000084f00000, 0x0000000085000000|  0%| F|  |TAMS 0x0000000084f00000, 0x0000000084f00000| Untracked 
|  26|0x0000000085000000, 0x0000000085000000, 0x0000000085100000|  0%| F|  |TAMS 0x0000000085000000, 0x0000000085000000| Untracked 
|  27|0x0000000085100000, 0x0000000085100000, 0x0000000085200000|  0%| F|  |TAMS 0x0000000085100000, 0x0000000085100000| Untracked 
|  28|0x0000000085200000, 0x0000000085200000, 0x0000000085300000|  0%| F|  |TAMS 0x0000000085200000, 0x0000000085200000| Untracked 
|  29|0x0000000085300000, 0x0000000085300000, 0x0000000085400000|  0%| F|  |TAMS 0x0000000085300000, 0x0000000085300000| Untracked 
|  30|0x0000000085400000, 0x0000000085400000, 0x0000000085500000|  0%| F|  |TAMS 0x0000000085400000, 0x0000000085400000| Untracked 
|  31|0x0000000085500000, 0x0000000085500000, 0x0000000085600000|  0%| F|  |TAMS 0x0000000085500000, 0x0000000085500000| Untracked 
|  32|0x0000000085600000, 0x0000000085600000, 0x0000000085700000|  0%| F|  |TAMS 0x0000000085600000, 0x0000000085600000| Untracked 
|  33|0x0000000085700000, 0x0000000085700000, 0x0000000085800000|  0%| F|  |TAMS 0x0000000085700000, 0x0000000085700000| Untracked 
|  34|0x0000000085800000, 0x0000000085800000, 0x0000000085900000|  0%| F|  |TAMS 0x0000000085800000, 0x0000000085800000| Untracked 
|  35|0x0000000085900000, 0x0000000085900000, 0x0000000085a00000|  0%| F|  |TAMS 0x0000000085900000, 0x0000000085900000| Untracked 
|  36|0x0000000085a00000, 0x0000000085a00000, 0x0000000085b00000|  0%| F|  |TAMS 0x0000000085a00000, 0x0000000085a00000| Untracked 
|  37|0x0000000085b00000, 0x0000000085b00000, 0x0000000085c00000|  0%| F|  |TAMS 0x0000000085b00000, 0x0000000085b00000| Untracked 
|  38|0x0000000085c00000, 0x0000000085c00000, 0x0000000085d00000|  0%| F|  |TAMS 0x0000000085c00000, 0x0000000085c00000| Untracked 
|  39|0x0000000085d00000, 0x0000000085d00000, 0x0000000085e00000|  0%| F|  |TAMS 0x0000000085d00000, 0x0000000085d00000| Untracked 
|  40|0x0000000085e00000, 0x0000000085e00000, 0x0000000085f00000|  0%| F|  |TAMS 0x0000000085e00000, 0x0000000085e00000| Untracked 
|  41|0x0000000085f00000, 0x0000000085f00000, 0x0000000086000000|  0%| F|  |TAMS 0x0000000085f00000, 0x0000000085f00000| Untracked 
|  42|0x0000000086000000, 0x0000000086000000, 0x0000000086100000|  0%| F|  |TAMS 0x0000000086000000, 0x0000000086000000| Untracked 
|  43|0x0000000086100000, 0x0000000086100000, 0x0000000086200000|  0%| F|  |TAMS 0x0000000086100000, 0x0000000086100000| Untracked 
|  44|0x0000000086200000, 0x000000008628fbb0, 0x0000000086300000| 56%| S|CS|TAMS 0x0000000086200000, 0x0000000086200000| Complete 
|  45|0x0000000086300000, 0x0000000086400000, 0x0000000086400000|100%| S|CS|TAMS 0x0000000086300000, 0x0000000086300000| Complete 
|  46|0x0000000086400000, 0x0000000086500000, 0x0000000086500000|100%| S|CS|TAMS 0x0000000086400000, 0x0000000086400000| Complete 
|  47|0x0000000086500000, 0x0000000086600000, 0x0000000086600000|100%| S|CS|TAMS 0x0000000086500000, 0x0000000086500000| Complete 
|  48|0x0000000086600000, 0x0000000086700000, 0x0000000086700000|100%| S|CS|TAMS 0x0000000086600000, 0x0000000086600000| Complete 
|  49|0x0000000086700000, 0x0000000086800000, 0x0000000086800000|100%| S|CS|TAMS 0x0000000086700000, 0x0000000086700000| Complete 
|  50|0x0000000086800000, 0x0000000086900000, 0x0000000086900000|100%| S|CS|TAMS 0x0000000086800000, 0x0000000086800000| Complete 
|  51|0x0000000086900000, 0x0000000086900000, 0x0000000086a00000|  0%| F|  |TAMS 0x0000000086900000, 0x0000000086900000| Untracked 
|  52|0x0000000086a00000, 0x0000000086a00000, 0x0000000086b00000|  0%| F|  |TAMS 0x0000000086a00000, 0x0000000086a00000| Untracked 
|  53|0x0000000086b00000, 0x0000000086b00000, 0x0000000086c00000|  0%| F|  |TAMS 0x0000000086b00000, 0x0000000086b00000| Untracked 
|  54|0x0000000086c00000, 0x0000000086c00000, 0x0000000086d00000|  0%| F|  |TAMS 0x0000000086c00000, 0x0000000086c00000| Untracked 
|  55|0x0000000086d00000, 0x0000000086d00000, 0x0000000086e00000|  0%| F|  |TAMS 0x0000000086d00000, 0x0000000086d00000| Untracked 
|  56|0x0000000086e00000, 0x0000000086e00000, 0x0000000086f00000|  0%| F|  |TAMS 0x0000000086e00000, 0x0000000086e00000| Untracked 
|  57|0x0000000086f00000, 0x0000000086f00000, 0x0000000087000000|  0%| F|  |TAMS 0x0000000086f00000, 0x0000000086f00000| Untracked 
|  58|0x0000000087000000, 0x0000000087000000, 0x0000000087100000|  0%| F|  |TAMS 0x0000000087000000, 0x0000000087000000| Untracked 
|  59|0x0000000087100000, 0x0000000087100000, 0x0000000087200000|  0%| F|  |TAMS 0x0000000087100000, 0x0000000087100000| Untracked 
|  60|0x0000000087200000, 0x0000000087200000, 0x0000000087300000|  0%| F|  |TAMS 0x0000000087200000, 0x0000000087200000| Untracked 
|  61|0x0000000087300000, 0x0000000087300000, 0x0000000087400000|  0%| F|  |TAMS 0x0000000087300000, 0x0000000087300000| Untracked 
|  62|0x0000000087400000, 0x0000000087400000, 0x0000000087500000|  0%| F|  |TAMS 0x0000000087400000, 0x0000000087400000| Untracked 
|  63|0x0000000087500000, 0x0000000087500000, 0x0000000087600000|  0%| F|  |TAMS 0x0000000087500000, 0x0000000087500000| Untracked 
|  64|0x0000000087600000, 0x0000000087600000, 0x0000000087700000|  0%| F|  |TAMS 0x0000000087600000, 0x0000000087600000| Untracked 
|  65|0x0000000087700000, 0x0000000087700000, 0x0000000087800000|  0%| F|  |TAMS 0x0000000087700000, 0x0000000087700000| Untracked 
|  66|0x0000000087800000, 0x0000000087800000, 0x0000000087900000|  0%| F|  |TAMS 0x0000000087800000, 0x0000000087800000| Untracked 
|  67|0x0000000087900000, 0x0000000087900000, 0x0000000087a00000|  0%| F|  |TAMS 0x0000000087900000, 0x0000000087900000| Untracked 
|  68|0x0000000087a00000, 0x0000000087a00000, 0x0000000087b00000|  0%| F|  |TAMS 0x0000000087a00000, 0x0000000087a00000| Untracked 
|  69|0x0000000087b00000, 0x0000000087b00000, 0x0000000087c00000|  0%| F|  |TAMS 0x0000000087b00000, 0x0000000087b00000| Untracked 
|  70|0x0000000087c00000, 0x0000000087c00000, 0x0000000087d00000|  0%| F|  |TAMS 0x0000000087c00000, 0x0000000087c00000| Untracked 
|  71|0x0000000087d00000, 0x0000000087d00000, 0x0000000087e00000|  0%| F|  |TAMS 0x0000000087d00000, 0x0000000087d00000| Untracked 
|  72|0x0000000087e00000, 0x0000000087e00000, 0x0000000087f00000|  0%| F|  |TAMS 0x0000000087e00000, 0x0000000087e00000| Untracked 
|  73|0x0000000087f00000, 0x0000000087f00000, 0x0000000088000000|  0%| F|  |TAMS 0x0000000087f00000, 0x0000000087f00000| Untracked 
|  74|0x0000000088000000, 0x0000000088000000, 0x0000000088100000|  0%| F|  |TAMS 0x0000000088000000, 0x0000000088000000| Untracked 
|  75|0x0000000088100000, 0x0000000088100000, 0x0000000088200000|  0%| F|  |TAMS 0x0000000088100000, 0x0000000088100000| Untracked 
|  76|0x0000000088200000, 0x0000000088200000, 0x0000000088300000|  0%| F|  |TAMS 0x0000000088200000, 0x0000000088200000| Untracked 
|  77|0x0000000088300000, 0x0000000088300000, 0x0000000088400000|  0%| F|  |TAMS 0x0000000088300000, 0x0000000088300000| Untracked 
|  78|0x0000000088400000, 0x0000000088500000, 0x0000000088500000|100%| E|  |TAMS 0x0000000088400000, 0x0000000088400000| Complete 
|  79|0x0000000088500000, 0x0000000088600000, 0x0000000088600000|100%| E|CS|TAMS 0x0000000088500000, 0x0000000088500000| Complete 
|  80|0x0000000088600000, 0x0000000088700000, 0x0000000088700000|100%| E|CS|TAMS 0x0000000088600000, 0x0000000088600000| Complete 
|  81|0x0000000088700000, 0x0000000088800000, 0x0000000088800000|100%| E|CS|TAMS 0x0000000088700000, 0x0000000088700000| Complete 
|  82|0x0000000088800000, 0x0000000088900000, 0x0000000088900000|100%| E|CS|TAMS 0x0000000088800000, 0x0000000088800000| Complete 
|  83|0x0000000088900000, 0x0000000088a00000, 0x0000000088a00000|100%| E|CS|TAMS 0x0000000088900000, 0x0000000088900000| Complete 
|  84|0x0000000088a00000, 0x0000000088b00000, 0x0000000088b00000|100%| E|CS|TAMS 0x0000000088a00000, 0x0000000088a00000| Complete 
|  85|0x0000000088b00000, 0x0000000088c00000, 0x0000000088c00000|100%| E|CS|TAMS 0x0000000088b00000, 0x0000000088b00000| Complete 
|  86|0x0000000088c00000, 0x0000000088d00000, 0x0000000088d00000|100%| E|CS|TAMS 0x0000000088c00000, 0x0000000088c00000| Complete 
|  87|0x0000000088d00000, 0x0000000088e00000, 0x0000000088e00000|100%| E|CS|TAMS 0x0000000088d00000, 0x0000000088d00000| Complete 
|  88|0x0000000088e00000, 0x0000000088f00000, 0x0000000088f00000|100%| E|CS|TAMS 0x0000000088e00000, 0x0000000088e00000| Complete 
|  89|0x0000000088f00000, 0x0000000089000000, 0x0000000089000000|100%| E|CS|TAMS 0x0000000088f00000, 0x0000000088f00000| Complete 
|  90|0x0000000089000000, 0x0000000089100000, 0x0000000089100000|100%| E|CS|TAMS 0x0000000089000000, 0x0000000089000000| Complete 
|  91|0x0000000089100000, 0x0000000089200000, 0x0000000089200000|100%| E|CS|TAMS 0x0000000089100000, 0x0000000089100000| Complete 
|  92|0x0000000089200000, 0x0000000089300000, 0x0000000089300000|100%| E|CS|TAMS 0x0000000089200000, 0x0000000089200000| Complete 
|  93|0x0000000089300000, 0x0000000089400000, 0x0000000089400000|100%| E|CS|TAMS 0x0000000089300000, 0x0000000089300000| Complete 
|  94|0x0000000089400000, 0x0000000089500000, 0x0000000089500000|100%| E|CS|TAMS 0x0000000089400000, 0x0000000089400000| Complete 
|  95|0x0000000089500000, 0x0000000089600000, 0x0000000089600000|100%| E|CS|TAMS 0x0000000089500000, 0x0000000089500000| Complete 
|  96|0x0000000089600000, 0x0000000089700000, 0x0000000089700000|100%| E|CS|TAMS 0x0000000089600000, 0x0000000089600000| Complete 
|  97|0x0000000089700000, 0x0000000089800000, 0x0000000089800000|100%| E|CS|TAMS 0x0000000089700000, 0x0000000089700000| Complete 
|  98|0x0000000089800000, 0x0000000089900000, 0x0000000089900000|100%| E|CS|TAMS 0x0000000089800000, 0x0000000089800000| Complete 
|  99|0x0000000089900000, 0x0000000089a00000, 0x0000000089a00000|100%| E|CS|TAMS 0x0000000089900000, 0x0000000089900000| Complete 
| 100|0x0000000089a00000, 0x0000000089b00000, 0x0000000089b00000|100%| E|CS|TAMS 0x0000000089a00000, 0x0000000089a00000| Complete 
| 101|0x0000000089b00000, 0x0000000089c00000, 0x0000000089c00000|100%| E|CS|TAMS 0x0000000089b00000, 0x0000000089b00000| Complete 
| 102|0x0000000089c00000, 0x0000000089d00000, 0x0000000089d00000|100%| E|CS|TAMS 0x0000000089c00000, 0x0000000089c00000| Complete 
| 103|0x0000000089d00000, 0x0000000089e00000, 0x0000000089e00000|100%| E|CS|TAMS 0x0000000089d00000, 0x0000000089d00000| Complete 
| 104|0x0000000089e00000, 0x0000000089f00000, 0x0000000089f00000|100%| E|CS|TAMS 0x0000000089e00000, 0x0000000089e00000| Complete 
| 105|0x0000000089f00000, 0x000000008a000000, 0x000000008a000000|100%| E|CS|TAMS 0x0000000089f00000, 0x0000000089f00000| Complete 
| 106|0x000000008a000000, 0x000000008a100000, 0x000000008a100000|100%| E|CS|TAMS 0x000000008a000000, 0x000000008a000000| Complete 
| 107|0x000000008a100000, 0x000000008a200000, 0x000000008a200000|100%| E|CS|TAMS 0x000000008a100000, 0x000000008a100000| Complete 
| 108|0x000000008a200000, 0x000000008a300000, 0x000000008a300000|100%| E|CS|TAMS 0x000000008a200000, 0x000000008a200000| Complete 
| 109|0x000000008a300000, 0x000000008a400000, 0x000000008a400000|100%| E|CS|TAMS 0x000000008a300000, 0x000000008a300000| Complete 
| 110|0x000000008a400000, 0x000000008a500000, 0x000000008a500000|100%| E|CS|TAMS 0x000000008a400000, 0x000000008a400000| Complete 
| 111|0x000000008a500000, 0x000000008a600000, 0x000000008a600000|100%| E|CS|TAMS 0x000000008a500000, 0x000000008a500000| Complete 
| 112|0x000000008a600000, 0x000000008a700000, 0x000000008a700000|100%| E|CS|TAMS 0x000000008a600000, 0x000000008a600000| Complete 
| 113|0x000000008a700000, 0x000000008a800000, 0x000000008a800000|100%| E|CS|TAMS 0x000000008a700000, 0x000000008a700000| Complete 
| 114|0x000000008a800000, 0x000000008a900000, 0x000000008a900000|100%| E|CS|TAMS 0x000000008a800000, 0x000000008a800000| Complete 
| 115|0x000000008a900000, 0x000000008aa00000, 0x000000008aa00000|100%| E|CS|TAMS 0x000000008a900000, 0x000000008a900000| Complete 
| 116|0x000000008aa00000, 0x000000008ab00000, 0x000000008ab00000|100%| E|CS|TAMS 0x000000008aa00000, 0x000000008aa00000| Complete 
| 117|0x000000008ab00000, 0x000000008ac00000, 0x000000008ac00000|100%| E|CS|TAMS 0x000000008ab00000, 0x000000008ab00000| Complete 
| 118|0x000000008ac00000, 0x000000008ad00000, 0x000000008ad00000|100%| E|CS|TAMS 0x000000008ac00000, 0x000000008ac00000| Complete 
| 119|0x000000008ad00000, 0x000000008ae00000, 0x000000008ae00000|100%| E|CS|TAMS 0x000000008ad00000, 0x000000008ad00000| Complete 
| 120|0x000000008ae00000, 0x000000008af00000, 0x000000008af00000|100%| E|CS|TAMS 0x000000008ae00000, 0x000000008ae00000| Complete 
| 121|0x000000008af00000, 0x000000008b000000, 0x000000008b000000|100%| E|CS|TAMS 0x000000008af00000, 0x000000008af00000| Complete 
| 122|0x000000008b000000, 0x000000008b100000, 0x000000008b100000|100%| E|CS|TAMS 0x000000008b000000, 0x000000008b000000| Complete 
| 123|0x000000008b100000, 0x000000008b200000, 0x000000008b200000|100%| E|CS|TAMS 0x000000008b100000, 0x000000008b100000| Complete 
| 124|0x000000008b200000, 0x000000008b300000, 0x000000008b300000|100%| E|CS|TAMS 0x000000008b200000, 0x000000008b200000| Complete 
| 125|0x000000008b300000, 0x000000008b400000, 0x000000008b400000|100%| E|CS|TAMS 0x000000008b300000, 0x000000008b300000| Complete 

Card table byte_map: [0x0000024ac17e0000,0x0000024ac1bd0000] _byte_map_base: 0x0000024ac13c5000

Marking Bits (Prev, Next): (CMBitMap*) 0x0000024aae937d10, (CMBitMap*) 0x0000024aae937d50
 Prev Bits: [0x0000024ac1fc0000, 0x0000024ac3ee8000)
 Next Bits: [0x0000024ac3ef0000, 0x0000024ac5e18000)

Polling page: 0x0000024aac840000

Metaspace:

Usage:
  Non-class:     16.98 MB used.
      Class:      2.37 MB used.
       Both:     19.35 MB used.

Virtual space:
  Non-class space:       64.00 MB reserved,      17.12 MB ( 27%) committed,  1 nodes.
      Class space:        1.00 GB reserved,       2.50 MB ( <1%) committed,  1 nodes.
             Both:        1.06 GB reserved,      19.62 MB (  2%) committed. 

Chunk freelists:
   Non-Class:  14.11 MB
       Class:  13.51 MB
        Both:  27.62 MB

MaxMetaspaceSize: unlimited
CompressedClassSpaceSize: 1.00 GB
Initial GC threshold: 21.00 MB
Current GC threshold: 21.00 MB
CDS: on
MetaspaceReclaimPolicy: balanced
 - commit_granule_bytes: 65536.
 - commit_granule_words: 8192.
 - virtual_space_node_default_size: 8388608.
 - enlarge_chunks_in_place: 1.
 - new_chunks_are_fully_committed: 0.
 - uncommit_free_chunks: 1.
 - use_allocation_guard: 0.
 - handle_deallocations: 1.


Internal statistics:

num_allocs_failed_limit: 0.
num_arena_births: 134.
num_arena_deaths: 0.
num_vsnodes_births: 2.
num_vsnodes_deaths: 0.
num_space_committed: 314.
num_space_uncommitted: 0.
num_chunks_returned_to_freelist: 0.
num_chunks_taken_from_freelist: 860.
num_chunk_merges: 0.
num_chunk_splits: 574.
num_chunks_enlarged: 447.
num_inconsistent_stats: 0.

CodeHeap 'non-profiled nmethods': size=120000Kb used=2402Kb max_used=2402Kb free=117597Kb
 bounds [0x0000024ab9b90000, 0x0000024ab9e00000, 0x0000024ac10c0000]
CodeHeap 'profiled nmethods': size=120000Kb used=9730Kb max_used=9730Kb free=110269Kb
 bounds [0x0000024ab20c0000, 0x0000024ab2a50000, 0x0000024ab95f0000]
CodeHeap 'non-nmethods': size=5760Kb used=1201Kb max_used=1250Kb free=4558Kb
 bounds [0x0000024ab95f0000, 0x0000024ab9860000, 0x0000024ab9b90000]
 total_blobs=5141 nmethods=4657 adapters=396
 compilation: enabled
              stopped_count=0, restarted_count=0
 full_count=0

Compilation events (20 events):
Event: 3.851 Thread 0x0000024ac60079e0 4646       3       java.lang.Character::getType (9 bytes)
Event: 3.851 Thread 0x0000024ac60079e0 nmethod 4646 0x0000024ab2a3e390 code [0x0000024ab2a3e540, 0x0000024ab2a3e738]
Event: 3.851 Thread 0x0000024ac60079e0 4647       3       java.lang.Character::isSpaceChar (5 bytes)
Event: 3.851 Thread 0x0000024ac60079e0 nmethod 4647 0x0000024ab2a3e810 code [0x0000024ab2a3e9e0, 0x0000024ab2a3ecf8]
Event: 3.851 Thread 0x0000024ac60079e0 4648       3       java.lang.Character::isSpaceChar (19 bytes)
Event: 3.851 Thread 0x0000024ac60079e0 nmethod 4648 0x0000024ab2a3ee10 code [0x0000024ab2a3efc0, 0x0000024ab2a3f278]
Event: 3.861 Thread 0x0000024ac60079e0 4650       3       java.lang.invoke.LambdaForm$NamedFunction::methodType (23 bytes)
Event: 3.861 Thread 0x0000024ac60079e0 nmethod 4650 0x0000024ab2a3f390 code [0x0000024ab2a3f540, 0x0000024ab2a3f788]
Event: 3.862 Thread 0x0000024ac60079e0 4651       3       java.lang.invoke.InfoFromMemberName::getName (8 bytes)
Event: 3.862 Thread 0x0000024ac60079e0 nmethod 4651 0x0000024ab2a3f890 code [0x0000024ab2a3fa60, 0x0000024ab2a3fe28]
Event: 3.862 Thread 0x0000024ac60079e0 4652       3       java.lang.invoke.InfoFromMemberName::getMethodType (8 bytes)
Event: 3.862 Thread 0x0000024ac60079e0 nmethod 4652 0x0000024ab2a3ff90 code [0x0000024ab2a40140, 0x0000024ab2a40288]
Event: 3.863 Thread 0x0000024ac60079e0 4654       3       java.lang.invoke.MemberName::<init> (50 bytes)
Event: 3.863 Thread 0x0000024ac60079e0 nmethod 4654 0x0000024ab2a40390 code [0x0000024ab2a40560, 0x0000024ab2a40878]
Event: 3.867 Thread 0x0000024ac8d93fd0 nmethod 4460 0x0000024ab9dda790 code [0x0000024ab9ddaf80, 0x0000024ab9de1be8]
Event: 3.867 Thread 0x0000024ac8d93fd0 4565 %     4       java.util.regex.Matcher::match @ 46 (154 bytes)
Event: 3.870 Thread 0x0000024ac8d93fd0 nmethod 4565% 0x0000024ab9de5e90 code [0x0000024ab9de6020, 0x0000024ab9de62b8]
Event: 3.870 Thread 0x0000024ac8d93fd0 4557       4       java.util.regex.Pattern$Slice::match (79 bytes)
Event: 3.873 Thread 0x0000024ac8d93fd0 nmethod 4557 0x0000024ab9de6490 code [0x0000024ab9de6640, 0x0000024ab9de6a68]
Event: 3.873 Thread 0x0000024ac8d93fd0 4614       4       java.lang.StringLatin1::lastIndexOf (125 bytes)

GC Heap History (6 events):
Event: 0.560 GC heap before
{Heap before GC invocations=0 (full 0):
 garbage-first heap   total 129024K, used 22528K [0x0000000083600000, 0x0000000100000000)
  region size 1024K, 23 young (23552K), 0 survivors (0K)
 Metaspace       used 5677K, committed 5824K, reserved 1114112K
  class space    used 708K, committed 768K, reserved 1048576K
}
Event: 0.564 GC heap after
{Heap after GC invocations=1 (full 0):
 garbage-first heap   total 129024K, used 3654K [0x0000000083600000, 0x0000000100000000)
  region size 1024K, 3 young (3072K), 3 survivors (3072K)
 Metaspace       used 5677K, committed 5824K, reserved 1114112K
  class space    used 708K, committed 768K, reserved 1048576K
}
Event: 1.110 GC heap before
{Heap before GC invocations=1 (full 0):
 garbage-first heap   total 129024K, used 35398K [0x0000000083600000, 0x0000000100000000)
  region size 1024K, 34 young (34816K), 3 survivors (3072K)
 Metaspace       used 9804K, committed 9920K, reserved 1114112K
  class space    used 1232K, committed 1280K, reserved 1048576K
}
Event: 1.114 GC heap after
{Heap after GC invocations=2 (full 0):
 garbage-first heap   total 129024K, used 5316K [0x0000000083600000, 0x0000000100000000)
  region size 1024K, 2 young (2048K), 2 survivors (2048K)
 Metaspace       used 9804K, committed 9920K, reserved 1114112K
  class space    used 1232K, committed 1280K, reserved 1048576K
}
Event: 2.849 GC heap before
{Heap before GC invocations=2 (full 0):
 garbage-first heap   total 129024K, used 80068K [0x0000000083600000, 0x0000000100000000)
  region size 1024K, 75 young (76800K), 2 survivors (2048K)
 Metaspace       used 17990K, committed 18240K, reserved 1114112K
  class space    used 2199K, committed 2304K, reserved 1048576K
}
Event: 2.867 GC heap after
{Heap after GC invocations=3 (full 0):
 garbage-first heap   total 129024K, used 10313K [0x0000000083600000, 0x0000000100000000)
  region size 1024K, 7 young (7168K), 7 survivors (7168K)
 Metaspace       used 17990K, committed 18240K, reserved 1114112K
  class space    used 2199K, committed 2304K, reserved 1048576K
}

Dll operation events (3 events):
Event: 0.006 Loaded shared library C:\Users\ranes\.jdks\jbr-17.0.14\bin\java.dll
Event: 0.024 Loaded shared library C:\Users\ranes\.jdks\jbr-17.0.14\bin\jsvml.dll
Event: 0.145 Loaded shared library C:\Users\ranes\.jdks\jbr-17.0.14\bin\verify.dll

Deoptimization events (20 events):
Event: 3.798 Thread 0x0000024aae8dc260 Uncommon trap: trap_request=0xffffffde fr.pc=0x0000024ab9d82130 relative=0x0000000000000ed0
Event: 3.798 Thread 0x0000024aae8dc260 Uncommon trap: reason=class_check action=maybe_recompile pc=0x0000024ab9d82130 method=java.util.regex.Pattern.curly(Ljava/util/regex/Pattern$Node;I)Ljava/util/regex/Pattern$Node; @ 33 c2
Event: 3.798 Thread 0x0000024aae8dc260 DEOPT PACKING pc=0x0000024ab9d82130 sp=0x000000c4ee6fc720
Event: 3.798 Thread 0x0000024aae8dc260 DEOPT UNPACKING pc=0x0000024ab964a1a3 sp=0x000000c4ee6fc658 mode 2
Event: 3.800 Thread 0x0000024aae8dc260 Uncommon trap: trap_request=0xffffff45 fr.pc=0x0000024ab9d4c69c relative=0x000000000000007c
Event: 3.800 Thread 0x0000024aae8dc260 Uncommon trap: reason=unstable_if action=reinterpret pc=0x0000024ab9d4c69c method=java.util.Spliterator.getExactSizeIfKnown()J @ 9 c2
Event: 3.800 Thread 0x0000024aae8dc260 DEOPT PACKING pc=0x0000024ab9d4c69c sp=0x000000c4ee6fd710
Event: 3.800 Thread 0x0000024aae8dc260 DEOPT UNPACKING pc=0x0000024ab964a1a3 sp=0x000000c4ee6fd6a8 mode 2
Event: 3.811 Thread 0x0000024aae8dc260 Uncommon trap: trap_request=0xffffff45 fr.pc=0x0000024ab9c21358 relative=0x0000000000000058
Event: 3.811 Thread 0x0000024aae8dc260 Uncommon trap: reason=unstable_if action=reinterpret pc=0x0000024ab9c21358 method=jdk.internal.module.ModuleReferenceImpl.hashCode()I @ 6 c2
Event: 3.811 Thread 0x0000024aae8dc260 DEOPT PACKING pc=0x0000024ab9c21358 sp=0x000000c4ee6fd8e0
Event: 3.811 Thread 0x0000024aae8dc260 DEOPT UNPACKING pc=0x0000024ab964a1a3 sp=0x000000c4ee6fd870 mode 2
Event: 3.849 Thread 0x0000024aae8dc260 Uncommon trap: trap_request=0xffffffbe fr.pc=0x0000024ab9c77528 relative=0x0000000000001e48
Event: 3.849 Thread 0x0000024aae8dc260 Uncommon trap: reason=profile_predicate action=maybe_recompile pc=0x0000024ab9c77528 method=java.util.TimSort.binarySort([Ljava/lang/Object;IIILjava/util/Comparator;)V @ 34 c2
Event: 3.849 Thread 0x0000024aae8dc260 DEOPT PACKING pc=0x0000024ab9c77528 sp=0x000000c4ee6fd700
Event: 3.849 Thread 0x0000024aae8dc260 DEOPT UNPACKING pc=0x0000024ab964a1a3 sp=0x000000c4ee6fd6e0 mode 2
Event: 3.867 Thread 0x0000024aae8dc260 Uncommon trap: trap_request=0xffffff45 fr.pc=0x0000024ab9ddd434 relative=0x00000000000024b4
Event: 3.867 Thread 0x0000024aae8dc260 Uncommon trap: reason=unstable_if action=reinterpret pc=0x0000024ab9ddd434 method=jdk.internal.org.objectweb.asm.Frame.execute(IILjdk/internal/org/objectweb/asm/Symbol;Ljdk/internal/org/objectweb/asm/SymbolTable;)V @ 1 c2
Event: 3.867 Thread 0x0000024aae8dc260 DEOPT PACKING pc=0x0000024ab9ddd434 sp=0x000000c4ee6fbba0
Event: 3.867 Thread 0x0000024aae8dc260 DEOPT UNPACKING pc=0x0000024ab964a1a3 sp=0x000000c4ee6fbb58 mode 2

Classes loaded (20 events):
Event: 3.863 Loading class java/lang/ProcessHandle done
Event: 3.863 Loading class java/lang/ProcessHandleImpl done
Event: 3.867 Loading class java/util/concurrent/Executors
Event: 3.867 Loading class java/util/concurrent/Executors done
Event: 3.867 Loading class java/util/concurrent/SynchronousQueue
Event: 3.867 Loading class java/util/concurrent/SynchronousQueue done
Event: 3.868 Loading class java/util/concurrent/SynchronousQueue$TransferStack
Event: 3.869 Loading class java/util/concurrent/SynchronousQueue$Transferer
Event: 3.869 Loading class java/util/concurrent/SynchronousQueue$Transferer done
Event: 3.869 Loading class java/util/concurrent/SynchronousQueue$TransferStack done
Event: 3.869 Loading class java/util/concurrent/SynchronousQueue$TransferStack$SNode
Event: 3.869 Loading class java/util/concurrent/SynchronousQueue$TransferStack$SNode done
Event: 3.869 Loading class java/lang/ProcessImpl$2
Event: 3.869 Loading class java/lang/ProcessImpl$2 done
Event: 3.869 Loading class java/lang/Process$PipeInputStream
Event: 3.869 Loading class java/lang/Process$PipeInputStream done
Event: 3.870 Loading class jdk/internal/event/ProcessStartEvent
Event: 3.870 Loading class jdk/internal/event/ProcessStartEvent done
Event: 3.871 Loading class java/io/PipedOutputStream
Event: 3.871 Loading class java/io/PipedOutputStream done

Classes unloaded (0 events):
No events

Classes redefined (0 events):
No events

Internal exceptions (20 events):
Event: 2.375 Thread 0x0000024aae8dc260 Exception <a 'java/lang/NoSuchMethodError'{0x00000000884f8018}: 'java.lang.Object java.lang.invoke.DirectMethodHandle$Holder.newInvokeSpecial(java.lang.Object, java.lang.Object, java.lang.Object, java.lang.Object, java.lang.Object, java.lang.Object, java.lang.Object)'> (0x00000000884f8018) 
thrown [s\src\hotspot\share\interpreter\linkResolver.cpp, line 771]
Event: 2.375 Thread 0x0000024aae8dc260 Exception <a 'java/lang/NoSuchMethodError'{0x00000000884fc928}: 'java.lang.Object java.lang.invoke.Invokers$Holder.linkToTargetMethod(java.lang.Object, java.lang.Object, java.lang.Object, java.lang.Object, java.lang.Object, java.lang.Object, java.lang.Object)'> (0x00000000884fc928) 
thrown [s\src\hotspot\share\interpreter\linkResolver.cpp, line 771]
Event: 2.540 Thread 0x0000024aae8dc260 Exception <a 'java/lang/NoSuchMethodError'{0x0000000087901700}: 'int java.lang.invoke.DirectMethodHandle$Holder.invokeVirtual(java.lang.Object, java.lang.Object)'> (0x0000000087901700) 
thrown [s\src\hotspot\share\interpreter\linkResolver.cpp, line 771]
Event: 2.562 Thread 0x0000024aae8dc260 Exception <a 'java/lang/NoSuchMethodError'{0x00000000878efac8}: 'int java.lang.invoke.DirectMethodHandle$Holder.invokeStatic(java.lang.Object, java.lang.Object, int)'> (0x00000000878efac8) 
thrown [s\src\hotspot\share\interpreter\linkResolver.cpp, line 771]
Event: 3.762 Thread 0x0000024aae8dc260 Exception <a 'sun/nio/fs/WindowsException'{0x0000000088ae8470}> (0x0000000088ae8470) 
thrown [s\src\hotspot\share\prims\jni.cpp, line 531]
Event: 3.762 Thread 0x0000024aae8dc260 Exception <a 'sun/nio/fs/WindowsException'{0x0000000088ae8c40}> (0x0000000088ae8c40) 
thrown [s\src\hotspot\share\prims\jni.cpp, line 531]
Event: 3.767 Thread 0x0000024aae8dc260 Exception <a 'sun/nio/fs/WindowsException'{0x000000008890b508}> (0x000000008890b508) 
thrown [s\src\hotspot\share\prims\jni.cpp, line 531]
Event: 3.767 Thread 0x0000024aae8dc260 Exception <a 'sun/nio/fs/WindowsException'{0x0000000088910910}> (0x0000000088910910) 
thrown [s\src\hotspot\share\prims\jni.cpp, line 531]
Event: 3.772 Thread 0x0000024aae8dc260 Exception <a 'sun/nio/fs/WindowsException'{0x00000000889146f8}> (0x00000000889146f8) 
thrown [s\src\hotspot\share\prims\jni.cpp, line 531]
Event: 3.773 Thread 0x0000024aae8dc260 Exception <a 'sun/nio/fs/WindowsException'{0x0000000088915fc0}> (0x0000000088915fc0) 
thrown [s\src\hotspot\share\prims\jni.cpp, line 531]
Event: 3.773 Thread 0x0000024aae8dc260 Exception <a 'sun/nio/fs/WindowsException'{0x0000000088917058}> (0x0000000088917058) 
thrown [s\src\hotspot\share\prims\jni.cpp, line 531]
Event: 3.773 Thread 0x0000024aae8dc260 Exception <a 'sun/nio/fs/WindowsException'{0x00000000889184a8}> (0x00000000889184a8) 
thrown [s\src\hotspot\share\prims\jni.cpp, line 531]
Event: 3.773 Thread 0x0000024aae8dc260 Exception <a 'sun/nio/fs/WindowsException'{0x000000008891a960}> (0x000000008891a960) 
thrown [s\src\hotspot\share\prims\jni.cpp, line 531]
Event: 3.773 Thread 0x0000024aae8dc260 Exception <a 'sun/nio/fs/WindowsException'{0x000000008891b5e8}> (0x000000008891b5e8) 
thrown [s\src\hotspot\share\prims\jni.cpp, line 531]
Event: 3.840 Thread 0x0000024aae8dc260 Exception <a 'java/lang/IncompatibleClassChangeError'{0x00000000885c10c0}: Found class java.lang.Object, but interface was expected> (0x00000000885c10c0) 
thrown [s\src\hotspot\share\interpreter\linkResolver.cpp, line 838]
Event: 3.861 Thread 0x0000024aae8dc260 Exception <a 'java/lang/NoSuchMethodError'{0x000000008841bec8}: 'void java.lang.invoke.DirectMethodHandle$Holder.invokeStatic(java.lang.Object, long)'> (0x000000008841bec8) 
thrown [s\src\hotspot\share\interpreter\linkResolver.cpp, line 771]
Event: 3.862 Thread 0x0000024aae8dc260 Exception <a 'java/lang/NoSuchMethodError'{0x0000000088421890}: 'java.lang.Object java.lang.invoke.DirectMethodHandle$Holder.newInvokeSpecial(java.lang.Object, long)'> (0x0000000088421890) 
thrown [s\src\hotspot\share\interpreter\linkResolver.cpp, line 771]
Event: 3.865 Thread 0x0000024aae8dc260 Exception <a 'java/lang/NoSuchMethodError'{0x000000008842ca40}: 'java.lang.Object java.lang.invoke.DirectMethodHandle$Holder.invokeStaticInit(java.lang.Object, java.lang.Object, long, java.lang.Object)'> (0x000000008842ca40) 
thrown [s\src\hotspot\share\interpreter\linkResolver.cpp, line 771]
Event: 3.866 Thread 0x0000024aae8dc260 Exception <a 'java/lang/NoSuchMethodError'{0x0000000088433110}: 'java.lang.Object java.lang.invoke.DirectMethodHandle$Holder.newInvokeSpecial(java.lang.Object, java.lang.Object, long)'> (0x0000000088433110) 
thrown [s\src\hotspot\share\interpreter\linkResolver.cpp, line 771]
Event: 3.867 Thread 0x0000024aae8dc260 Exception <a 'java/lang/NoSuchMethodError'{0x0000000088437400}: 'java.lang.Object java.lang.invoke.Invokers$Holder.linkToTargetMethod(java.lang.Object, long, java.lang.Object)'> (0x0000000088437400) 
thrown [s\src\hotspot\share\interpreter\linkResolver.cpp, line 771]

VM Operations (20 events):
Event: 2.436 Executing VM operation: HandshakeAllThreads
Event: 2.437 Executing VM operation: HandshakeAllThreads done
Event: 2.515 Executing VM operation: ICBufferFull
Event: 2.515 Executing VM operation: ICBufferFull done
Event: 2.749 Executing VM operation: ICBufferFull
Event: 2.749 Executing VM operation: ICBufferFull done
Event: 2.849 Executing VM operation: G1CollectForAllocation
Event: 2.867 Executing VM operation: G1CollectForAllocation done
Event: 3.560 Executing VM operation: ICBufferFull
Event: 3.560 Executing VM operation: ICBufferFull done
Event: 3.672 Executing VM operation: HandshakeAllThreads
Event: 3.672 Executing VM operation: HandshakeAllThreads done
Event: 3.677 Executing VM operation: HandshakeAllThreads
Event: 3.677 Executing VM operation: HandshakeAllThreads done
Event: 3.765 Executing VM operation: HandshakeAllThreads
Event: 3.765 Executing VM operation: HandshakeAllThreads done
Event: 3.771 Executing VM operation: HandshakeAllThreads
Event: 3.771 Executing VM operation: HandshakeAllThreads done
Event: 3.870 Executing VM operation: HandshakeAllThreads
Event: 3.870 Executing VM operation: HandshakeAllThreads done

Memory protections (0 events):
No events

Nmethod flushes (0 events):
No events

Events (20 events):
Event: 0.033 Thread 0x0000024aae8dc260 Thread added: 0x0000024ac6001be0
Event: 0.033 Thread 0x0000024aae8dc260 Thread added: 0x0000024ac60024b0
Event: 0.033 Thread 0x0000024aae8dc260 Thread added: 0x0000024ac60050c0
Event: 0.033 Thread 0x0000024aae8dc260 Thread added: 0x0000024ac60079e0
Event: 0.033 Thread 0x0000024aae8dc260 Thread added: 0x0000024ac6018300
Event: 0.041 Thread 0x0000024aae8dc260 Thread added: 0x0000024ac8c5d5e0
Event: 0.044 Thread 0x0000024aae8dc260 Thread added: 0x0000024ac8c7e330
Event: 0.045 Loaded shared library C:\Users\ranes\.jdks\jbr-17.0.14\bin\net.dll
Event: 0.047 Loaded shared library C:\Users\ranes\.jdks\jbr-17.0.14\bin\nio.dll
Event: 0.049 Loaded shared library C:\Users\ranes\.jdks\jbr-17.0.14\bin\zip.dll
Event: 0.083 Thread 0x0000024ac60079e0 Thread added: 0x0000024ac8d93fd0
Event: 0.135 Thread 0x0000024aae8dc260 Thread added: 0x0000024ac8f0eab0
Event: 0.136 Loaded shared library C:\Users\ranes\.jdks\jbr-17.0.14\bin\jimage.dll
Event: 0.137 Loaded shared library C:\Program Files\JetBrains\IntelliJ IDEA 2025.2.1\plugins\maven\lib\maven3\lib\jansi-native\Windows\x86_64\jansi.dll
Event: 0.140 Thread 0x0000024ac8f0eab0 Thread exited: 0x0000024ac8f0eab0
Event: 1.750 Thread 0x0000024aae8dc260 Thread added: 0x0000024b0edf6860
Event: 3.456 Thread 0x0000024ac60079e0 Thread added: 0x0000024ac8d94520
Event: 3.871 Thread 0x0000024aae8dc260 Thread added: 0x0000024b0fc2d440
Event: 3.871 Thread 0x0000024aae8dc260 Thread added: 0x0000024b114c3fe0
Event: 3.871 Thread 0x0000024aae8dc260 Thread added: 0x0000024b0fb2b070


Dynamic libraries:
0x00007ff703230000 - 0x00007ff70323a000 	C:\Users\ranes\.jdks\jbr-17.0.14\bin\java.exe
0x00007ffd48380000 - 0x00007ffd485e7000 	C:\WINDOWS\SYSTEM32\ntdll.dll
0x00007ffd47da0000 - 0x00007ffd47e69000 	C:\WINDOWS\System32\KERNEL32.DLL
0x00007ffd44c50000 - 0x00007ffd45044000 	C:\WINDOWS\System32\KERNELBASE.dll
0x00007ffd45240000 - 0x00007ffd4538b000 	C:\WINDOWS\System32\ucrtbase.dll
0x00007ffcbbed0000 - 0x00007ffcbbee7000 	C:\Users\ranes\.jdks\jbr-17.0.14\bin\jli.dll
0x00007ffcba960000 - 0x00007ffcba97b000 	C:\Users\ranes\.jdks\jbr-17.0.14\bin\VCRUNTIME140.dll
0x00007ffd46650000 - 0x00007ffd46815000 	C:\WINDOWS\System32\USER32.dll
0x00007ffd45ed0000 - 0x00007ffd45ef7000 	C:\WINDOWS\System32\win32u.dll
0x00007ffd1e4b0000 - 0x00007ffd1e743000 	C:\WINDOWS\WinSxS\amd64_microsoft.windows.common-controls_6595b64144ccf1df_6.0.26100.8115_none_3e075c82e3354f9c\COMCTL32.dll
0x00007ffd46310000 - 0x00007ffd463b9000 	C:\WINDOWS\System32\msvcrt.dll
0x00007ffd48180000 - 0x00007ffd481ab000 	C:\WINDOWS\System32\GDI32.dll
0x00007ffd45050000 - 0x00007ffd4517b000 	C:\WINDOWS\System32\gdi32full.dll
0x00007ffd45e20000 - 0x00007ffd45ec3000 	C:\WINDOWS\System32\msvcp_win.dll
0x00007ffd47a40000 - 0x00007ffd47a72000 	C:\WINDOWS\System32\IMM32.DLL
0x00007ffcfe6a0000 - 0x00007ffcfe6ac000 	C:\Users\ranes\.jdks\jbr-17.0.14\bin\vcruntime140_1.dll
0x00007ffca9db0000 - 0x00007ffca9e3d000 	C:\Users\ranes\.jdks\jbr-17.0.14\bin\msvcp140.dll
0x00007ffc99c40000 - 0x00007ffc9a8ce000 	C:\Users\ranes\.jdks\jbr-17.0.14\bin\server\jvm.dll
0x00007ffd47c20000 - 0x00007ffd47cd6000 	C:\WINDOWS\System32\ADVAPI32.dll
0x00007ffd46980000 - 0x00007ffd46a27000 	C:\WINDOWS\System32\sechost.dll
0x00007ffd47ed0000 - 0x00007ffd47fe8000 	C:\WINDOWS\System32\RPCRT4.dll
0x00007ffd481b0000 - 0x00007ffd48230000 	C:\WINDOWS\System32\WS2_32.dll
0x00007ffd44ab0000 - 0x00007ffd44b0e000 	C:\WINDOWS\SYSTEM32\POWRPROF.dll
0x00007ffd2acd0000 - 0x00007ffd2acdb000 	C:\WINDOWS\SYSTEM32\VERSION.dll
0x00007ffd3d3c0000 - 0x00007ffd3d3f6000 	C:\WINDOWS\SYSTEM32\WINMM.dll
0x00007ffd44a90000 - 0x00007ffd44aa4000 	C:\WINDOWS\SYSTEM32\UMPDC.dll
0x00007ffd439e0000 - 0x00007ffd439fb000 	C:\WINDOWS\SYSTEM32\kernel.appcore.dll
0x00007ffce62f0000 - 0x00007ffce62fa000 	C:\Users\ranes\.jdks\jbr-17.0.14\bin\jimage.dll
0x00007ffd42220000 - 0x00007ffd42462000 	C:\WINDOWS\SYSTEM32\DBGHELP.DLL
0x00007ffd476b0000 - 0x00007ffd47a32000 	C:\WINDOWS\System32\combase.dll
0x00007ffd46820000 - 0x00007ffd468f8000 	C:\WINDOWS\System32\OLEAUT32.dll
0x00007ffd08740000 - 0x00007ffd0877b000 	C:\WINDOWS\SYSTEM32\dbgcore.DLL
0x00007ffd45d70000 - 0x00007ffd45e15000 	C:\WINDOWS\System32\bcryptPrimitives.dll
0x00007ffcb61d0000 - 0x00007ffcb61f5000 	C:\Users\ranes\.jdks\jbr-17.0.14\bin\java.dll
0x00007ffca9cd0000 - 0x00007ffca9da7000 	C:\Users\ranes\.jdks\jbr-17.0.14\bin\jsvml.dll
0x00007ffd46ab0000 - 0x00007ffd47217000 	C:\WINDOWS\System32\SHELL32.dll
0x00007ffd45c00000 - 0x00007ffd45d6a000 	C:\WINDOWS\System32\wintypes.dll
0x00007ffd45390000 - 0x00007ffd45bf8000 	C:\WINDOWS\System32\windows.storage.dll
0x00007ffd48080000 - 0x00007ffd48178000 	C:\WINDOWS\System32\SHCORE.dll
0x00007ffd46a40000 - 0x00007ffd46aa6000 	C:\WINDOWS\System32\shlwapi.dll
0x00007ffd44b70000 - 0x00007ffd44b99000 	C:\WINDOWS\SYSTEM32\profapi.dll
0x00007ffca9cb0000 - 0x00007ffca9cc8000 	C:\Users\ranes\.jdks\jbr-17.0.14\bin\zip.dll
0x00007ffca9c90000 - 0x00007ffca9ca9000 	C:\Users\ranes\.jdks\jbr-17.0.14\bin\net.dll
0x00007ffd3b970000 - 0x00007ffd3ba9d000 	C:\WINDOWS\SYSTEM32\WINHTTP.dll
0x00007ffd43f50000 - 0x00007ffd43fbc000 	C:\WINDOWS\system32\mswsock.dll
0x00007ffca9c70000 - 0x00007ffca9c86000 	C:\Users\ranes\.jdks\jbr-17.0.14\bin\nio.dll
0x00007ffcf9030000 - 0x00007ffcf9054000 	C:\Program Files\JetBrains\IntelliJ IDEA 2025.2.1\plugins\maven\lib\maven3\lib\jansi-native\Windows\x86_64\jansi.dll
0x00007ffd28b60000 - 0x00007ffd28b70000 	C:\Users\ranes\.jdks\jbr-17.0.14\bin\verify.dll

dbghelp: loaded successfully - version: 4.0.5 - missing functions: none
symbol engine: initialized successfully - sym options: 0x614 - pdb path: .;C:\Users\ranes\.jdks\jbr-17.0.14\bin;C:\WINDOWS\SYSTEM32;C:\WINDOWS\WinSxS\amd64_microsoft.windows.common-controls_6595b64144ccf1df_6.0.26100.8115_none_3e075c82e3354f9c;C:\Users\ranes\.jdks\jbr-17.0.14\bin\server;C:\Program Files\JetBrains\IntelliJ IDEA 2025.2.1\plugins\maven\lib\maven3\lib\jansi-native\Windows\x86_64

VM Arguments:
jvm_args: -Dclassworlds.conf=C:\Program Files\JetBrains\IntelliJ IDEA 2025.2.1\plugins\maven\lib\maven3\bin\m2.conf -Dmaven.home=C:\Program Files\JetBrains\IntelliJ IDEA 2025.2.1\plugins\maven\lib\maven3 -Dlibrary.jansi.path=C:\Program Files\JetBrains\IntelliJ IDEA 2025.2.1\plugins\maven\lib\maven3\lib\jansi-native -Dmaven.multiModuleProjectDirectory=C:\Users\ranes\OneDrive\Desktop\Esports 
java_command: org.codehaus.plexus.classworlds.launcher.Launcher -Didea.version=2025.2.1 -Dmaven.ext.class.path=C:\Program Files\JetBrains\IntelliJ IDEA 2025.2.1\plugins\maven\lib\maven-event-listener.jar -Djansi.passthrough=true -Dstyle.color=always -Dmaven.repo.local=C:\Users\ranes\.m2\repository org.openjfx:javafx-maven-plugin:0.0.8:run -f pom.xml
java_class_path (initial): C:\Program Files\JetBrains\IntelliJ IDEA 2025.2.1\plugins\maven\lib\maven3\boot\plexus-classworlds-2.8.0.jar
Launcher Type: SUN_STANDARD

[Global flags]
     intx CICompilerCount                          = 4                                         {product} {ergonomic}
     uint ConcGCThreads                            = 2                                         {product} {ergonomic}
     uint G1ConcRefinementThreads                  = 8                                         {product} {ergonomic}
   size_t G1HeapRegionSize                         = 1048576                                   {product} {ergonomic}
    uintx GCDrainStackTargetSize                   = 64                                        {product} {ergonomic}
   size_t InitialHeapSize                          = 132120576                                 {product} {ergonomic}
   size_t MarkStackSize                            = 4194304                                   {product} {ergonomic}
   size_t MaxHeapSize                              = 2090860544                                {product} {ergonomic}
   size_t MaxNewSize                               = 1254096896                                {product} {ergonomic}
   size_t MinHeapDeltaBytes                        = 1048576                                   {product} {ergonomic}
   size_t MinHeapSize                              = 8388608                                   {product} {ergonomic}
    uintx NonNMethodCodeHeapSize                   = 5839372                                {pd product} {ergonomic}
    uintx NonProfiledCodeHeapSize                  = 122909434                              {pd product} {ergonomic}
    uintx ProfiledCodeHeapSize                     = 122909434                              {pd product} {ergonomic}
    uintx ReservedCodeCacheSize                    = 251658240                              {pd product} {ergonomic}
     bool SegmentedCodeCache                       = true                                      {product} {ergonomic}
   size_t SoftMaxHeapSize                          = 2090860544                             {manageable} {ergonomic}
     bool UseCompressedClassPointers               = true                           {product lp64_product} {ergonomic}
     bool UseCompressedOops                        = true                           {product lp64_product} {ergonomic}
     bool UseG1GC                                  = true                                      {product} {ergonomic}
     bool UseLargePagesIndividualAllocation        = false                                  {pd product} {ergonomic}

Logging:
Log output configuration:
 #0: stdout all=warning uptime,level,tags
 #1: stderr all=off uptime,level,tags

Environment Variables:
JAVA_HOME=C:\Users\ranes\.jdks\jbr-17.0.14
PATH=C:\oraclexe\app\oracle\product\11.2.0\server\bin;C:\Program Files (x86)\VMware\VMware Workstation\bin\;C:\Program Files\Common Files\Oracle\Java\javapath;C:\oraclexe\app\oracle\product\11.2.0\server\bin;C:\Windows\system32;C:\Windows;C:\Windows\System32\Wbem;C:\Windows\System32\WindowsPowerShell\v1.0\;C:\Windows\System32\OpenSSH\;C:\Program Files (x86)\NVIDIA Corporation\PhysX\Common;C:\Program Files\NVIDIA Corporation\NVIDIA NvDLISR;C:\instantclient12;C:\oraclexe;C:\oraclexe\app\oracle\admin\XE;C:\Program Files\Git\cmd;C:\Program Files (x86)\CodeBlocks\MinGW;C:\MinGW\bin;C:\Program Files (x86)\CodeBlocks\MinGW\bin;C:\Program Files\Java\jdk-17\bin;C:\Program Files\Java\jdk-17\bin;C:\xampp\php;C:\ProgramData\ComposerSetup\bin;C:\Users\ranes\.jdks\jbr-17.0.14\bin;C:\Program Files (x86)\GnuWin32\bin;C:\WINDOWS\system32;C:\WINDOWS;C:\WINDOWS\System32\Wbem;C:\WINDOWS\System32\WindowsPowerShell\v1.0\;C:\WINDOWS\System32\OpenSSH\;C:\Users\ranes\AppData\Local\Programs\Python\Python312\Scripts\;C:\Users\ranes\AppData\Local\Programs\Python\Python312\;C:\Users\ranes\scoop\shims;C:\Users\ranes\AppData\Local\Microsoft\WindowsApps;C:\Users\ranes\Desktop\Microsoft VS Code\bin;C:\Users\ranes\AppData\Roaming\Composer\vendor\bin;C:\Users\ranes\AppData\Local\Programs\Antigravity\bin;C:\Users\ranes\AppData\Local\Programs\Windsurf\bin
USERNAME=ranes
OS=Windows_NT
PROCESSOR_IDENTIFIER=Intel64 Family 6 Model 140 Stepping 2, GenuineIntel
TMP=C:\Users\ranes\AppData\Local\Temp
TEMP=C:\Users\ranes\AppData\Local\Temp



Periodic native trim disabled

JNI global refs:
JNI global refs: 9, weak refs: 0

JNI global refs memory usage: 843, weak refs: 209

Process memory usage:
Resident Set Size: 209668K (2% of 8166712K total physical memory with 736416K free physical memory)

OOME stack traces (most recent first):
Classloader memory used:
Loader org.codehaus.plexus.classworlds.realm.ClassRealm                                : 1830K
Loader bootstrap                                                                       : 593K
Loader jdk.internal.loader.ClassLoaders$AppClassLoader                                 : 28478B
Loader org.eclipse.sisu.space.CloningClassSpace$CloningClassLoader                     : 10429B
Loader jdk.internal.loader.ClassLoaders$PlatformClassLoader                            : 8660B
Loader jdk.internal.reflect.DelegatingClassLoader                                      : 5782B

Classes loaded by more than one classloader:
Class org.codehaus.plexus.util.MatchPatterns                                          : loaded 3 times (x 73B)
Class org.sonatype.plexus.components.sec.dispatcher.DefaultSecDispatcher              : loaded 2 times (x 81B)
Class org.codehaus.plexus.util.DirectoryScanner                                       : loaded 2 times (x 113B)
Class org.codehaus.plexus.interpolation.BasicInterpolator                             : loaded 2 times (x 68B)
Class org.codehaus.plexus.languages.java.jpms.ResolvePathResult                       : loaded 2 times (x 74B)
Class org.codehaus.plexus.languages.java.jpms.LocationManager                         : loaded 2 times (x 72B)
Class org.codehaus.plexus.util.Scanner                                                : loaded 2 times (x 68B)
Class org.sonatype.plexus.components.cipher.PlexusCipherException                     : loaded 2 times (x 80B)
Class [Lorg.codehaus.plexus.util.MatchPattern;                                        : loaded 2 times (x 67B)
Class org.codehaus.plexus.interpolation.ValueSource                                   : loaded 2 times (x 68B)
Class org.codehaus.plexus.util.AbstractScanner                                        : loaded 2 times (x 98B)
Class org.codehaus.plexus.util.MatchPattern                                           : loaded 2 times (x 76B)
Class org.codehaus.plexus.languages.java.jpms.ResolvePathsRequest                     : loaded 2 times (x 80B)
Class org.codehaus.plexus.languages.java.jpms.JavaModuleDescriptor                    : loaded 2 times (x 76B)
Class org.codehaus.plexus.interpolation.RecursionInterceptor                          : loaded 2 times (x 68B)
Class org.apache.maven.shared.utils.logging.MessageBuilder                            : loaded 2 times (x 68B)
Class org.codehaus.plexus.languages.java.jpms.SourceModuleInfoParser                  : loaded 2 times (x 70B)
Class org.sonatype.plexus.components.sec.dispatcher.model.SettingsSecurity            : loaded 2 times (x 80B)
Class org.sonatype.plexus.components.cipher.PlexusCipher                              : loaded 2 times (x 68B)
Class org.sonatype.plexus.components.sec.dispatcher.SecDispatcher                     : loaded 2 times (x 68B)
Class org.codehaus.plexus.interpolation.PropertiesBasedValueSource                    : loaded 2 times (x 80B)
Class org.codehaus.plexus.interpolation.AbstractValueSource                           : loaded 2 times (x 80B)
Class org.sonatype.plexus.components.sec.dispatcher.SecDispatcherException            : loaded 2 times (x 80B)
Class org.sonatype.plexus.components.cipher.DefaultPlexusCipher                       : loaded 2 times (x 91B)
Class org.codehaus.plexus.util.Os                                                     : loaded 2 times (x 75B)
Class org.codehaus.plexus.languages.java.jpms.ModuleInfoParser                        : loaded 2 times (x 68B)
Class org.codehaus.plexus.util.SelectorUtils                                          : loaded 2 times (x 69B)
Class org.codehaus.plexus.util.StringUtils                                            : loaded 2 times (x 69B)
Class org.codehaus.plexus.languages.java.jpms.ManifestModuleNameExtractor             : loaded 2 times (x 73B)
Class org.codehaus.plexus.languages.java.jpms.ResolvePathRequest                      : loaded 2 times (x 74B)
Class org.codehaus.plexus.languages.java.jpms.ResolvePathsResult                      : loaded 2 times (x 80B)
Class org.codehaus.plexus.util.cli.CommandLineException                               : loaded 2 times (x 80B)
Class org.sonatype.plexus.components.cipher.PBECipher                                 : loaded 2 times (x 72B)
Class org.codehaus.plexus.interpolation.Interpolator                                  : loaded 2 times (x 68B)
Class org.codehaus.plexus.languages.java.jpms.ModuleNameExtractor                     : loaded 2 times (x 68B)


---------------  S Y S T E M  ---------------

OS:
 Windows 11 , 64 bit Build 26100 (10.0.26100.8246)
OS uptime: 0 days 2:10 hours

CPU: total 8 (initial active 8) (4 cores per cpu, 2 threads per core) family 6 model 140 stepping 2 microcode 0x26, cx8, cmov, fxsr, ht, mmx, 3dnowpref, sse, sse2, sse3, ssse3, sse4.1, sse4.2, popcnt, lzcnt, tsc, tscinvbit, avx, avx2, aes, erms, clmul, bmi1, bmi2, adx, avx512f, avx512dq, avx512cd, avx512bw, avx512vl, sha, fma, vzeroupper, avx512_vpopcntdq, avx512_vpclmulqdq, avx512_vaes, avx512_vnni, clflush, clflushopt, clwb, avx512_vbmi2, avx512_vbmi
Processor Information for all 8 processors :
  Max Mhz: 3187, Current Mhz: 3187, Mhz Limit: 3187

Memory: 4k page, system-wide physical 7975M (719M free)
TotalPageFile size 16710M (AvailPageFile size 7M)
current process WorkingSet (physical memory assigned to process): 204M, peak: 207M
current process commit charge ("private bytes"): 286M, peak: 289M

vm_info: OpenJDK 64-Bit Server VM (17.0.14+1-b1367.22) for windows-amd64 JRE (17.0.14+1-b1367.22), built on 2025-01-30 by "builduser" with MS VC++ 16.10 / 16.11 (VS2019)

END.
