#
# There is insufficient memory for the Java Runtime Environment to continue.
# Native memory allocation (malloc) failed to allocate 138000 bytes. Error detail: Chunk::new
# Possible reasons:
#   The system is out of physical RAM or swap space
#   This process is running with CompressedOops enabled, and the Java Heap may be blocking the growth of the native heap
# Possible solutions:
#   Reduce memory load on the system
#   Increase physical memory or swap space
#   Check if swap backing store is full
#   Decrease Java heap size (-Xmx/-Xms)
#   Decrease number of Java threads
#   Decrease Java thread stack sizes (-Xss)
#   Set larger code cache with -XX:ReservedCodeCacheSize=
#   JVM is running with Unscaled Compressed Oops mode in which the Java heap is
#     placed in the first 4GB address space. The Java Heap base address is the
#     maximum limit for the native heap growth. Please use -XX:HeapBaseMinAddress
#     to set the Java Heap base and to place the Java Heap above 4GB virtual address.
# This output file may be truncated or incomplete.
#
#  Out of Memory Error (arena.cpp:191), pid=13624, tid=16780
#
# JRE version: OpenJDK Runtime Environment JBR-17.0.14+1-1367.22-nomod (17.0.14+1) (build 17.0.14+1-b1367.22)
# Java VM: OpenJDK 64-Bit Server VM JBR-17.0.14+1-1367.22-nomod (17.0.14+1-b1367.22, mixed mode, sharing, tiered, compressed oops, compressed class ptrs, g1 gc, windows-amd64)
# No core dump will be written. Minidumps are not enabled by default on client versions of Windows
#

---------------  S U M M A R Y ------------

Command Line: --add-modules=javafx.controls,javafx.fxml,javafx.web --module-path=C:\Users\ranes\.m2\repository\org\openjfx\javafx-base\17.0.12\javafx-base-17.0.12-win.jar;C:\Users\ranes\.m2\repository\org\openjfx\javafx-base\17.0.12\javafx-base-17.0.12.jar;C:\Users\ranes\.m2\repository\org\openjfx\javafx-controls\17.0.12\javafx-controls-17.0.12-win.jar;C:\Users\ranes\.m2\repository\org\openjfx\javafx-controls\17.0.12\javafx-controls-17.0.12.jar;C:\Users\ranes\.m2\repository\org\openjfx\javafx-fxml\17.0.12\javafx-fxml-17.0.12-win.jar;C:\Users\ranes\.m2\repository\org\openjfx\javafx-fxml\17.0.12\javafx-fxml-17.0.12.jar;C:\Users\ranes\.m2\repository\org\openjfx\javafx-graphics\17.0.12\javafx-graphics-17.0.12-win.jar;C:\Users\ranes\.m2\repository\org\openjfx\javafx-graphics\17.0.12\javafx-graphics-17.0.12.jar;C:\Users\ranes\.m2\repository\org\openjfx\javafx-media\17.0.12\javafx-media-17.0.12-win.jar;C:\Users\ranes\.m2\repository\org\openjfx\javafx-media\17.0.12\javafx-media-17.0.12.jar;C:\Users\ranes\.m2\repository\org\openjfx\javafx-web\17.0.12\javafx-web-17.0.12-win.jar;C:\Users\ranes\.m2\repository\org\openjfx\javafx-web\17.0.12\javafx-web-17.0.12.jar --add-modules=javafx.base,javafx.controls,javafx.fxml,javafx.graphics,javafx.media,javafx.web mains.MainFX

Host: 11th Gen Intel(R) Core(TM) i5-11320H @ 3.20GHz, 8 cores, 7G,  Windows 11 , 64 bit Build 26100 (10.0.26100.8246)
Time: Sun Apr 19 17:57:35 2026 Afr. centrale Ouest elapsed time: 64.620665 seconds (0d 0h 1m 4s)

---------------  T H R E A D  ---------------

Current thread (0x000001ec18cafa50):  JavaThread "C2 CompilerThread0" daemon [_thread_in_native, id=16780, stack(0x00000062fa300000,0x00000062fa400000)]


Current CompileTask:
C2:  64621 6467       4       com.sun.javafx.sg.prism.NGRegion::renderBackgroundRectangle (1165 bytes)

Stack: [0x00000062fa300000,0x00000062fa400000]
Native frames: (J=compiled Java code, j=interpreted, Vv=VM code, C=native code)
V  [jvm.dll+0x68b969]
V  [jvm.dll+0x84572a]
V  [jvm.dll+0x8473ae]
V  [jvm.dll+0x847a13]
V  [jvm.dll+0x24a83f]
V  [jvm.dll+0xaca04]
V  [jvm.dll+0xad04c]
V  [jvm.dll+0x36af67]
V  [jvm.dll+0x1be236]
V  [jvm.dll+0x21c389]
V  [jvm.dll+0x21b671]
V  [jvm.dll+0x1a6acd]
V  [jvm.dll+0x22b58e]
V  [jvm.dll+0x2296d5]
V  [jvm.dll+0x7f9637]
V  [jvm.dll+0x7f3a1c]
V  [jvm.dll+0x68a7c7]
C  [ucrtbase.dll+0x37b0]
C  [KERNEL32.DLL+0x2e8d7]
C  [ntdll.dll+0x8c3fc]


---------------  P R O C E S S  ---------------

Threads class SMR info:
_java_thread_list=0x000001ec65298140, length=25, elements={
0x000001ec7ccbb9f0, 0x000001ec18c83e60, 0x000001ec18c85590, 0x000001ec18ca11e0,
0x000001ec18ca1ba0, 0x000001ec18ca40e0, 0x000001ec18ca5610, 0x000001ec18cafa50,
0x000001ec18cbc670, 0x000001ec18cb93b0, 0x000001ec18c6f210, 0x000001ec5e48f1b0,
0x000001ec5e9637c0, 0x000001ec5eab9fa0, 0x000001ec5eab8640, 0x000001ec63b14400,
0x000001ec63b690f0, 0x000001ec63e81b50, 0x000001ec6471b030, 0x000001ec64570180,
0x000001ec64570690, 0x000001ec645710b0, 0x000001ec64572f10, 0x000001ec645715c0,
0x000001ec64571ad0
}

Java Threads: ( => current thread )
  0x000001ec7ccbb9f0 JavaThread "main" [_thread_blocked, id=16456, stack(0x00000062f9600000,0x00000062f9700000)]
  0x000001ec18c83e60 JavaThread "Reference Handler" daemon [_thread_blocked, id=24312, stack(0x00000062f9d00000,0x00000062f9e00000)]
  0x000001ec18c85590 JavaThread "Finalizer" daemon [_thread_blocked, id=5680, stack(0x00000062f9e00000,0x00000062f9f00000)]
  0x000001ec18ca11e0 JavaThread "Signal Dispatcher" daemon [_thread_blocked, id=10772, stack(0x00000062f9f00000,0x00000062fa000000)]
  0x000001ec18ca1ba0 JavaThread "Attach Listener" daemon [_thread_blocked, id=6692, stack(0x00000062fa000000,0x00000062fa100000)]
  0x000001ec18ca40e0 JavaThread "Service Thread" daemon [_thread_blocked, id=20272, stack(0x00000062fa100000,0x00000062fa200000)]
  0x000001ec18ca5610 JavaThread "Monitor Deflation Thread" daemon [_thread_blocked, id=14000, stack(0x00000062fa200000,0x00000062fa300000)]
=>0x000001ec18cafa50 JavaThread "C2 CompilerThread0" daemon [_thread_in_native, id=16780, stack(0x00000062fa300000,0x00000062fa400000)]
  0x000001ec18cbc670 JavaThread "C1 CompilerThread0" daemon [_thread_blocked, id=1252, stack(0x00000062fa400000,0x00000062fa500000)]
  0x000001ec18cb93b0 JavaThread "Sweeper thread" daemon [_thread_blocked, id=23496, stack(0x00000062fa500000,0x00000062fa600000)]
  0x000001ec18c6f210 JavaThread "Common-Cleaner" daemon [_thread_blocked, id=17864, stack(0x00000062fa600000,0x00000062fa700000)]
  0x000001ec5e48f1b0 JavaThread "Notification Thread" daemon [_thread_blocked, id=9436, stack(0x00000062fa900000,0x00000062faa00000)]
  0x000001ec5e9637c0 JavaThread "QuantumRenderer-0" daemon [_thread_blocked, id=7180, stack(0x00000062fab00000,0x00000062fac00000)]
  0x000001ec5eab9fa0 JavaThread "InvokeLaterDispatcher" daemon [_thread_blocked, id=1468, stack(0x00000062fa800000,0x00000062fa900000)]
  0x000001ec5eab8640 JavaThread "JavaFX Application Thread" [_thread_in_native, id=24040, stack(0x00000062fac00000,0x00000062fad00000)]
  0x000001ec63b14400 JavaThread "JavaFX-Launcher" [_thread_blocked, id=19272, stack(0x00000062fb000000,0x00000062fb100000)]
  0x000001ec63b690f0 JavaThread "Thread-2" daemon [_thread_in_native, id=14544, stack(0x00000062fa700000,0x00000062fa800000)]
  0x000001ec63e81b50 JavaThread "Prism Font Disposer" daemon [_thread_blocked, id=13900, stack(0x00000062fbe00000,0x00000062fbf00000)]
  0x000001ec6471b030 JavaThread "Cleaner-0" daemon [_thread_blocked, id=24120, stack(0x00000062fbd00000,0x00000062fbe00000)]
  0x000001ec64570180 JavaThread "Java2D Disposer" daemon [_thread_blocked, id=6404, stack(0x00000062fc100000,0x00000062fc200000)]
  0x000001ec64570690 JavaThread "AWT-Windows" daemon [_thread_in_native, id=2548, stack(0x00000062fc300000,0x00000062fc400000)]
  0x000001ec645710b0 JavaThread "CompletableFutureDelayScheduler" daemon [_thread_blocked, id=24544, stack(0x00000062fc400000,0x00000062fc500000)]
  0x000001ec64572f10 JavaThread "ForkJoinPool.commonPool-worker-1" daemon [_thread_blocked, id=13636, stack(0x00000062fc200000,0x00000062fc300000)]
  0x000001ec645715c0 JavaThread "ForkJoinPool.commonPool-worker-2" daemon [_thread_blocked, id=14952, stack(0x00000062fc600000,0x00000062fc700000)]
  0x000001ec64571ad0 JavaThread "mysql-cj-abandoned-connection-cleanup" daemon [_thread_blocked, id=24536, stack(0x00000062fbf00000,0x00000062fc000000)]

Other Threads:
  0x000001ec18c7fdc0 VMThread "VM Thread" [stack: 0x00000062f9c00000,0x00000062f9d00000] [id=14832]
  0x000001ec7ccbc480 WatcherThread [stack: 0x00000062faa00000,0x00000062fab00000] [id=4840]
  0x000001ec7cd18ee0 GCTaskThread "GC Thread#0" [stack: 0x00000062f9700000,0x00000062f9800000] [id=4036]
  0x000001ec63bcc9b0 GCTaskThread "GC Thread#1" [stack: 0x00000062fb100000,0x00000062fb200000] [id=23840]
  0x000001ec5eab3ea0 GCTaskThread "GC Thread#2" [stack: 0x00000062fb200000,0x00000062fb300000] [id=22816]
  0x000001ec5eab4160 GCTaskThread "GC Thread#3" [stack: 0x00000062fb300000,0x00000062fb400000] [id=24516]
  0x000001ec63b9fc80 GCTaskThread "GC Thread#4" [stack: 0x00000062fb400000,0x00000062fb500000] [id=8872]
  0x000001ec63be6de0 GCTaskThread "GC Thread#5" [stack: 0x00000062fb500000,0x00000062fb600000] [id=22856]
  0x000001ec63be7ba0 GCTaskThread "GC Thread#6" [stack: 0x00000062fb700000,0x00000062fb800000] [id=10684]
  0x000001ec63be70a0 GCTaskThread "GC Thread#7" [stack: 0x00000062fb800000,0x00000062fb900000] [id=24176]
  0x000001ec7cd29770 ConcurrentGCThread "G1 Main Marker" [stack: 0x00000062f9800000,0x00000062f9900000] [id=17564]
  0x000001ec7cd2ae60 ConcurrentGCThread "G1 Conc#0" [stack: 0x00000062f9900000,0x00000062f9a00000] [id=23972]
  0x000001ec63be7620 ConcurrentGCThread "G1 Conc#1" [stack: 0x00000062fb900000,0x00000062fba00000] [id=3536]
  0x000001ec7cd6dbd0 ConcurrentGCThread "G1 Refine#0" [stack: 0x00000062f9a00000,0x00000062f9b00000] [id=14048]
  0x000001ec644a6f70 ConcurrentGCThread "G1 Refine#1" [stack: 0x00000062fb600000,0x00000062fb700000] [id=24192]
  0x000001ec7cd6e4a0 ConcurrentGCThread "G1 Service" [stack: 0x00000062f9b00000,0x00000062f9c00000] [id=12284]

Threads with active compile tasks:
C2 CompilerThread0    64652 6467       4       com.sun.javafx.sg.prism.NGRegion::renderBackgroundRectangle (1165 bytes)

VM state: not at safepoint (normal execution)

VM Mutex/Monitor currently owned by a thread: None

Heap address: 0x0000000083600000, size: 1994 MB, Compressed Oops mode: 32-bit

CDS archive(s) mapped at: [0x000001ec19000000-0x000001ec19c00000-0x000001ec19c00000), size 12582912, SharedBaseAddress: 0x000001ec19000000, ArchiveRelocationMode: 1.
Compressed class space mapped at: 0x000001ec1a000000-0x000001ec5a000000, reserved size: 1073741824
Narrow klass base: 0x000001ec19000000, Narrow klass shift: 0, Narrow klass range: 0x100000000

GC Precious Log:
 CPUs: 8 total, 8 available
 Memory: 7975M
 Large Page Support: Disabled
 NUMA Support: Disabled
 Compressed Oops: Enabled (32-bit)
 Heap Region Size: 1M
 Heap Min Capacity: 8M
 Heap Initial Capacity: 126M
 Heap Max Capacity: 1994M
 Pre-touch: Disabled
 Parallel Workers: 8
 Concurrent Workers: 2
 Concurrent Refinement Workers: 8
 Periodic GC: Disabled

Heap:
 garbage-first heap   total 286720K, used 172996K [0x0000000083600000, 0x0000000100000000)
  region size 1024K, 11 young (11264K), 2 survivors (2048K)
 Metaspace       used 37407K, committed 37696K, reserved 1114112K
  class space    used 4871K, committed 4992K, reserved 1048576K

Heap Regions: E=young(eden), S=young(survivor), O=old, HS=humongous(starts), HC=humongous(continues), CS=collection set, F=free, OA=open archive, CA=closed archive, TAMS=top-at-mark-start (previous, next)
|   0|0x0000000083600000, 0x0000000083700000, 0x0000000083700000|100%| O|  |TAMS 0x0000000083700000, 0x0000000083600000| Untracked 
|   1|0x0000000083700000, 0x0000000083800000, 0x0000000083800000|100%| O|  |TAMS 0x0000000083800000, 0x0000000083700000| Untracked 
|   2|0x0000000083800000, 0x0000000083900000, 0x0000000083900000|100%| O|  |TAMS 0x0000000083900000, 0x0000000083800000| Untracked 
|   3|0x0000000083900000, 0x0000000083a00000, 0x0000000083a00000|100%| O|  |TAMS 0x0000000083a00000, 0x0000000083900000| Untracked 
|   4|0x0000000083a00000, 0x0000000083a00000, 0x0000000083b00000|  0%| F|  |TAMS 0x0000000083a00000, 0x0000000083a00000| Untracked 
|   5|0x0000000083b00000, 0x0000000083b00000, 0x0000000083c00000|  0%| F|  |TAMS 0x0000000083b00000, 0x0000000083b00000| Untracked 
|   6|0x0000000083c00000, 0x0000000083c00000, 0x0000000083d00000|  0%| F|  |TAMS 0x0000000083c00000, 0x0000000083c00000| Untracked 
|   7|0x0000000083d00000, 0x0000000083d00000, 0x0000000083e00000|  0%| F|  |TAMS 0x0000000083d00000, 0x0000000083d00000| Untracked 
|   8|0x0000000083e00000, 0x0000000083e00000, 0x0000000083f00000|  0%| F|  |TAMS 0x0000000083e00000, 0x0000000083e00000| Untracked 
|   9|0x0000000083f00000, 0x0000000083f00000, 0x0000000084000000|  0%| F|  |TAMS 0x0000000083f00000, 0x0000000083f00000| Untracked 
|  10|0x0000000084000000, 0x0000000084000000, 0x0000000084100000|  0%| F|  |TAMS 0x0000000084000000, 0x0000000084000000| Untracked 
|  11|0x0000000084100000, 0x0000000084100000, 0x0000000084200000|  0%| F|  |TAMS 0x0000000084100000, 0x0000000084100000| Untracked 
|  12|0x0000000084200000, 0x0000000084200000, 0x0000000084300000|  0%| F|  |TAMS 0x0000000084200000, 0x0000000084200000| Untracked 
|  13|0x0000000084300000, 0x0000000084300000, 0x0000000084400000|  0%| F|  |TAMS 0x0000000084300000, 0x0000000084300000| Untracked 
|  14|0x0000000084400000, 0x0000000084400000, 0x0000000084500000|  0%| F|  |TAMS 0x0000000084400000, 0x0000000084400000| Untracked 
|  15|0x0000000084500000, 0x0000000084500000, 0x0000000084600000|  0%| F|  |TAMS 0x0000000084500000, 0x0000000084500000| Untracked 
|  16|0x0000000084600000, 0x0000000084600000, 0x0000000084700000|  0%| F|  |TAMS 0x0000000084600000, 0x0000000084600000| Untracked 
|  17|0x0000000084700000, 0x0000000084700000, 0x0000000084800000|  0%| F|  |TAMS 0x0000000084700000, 0x0000000084700000| Untracked 
|  18|0x0000000084800000, 0x0000000084800000, 0x0000000084900000|  0%| F|  |TAMS 0x0000000084800000, 0x0000000084800000| Untracked 
|  19|0x0000000084900000, 0x0000000084900000, 0x0000000084a00000|  0%| F|  |TAMS 0x0000000084900000, 0x0000000084900000| Untracked 
|  20|0x0000000084a00000, 0x0000000084a00000, 0x0000000084b00000|  0%| F|  |TAMS 0x0000000084a00000, 0x0000000084a00000| Untracked 
|  21|0x0000000084b00000, 0x0000000084b00000, 0x0000000084c00000|  0%| F|  |TAMS 0x0000000084b00000, 0x0000000084b00000| Untracked 
|  22|0x0000000084c00000, 0x0000000084c00000, 0x0000000084d00000|  0%| F|  |TAMS 0x0000000084c00000, 0x0000000084c00000| Untracked 
|  23|0x0000000084d00000, 0x0000000084d00000, 0x0000000084e00000|  0%| F|  |TAMS 0x0000000084d00000, 0x0000000084d00000| Untracked 
|  24|0x0000000084e00000, 0x0000000084e00000, 0x0000000084f00000|  0%| F|  |TAMS 0x0000000084e00000, 0x0000000084e00000| Untracked 
|  25|0x0000000084f00000, 0x0000000084f00000, 0x0000000085000000|  0%| F|  |TAMS 0x0000000084f00000, 0x0000000084f00000| Untracked 
|  26|0x0000000085000000, 0x0000000085000000, 0x0000000085100000|  0%| F|  |TAMS 0x0000000085000000, 0x0000000085000000| Untracked 
|  27|0x0000000085100000, 0x0000000085100000, 0x0000000085200000|  0%| F|  |TAMS 0x0000000085100000, 0x0000000085100000| Untracked 
|  28|0x0000000085200000, 0x0000000085200000, 0x0000000085300000|  0%| F|  |TAMS 0x0000000085200000, 0x0000000085200000| Untracked 
|  29|0x0000000085300000, 0x0000000085300000, 0x0000000085400000|  0%| F|  |TAMS 0x0000000085300000, 0x0000000085300000| Untracked 
|  30|0x0000000085400000, 0x0000000085400000, 0x0000000085500000|  0%| F|  |TAMS 0x0000000085400000, 0x0000000085400000| Untracked 
|  31|0x0000000085500000, 0x0000000085500000, 0x0000000085600000|  0%| F|  |TAMS 0x0000000085500000, 0x0000000085500000| Untracked 
|  32|0x0000000085600000, 0x0000000085600000, 0x0000000085700000|  0%| F|  |TAMS 0x0000000085600000, 0x0000000085600000| Untracked 
|  33|0x0000000085700000, 0x0000000085700000, 0x0000000085800000|  0%| F|  |TAMS 0x0000000085700000, 0x0000000085700000| Untracked 
|  34|0x0000000085800000, 0x0000000085800000, 0x0000000085900000|  0%| F|  |TAMS 0x0000000085800000, 0x0000000085800000| Untracked 
|  35|0x0000000085900000, 0x0000000085900000, 0x0000000085a00000|  0%| F|  |TAMS 0x0000000085900000, 0x0000000085900000| Untracked 
|  36|0x0000000085a00000, 0x0000000085a00000, 0x0000000085b00000|  0%| F|  |TAMS 0x0000000085a00000, 0x0000000085a00000| Untracked 
|  37|0x0000000085b00000, 0x0000000085b00000, 0x0000000085c00000|  0%| F|  |TAMS 0x0000000085b00000, 0x0000000085b00000| Untracked 
|  38|0x0000000085c00000, 0x0000000085c00000, 0x0000000085d00000|  0%| F|  |TAMS 0x0000000085c00000, 0x0000000085c00000| Untracked 
|  39|0x0000000085d00000, 0x0000000085d00000, 0x0000000085e00000|  0%| F|  |TAMS 0x0000000085d00000, 0x0000000085d00000| Untracked 
|  40|0x0000000085e00000, 0x0000000085e00000, 0x0000000085f00000|  0%| F|  |TAMS 0x0000000085e00000, 0x0000000085e00000| Untracked 
|  41|0x0000000085f00000, 0x0000000085f00000, 0x0000000086000000|  0%| F|  |TAMS 0x0000000085f00000, 0x0000000085f00000| Untracked 
|  42|0x0000000086000000, 0x0000000086000000, 0x0000000086100000|  0%| F|  |TAMS 0x0000000086000000, 0x0000000086000000| Untracked 
|  43|0x0000000086100000, 0x0000000086100000, 0x0000000086200000|  0%| F|  |TAMS 0x0000000086100000, 0x0000000086100000| Untracked 
|  44|0x0000000086200000, 0x0000000086200000, 0x0000000086300000|  0%| F|  |TAMS 0x0000000086200000, 0x0000000086200000| Untracked 
|  45|0x0000000086300000, 0x0000000086300000, 0x0000000086400000|  0%| F|  |TAMS 0x0000000086300000, 0x0000000086300000| Untracked 
|  46|0x0000000086400000, 0x0000000086400000, 0x0000000086500000|  0%| F|  |TAMS 0x0000000086400000, 0x0000000086400000| Untracked 
|  47|0x0000000086500000, 0x0000000086500000, 0x0000000086600000|  0%| F|  |TAMS 0x0000000086500000, 0x0000000086500000| Untracked 
|  48|0x0000000086600000, 0x0000000086600000, 0x0000000086700000|  0%| F|  |TAMS 0x0000000086600000, 0x0000000086600000| Untracked 
|  49|0x0000000086700000, 0x0000000086700000, 0x0000000086800000|  0%| F|  |TAMS 0x0000000086700000, 0x0000000086700000| Untracked 
|  50|0x0000000086800000, 0x0000000086800000, 0x0000000086900000|  0%| F|  |TAMS 0x0000000086800000, 0x0000000086800000| Untracked 
|  51|0x0000000086900000, 0x0000000086900000, 0x0000000086a00000|  0%| F|  |TAMS 0x0000000086900000, 0x0000000086900000| Untracked 
|  52|0x0000000086a00000, 0x0000000086a00000, 0x0000000086b00000|  0%| F|  |TAMS 0x0000000086a00000, 0x0000000086a00000| Untracked 
|  53|0x0000000086b00000, 0x0000000086b00000, 0x0000000086c00000|  0%| F|  |TAMS 0x0000000086b00000, 0x0000000086b00000| Untracked 
|  54|0x0000000086c00000, 0x0000000086c00000, 0x0000000086d00000|  0%| F|  |TAMS 0x0000000086c00000, 0x0000000086c00000| Untracked 
|  55|0x0000000086d00000, 0x0000000086d00000, 0x0000000086e00000|  0%| F|  |TAMS 0x0000000086d00000, 0x0000000086d00000| Untracked 
|  56|0x0000000086e00000, 0x0000000086e00000, 0x0000000086f00000|  0%| F|  |TAMS 0x0000000086e00000, 0x0000000086e00000| Untracked 
|  57|0x0000000086f00000, 0x0000000086f00000, 0x0000000087000000|  0%| F|  |TAMS 0x0000000086f00000, 0x0000000086f00000| Untracked 
|  58|0x0000000087000000, 0x0000000087000000, 0x0000000087100000|  0%| F|  |TAMS 0x0000000087000000, 0x0000000087000000| Untracked 
|  59|0x0000000087100000, 0x0000000087100000, 0x0000000087200000|  0%| F|  |TAMS 0x0000000087100000, 0x0000000087100000| Untracked 
|  60|0x0000000087200000, 0x0000000087200000, 0x0000000087300000|  0%| F|  |TAMS 0x0000000087200000, 0x0000000087200000| Untracked 
|  61|0x0000000087300000, 0x0000000087300000, 0x0000000087400000|  0%| F|  |TAMS 0x0000000087300000, 0x0000000087300000| Untracked 
|  62|0x0000000087400000, 0x0000000087400000, 0x0000000087500000|  0%| F|  |TAMS 0x0000000087400000, 0x0000000087400000| Untracked 
|  63|0x0000000087500000, 0x0000000087500000, 0x0000000087600000|  0%| F|  |TAMS 0x0000000087500000, 0x0000000087500000| Untracked 
|  64|0x0000000087600000, 0x0000000087600000, 0x0000000087700000|  0%| F|  |TAMS 0x0000000087600000, 0x0000000087600000| Untracked 
|  65|0x0000000087700000, 0x0000000087700000, 0x0000000087800000|  0%| F|  |TAMS 0x0000000087700000, 0x0000000087700000| Untracked 
|  66|0x0000000087800000, 0x0000000087800000, 0x0000000087900000|  0%| F|  |TAMS 0x0000000087800000, 0x0000000087800000| Untracked 
|  67|0x0000000087900000, 0x0000000087900000, 0x0000000087a00000|  0%| F|  |TAMS 0x0000000087900000, 0x0000000087900000| Untracked 
|  68|0x0000000087a00000, 0x0000000087a00000, 0x0000000087b00000|  0%| F|  |TAMS 0x0000000087a00000, 0x0000000087a00000| Untracked 
|  69|0x0000000087b00000, 0x0000000087b00000, 0x0000000087c00000|  0%| F|  |TAMS 0x0000000087b00000, 0x0000000087b00000| Untracked 
|  70|0x0000000087c00000, 0x0000000087c00000, 0x0000000087d00000|  0%| F|  |TAMS 0x0000000087c00000, 0x0000000087c00000| Untracked 
|  71|0x0000000087d00000, 0x0000000087d00000, 0x0000000087e00000|  0%| F|  |TAMS 0x0000000087d00000, 0x0000000087d00000| Untracked 
|  72|0x0000000087e00000, 0x0000000087e00000, 0x0000000087f00000|  0%| F|  |TAMS 0x0000000087e00000, 0x0000000087e00000| Untracked 
|  73|0x0000000087f00000, 0x0000000087f00000, 0x0000000088000000|  0%| F|  |TAMS 0x0000000087f00000, 0x0000000087f00000| Untracked 
|  74|0x0000000088000000, 0x0000000088100000, 0x0000000088100000|100%| O|  |TAMS 0x0000000088100000, 0x0000000088000000| Untracked 
|  75|0x0000000088100000, 0x0000000088200000, 0x0000000088200000|100%| O|  |TAMS 0x0000000088200000, 0x0000000088100000| Untracked 
|  76|0x0000000088200000, 0x0000000088300000, 0x0000000088300000|100%| O|  |TAMS 0x0000000088300000, 0x0000000088200000| Untracked 
|  77|0x0000000088300000, 0x0000000088400000, 0x0000000088400000|100%| O|  |TAMS 0x0000000088400000, 0x0000000088300000| Untracked 
|  78|0x0000000088400000, 0x0000000088500000, 0x0000000088500000|100%| O|  |TAMS 0x0000000088500000, 0x0000000088400000| Untracked 
|  79|0x0000000088500000, 0x0000000088600000, 0x0000000088600000|100%| O|  |TAMS 0x0000000088600000, 0x0000000088500000| Untracked 
|  80|0x0000000088600000, 0x0000000088700000, 0x0000000088700000|100%|HS|  |TAMS 0x0000000088700000, 0x0000000088600000| Complete 
|  81|0x0000000088700000, 0x0000000088800000, 0x0000000088800000|100%|HC|  |TAMS 0x0000000088800000, 0x0000000088700000| Complete 
|  82|0x0000000088800000, 0x0000000088900000, 0x0000000088900000|100%| O|  |TAMS 0x0000000088900000, 0x0000000088800000| Complete 
|  83|0x0000000088900000, 0x0000000088a00000, 0x0000000088a00000|100%| O|  |TAMS 0x0000000088a00000, 0x0000000088900000| Untracked 
|  84|0x0000000088a00000, 0x0000000088b00000, 0x0000000088b00000|100%| O|  |TAMS 0x0000000088b00000, 0x0000000088a00000| Untracked 
|  85|0x0000000088b00000, 0x0000000088c00000, 0x0000000088c00000|100%| O|  |TAMS 0x0000000088c00000, 0x0000000088b00000| Untracked 
|  86|0x0000000088c00000, 0x0000000088d00000, 0x0000000088d00000|100%| O|  |TAMS 0x0000000088d00000, 0x0000000088c00000| Untracked 
|  87|0x0000000088d00000, 0x0000000088e00000, 0x0000000088e00000|100%| O|  |TAMS 0x0000000088e00000, 0x0000000088d00000| Untracked 
|  88|0x0000000088e00000, 0x0000000088f00000, 0x0000000088f00000|100%| O|  |TAMS 0x0000000088f00000, 0x0000000088e00000| Untracked 
|  89|0x0000000088f00000, 0x0000000089000000, 0x0000000089000000|100%| O|  |TAMS 0x0000000089000000, 0x0000000088f00000| Untracked 
|  90|0x0000000089000000, 0x0000000089100000, 0x0000000089100000|100%| O|  |TAMS 0x0000000089100000, 0x0000000089000000| Untracked 
|  91|0x0000000089100000, 0x0000000089200000, 0x0000000089200000|100%| O|  |TAMS 0x0000000089200000, 0x0000000089100000| Untracked 
|  92|0x0000000089200000, 0x0000000089300000, 0x0000000089300000|100%| O|  |TAMS 0x0000000089300000, 0x0000000089200000| Untracked 
|  93|0x0000000089300000, 0x0000000089400000, 0x0000000089400000|100%| O|  |TAMS 0x0000000089400000, 0x0000000089300000| Untracked 
|  94|0x0000000089400000, 0x0000000089422e00, 0x0000000089500000| 13%| O|  |TAMS 0x0000000089422e00, 0x0000000089400000| Untracked 
|  95|0x0000000089500000, 0x0000000089600000, 0x0000000089600000|100%|HS|  |TAMS 0x0000000089600000, 0x0000000089500000| Complete 
|  96|0x0000000089600000, 0x0000000089700000, 0x0000000089700000|100%|HC|  |TAMS 0x0000000089700000, 0x0000000089600000| Complete 
|  97|0x0000000089700000, 0x0000000089800000, 0x0000000089800000|100%|HC|  |TAMS 0x0000000089800000, 0x0000000089700000| Complete 
|  98|0x0000000089800000, 0x0000000089900000, 0x0000000089900000|100%|HC|  |TAMS 0x0000000089900000, 0x0000000089800000| Complete 
|  99|0x0000000089900000, 0x0000000089a00000, 0x0000000089a00000|100%|HC|  |TAMS 0x0000000089a00000, 0x0000000089900000| Complete 
| 100|0x0000000089a00000, 0x0000000089a00000, 0x0000000089b00000|  0%| F|  |TAMS 0x0000000089a00000, 0x0000000089a00000| Untracked 
| 101|0x0000000089b00000, 0x0000000089b00000, 0x0000000089c00000|  0%| F|  |TAMS 0x0000000089b00000, 0x0000000089b00000| Untracked 
| 102|0x0000000089c00000, 0x0000000089c00000, 0x0000000089d00000|  0%| F|  |TAMS 0x0000000089c00000, 0x0000000089c00000| Untracked 
| 103|0x0000000089d00000, 0x0000000089d00000, 0x0000000089e00000|  0%| F|  |TAMS 0x0000000089d00000, 0x0000000089d00000| Untracked 
| 104|0x0000000089e00000, 0x0000000089e00000, 0x0000000089f00000|  0%| F|  |TAMS 0x0000000089e00000, 0x0000000089e00000| Untracked 
| 105|0x0000000089f00000, 0x0000000089f00000, 0x000000008a000000|  0%| F|  |TAMS 0x0000000089f00000, 0x0000000089f00000| Untracked 
| 106|0x000000008a000000, 0x000000008a000000, 0x000000008a100000|  0%| F|  |TAMS 0x000000008a000000, 0x000000008a000000| Untracked 
| 107|0x000000008a100000, 0x000000008a100000, 0x000000008a200000|  0%| F|  |TAMS 0x000000008a100000, 0x000000008a100000| Untracked 
| 108|0x000000008a200000, 0x000000008a200000, 0x000000008a300000|  0%| F|  |TAMS 0x000000008a200000, 0x000000008a200000| Untracked 
| 109|0x000000008a300000, 0x000000008a300000, 0x000000008a400000|  0%| F|  |TAMS 0x000000008a300000, 0x000000008a300000| Untracked 
| 110|0x000000008a400000, 0x000000008a400000, 0x000000008a500000|  0%| F|  |TAMS 0x000000008a400000, 0x000000008a400000| Untracked 
| 111|0x000000008a500000, 0x000000008a500000, 0x000000008a600000|  0%| F|  |TAMS 0x000000008a500000, 0x000000008a500000| Untracked 
| 112|0x000000008a600000, 0x000000008a600000, 0x000000008a700000|  0%| F|  |TAMS 0x000000008a600000, 0x000000008a600000| Untracked 
| 113|0x000000008a700000, 0x000000008a700000, 0x000000008a800000|  0%| F|  |TAMS 0x000000008a700000, 0x000000008a700000| Untracked 
| 114|0x000000008a800000, 0x000000008a800000, 0x000000008a900000|  0%| F|  |TAMS 0x000000008a800000, 0x000000008a800000| Untracked 
| 115|0x000000008a900000, 0x000000008a900000, 0x000000008aa00000|  0%| F|  |TAMS 0x000000008a900000, 0x000000008a900000| Untracked 
| 116|0x000000008aa00000, 0x000000008aa00000, 0x000000008ab00000|  0%| F|  |TAMS 0x000000008aa00000, 0x000000008aa00000| Untracked 
| 117|0x000000008ab00000, 0x000000008ab00000, 0x000000008ac00000|  0%| F|  |TAMS 0x000000008ab00000, 0x000000008ab00000| Untracked 
| 118|0x000000008ac00000, 0x000000008ac00000, 0x000000008ad00000|  0%| F|  |TAMS 0x000000008ac00000, 0x000000008ac00000| Untracked 
| 119|0x000000008ad00000, 0x000000008ad00000, 0x000000008ae00000|  0%| F|  |TAMS 0x000000008ad00000, 0x000000008ad00000| Untracked 
| 120|0x000000008ae00000, 0x000000008ae00000, 0x000000008af00000|  0%| F|  |TAMS 0x000000008ae00000, 0x000000008ae00000| Untracked 
| 121|0x000000008af00000, 0x000000008af00000, 0x000000008b000000|  0%| F|  |TAMS 0x000000008af00000, 0x000000008af00000| Untracked 
| 122|0x000000008b000000, 0x000000008b000000, 0x000000008b100000|  0%| F|  |TAMS 0x000000008b000000, 0x000000008b000000| Untracked 
| 123|0x000000008b100000, 0x000000008b100000, 0x000000008b200000|  0%| F|  |TAMS 0x000000008b100000, 0x000000008b100000| Untracked 
| 124|0x000000008b200000, 0x000000008b200000, 0x000000008b300000|  0%| F|  |TAMS 0x000000008b200000, 0x000000008b200000| Untracked 
| 125|0x000000008b300000, 0x000000008b300000, 0x000000008b400000|  0%| F|  |TAMS 0x000000008b300000, 0x000000008b300000| Untracked 
| 126|0x000000008b400000, 0x000000008b400000, 0x000000008b500000|  0%| F|  |TAMS 0x000000008b400000, 0x000000008b400000| Untracked 
| 127|0x000000008b500000, 0x000000008b500000, 0x000000008b600000|  0%| F|  |TAMS 0x000000008b500000, 0x000000008b500000| Untracked 
| 128|0x000000008b600000, 0x000000008b600000, 0x000000008b700000|  0%| F|  |TAMS 0x000000008b600000, 0x000000008b600000| Untracked 
| 129|0x000000008b700000, 0x000000008b700000, 0x000000008b800000|  0%| F|  |TAMS 0x000000008b700000, 0x000000008b700000| Untracked 
| 130|0x000000008b800000, 0x000000008b800000, 0x000000008b900000|  0%| F|  |TAMS 0x000000008b800000, 0x000000008b800000| Untracked 
| 131|0x000000008b900000, 0x000000008b900000, 0x000000008ba00000|  0%| F|  |TAMS 0x000000008b900000, 0x000000008b900000| Untracked 
| 132|0x000000008ba00000, 0x000000008ba00000, 0x000000008bb00000|  0%| F|  |TAMS 0x000000008ba00000, 0x000000008ba00000| Untracked 
| 133|0x000000008bb00000, 0x000000008bb00000, 0x000000008bc00000|  0%| F|  |TAMS 0x000000008bb00000, 0x000000008bb00000| Untracked 
| 134|0x000000008bc00000, 0x000000008bc00000, 0x000000008bd00000|  0%| F|  |TAMS 0x000000008bc00000, 0x000000008bc00000| Untracked 
| 135|0x000000008bd00000, 0x000000008bd00000, 0x000000008be00000|  0%| F|  |TAMS 0x000000008bd00000, 0x000000008bd00000| Untracked 
| 136|0x000000008be00000, 0x000000008be00000, 0x000000008bf00000|  0%| F|  |TAMS 0x000000008be00000, 0x000000008be00000| Untracked 
| 137|0x000000008bf00000, 0x000000008bf00000, 0x000000008c000000|  0%| F|  |TAMS 0x000000008bf00000, 0x000000008bf00000| Untracked 
| 138|0x000000008c000000, 0x000000008c000000, 0x000000008c100000|  0%| F|  |TAMS 0x000000008c000000, 0x000000008c000000| Untracked 
| 139|0x000000008c100000, 0x000000008c200000, 0x000000008c200000|100%| E|  |TAMS 0x000000008c100000, 0x000000008c100000| Complete 
| 140|0x000000008c200000, 0x000000008c300000, 0x000000008c300000|100%| E|CS|TAMS 0x000000008c200000, 0x000000008c200000| Complete 
| 141|0x000000008c300000, 0x000000008c400000, 0x000000008c400000|100%| E|CS|TAMS 0x000000008c300000, 0x000000008c300000| Complete 
| 142|0x000000008c400000, 0x000000008c500000, 0x000000008c500000|100%|HS|  |TAMS 0x000000008c500000, 0x000000008c400000| Complete 
| 143|0x000000008c500000, 0x000000008c600000, 0x000000008c600000|100%|HC|  |TAMS 0x000000008c600000, 0x000000008c500000| Complete 
| 144|0x000000008c600000, 0x000000008c700000, 0x000000008c700000|100%|HC|  |TAMS 0x000000008c700000, 0x000000008c600000| Complete 
| 145|0x000000008c700000, 0x000000008c800000, 0x000000008c800000|100%|HC|  |TAMS 0x000000008c800000, 0x000000008c700000| Complete 
| 146|0x000000008c800000, 0x000000008c900000, 0x000000008c900000|100%|HC|  |TAMS 0x000000008c900000, 0x000000008c800000| Complete 
| 147|0x000000008c900000, 0x000000008ca00000, 0x000000008ca00000|100%|HC|  |TAMS 0x000000008ca00000, 0x000000008c900000| Complete 
| 148|0x000000008ca00000, 0x000000008cb00000, 0x000000008cb00000|100%|HC|  |TAMS 0x000000008cb00000, 0x000000008ca00000| Complete 
| 149|0x000000008cb00000, 0x000000008cc00000, 0x000000008cc00000|100%|HC|  |TAMS 0x000000008cc00000, 0x000000008cb00000| Complete 
| 150|0x000000008cc00000, 0x000000008cd00000, 0x000000008cd00000|100%|HC|  |TAMS 0x000000008cd00000, 0x000000008cc00000| Complete 
| 151|0x000000008cd00000, 0x000000008ce00000, 0x000000008ce00000|100%|HC|  |TAMS 0x000000008ce00000, 0x000000008cd00000| Complete 
| 152|0x000000008ce00000, 0x000000008cf00000, 0x000000008cf00000|100%|HC|  |TAMS 0x000000008cf00000, 0x000000008ce00000| Complete 
| 153|0x000000008cf00000, 0x000000008d000000, 0x000000008d000000|100%|HC|  |TAMS 0x000000008d000000, 0x000000008cf00000| Complete 
| 154|0x000000008d000000, 0x000000008d100000, 0x000000008d100000|100%|HC|  |TAMS 0x000000008d100000, 0x000000008d000000| Complete 
| 155|0x000000008d100000, 0x000000008d200000, 0x000000008d200000|100%|HC|  |TAMS 0x000000008d200000, 0x000000008d100000| Complete 
| 156|0x000000008d200000, 0x000000008d300000, 0x000000008d300000|100%|HC|  |TAMS 0x000000008d300000, 0x000000008d200000| Complete 
| 157|0x000000008d300000, 0x000000008d400000, 0x000000008d400000|100%|HC|  |TAMS 0x000000008d400000, 0x000000008d300000| Complete 
| 158|0x000000008d400000, 0x000000008d500000, 0x000000008d500000|100%|HC|  |TAMS 0x000000008d500000, 0x000000008d400000| Complete 
| 159|0x000000008d500000, 0x000000008d600000, 0x000000008d600000|100%|HC|  |TAMS 0x000000008d600000, 0x000000008d500000| Complete 
| 160|0x000000008d600000, 0x000000008d700000, 0x000000008d700000|100%|HC|  |TAMS 0x000000008d700000, 0x000000008d600000| Complete 
| 161|0x000000008d700000, 0x000000008d800000, 0x000000008d800000|100%|HC|  |TAMS 0x000000008d800000, 0x000000008d700000| Complete 
| 162|0x000000008d800000, 0x000000008d900000, 0x000000008d900000|100%|HC|  |TAMS 0x000000008d900000, 0x000000008d800000| Complete 
| 163|0x000000008d900000, 0x000000008da00000, 0x000000008da00000|100%|HC|  |TAMS 0x000000008da00000, 0x000000008d900000| Complete 
| 164|0x000000008da00000, 0x000000008db00000, 0x000000008db00000|100%|HC|  |TAMS 0x000000008db00000, 0x000000008da00000| Complete 
| 165|0x000000008db00000, 0x000000008dc00000, 0x000000008dc00000|100%|HC|  |TAMS 0x000000008dc00000, 0x000000008db00000| Complete 
| 166|0x000000008dc00000, 0x000000008dd00000, 0x000000008dd00000|100%|HC|  |TAMS 0x000000008dd00000, 0x000000008dc00000| Complete 
| 167|0x000000008dd00000, 0x000000008de00000, 0x000000008de00000|100%|HC|  |TAMS 0x000000008de00000, 0x000000008dd00000| Complete 
| 168|0x000000008de00000, 0x000000008df00000, 0x000000008df00000|100%|HC|  |TAMS 0x000000008df00000, 0x000000008de00000| Complete 
| 169|0x000000008df00000, 0x000000008e000000, 0x000000008e000000|100%|HC|  |TAMS 0x000000008e000000, 0x000000008df00000| Complete 
| 170|0x000000008e000000, 0x000000008e100000, 0x000000008e100000|100%|HC|  |TAMS 0x000000008e100000, 0x000000008e000000| Complete 
| 171|0x000000008e100000, 0x000000008e200000, 0x000000008e200000|100%|HC|  |TAMS 0x000000008e200000, 0x000000008e100000| Complete 
| 172|0x000000008e200000, 0x000000008e300000, 0x000000008e300000|100%|HC|  |TAMS 0x000000008e300000, 0x000000008e200000| Complete 
| 173|0x000000008e300000, 0x000000008e400000, 0x000000008e400000|100%|HC|  |TAMS 0x000000008e400000, 0x000000008e300000| Complete 
| 174|0x000000008e400000, 0x000000008e500000, 0x000000008e500000|100%|HC|  |TAMS 0x000000008e500000, 0x000000008e400000| Complete 
| 175|0x000000008e500000, 0x000000008e600000, 0x000000008e600000|100%|HC|  |TAMS 0x000000008e600000, 0x000000008e500000| Complete 
| 176|0x000000008e600000, 0x000000008e700000, 0x000000008e700000|100%|HC|  |TAMS 0x000000008e700000, 0x000000008e600000| Complete 
| 177|0x000000008e700000, 0x000000008e800000, 0x000000008e800000|100%|HC|  |TAMS 0x000000008e800000, 0x000000008e700000| Complete 
| 178|0x000000008e800000, 0x000000008e900000, 0x000000008e900000|100%|HC|  |TAMS 0x000000008e900000, 0x000000008e800000| Complete 
| 179|0x000000008e900000, 0x000000008ea00000, 0x000000008ea00000|100%|HC|  |TAMS 0x000000008ea00000, 0x000000008e900000| Complete 
| 180|0x000000008ea00000, 0x000000008eb00000, 0x000000008eb00000|100%|HC|  |TAMS 0x000000008eb00000, 0x000000008ea00000| Complete 
| 181|0x000000008eb00000, 0x000000008ec00000, 0x000000008ec00000|100%|HC|  |TAMS 0x000000008ec00000, 0x000000008eb00000| Complete 
| 182|0x000000008ec00000, 0x000000008ed00000, 0x000000008ed00000|100%|HC|  |TAMS 0x000000008ed00000, 0x000000008ec00000| Complete 
| 183|0x000000008ed00000, 0x000000008ee00000, 0x000000008ee00000|100%|HC|  |TAMS 0x000000008ee00000, 0x000000008ed00000| Complete 
| 184|0x000000008ee00000, 0x000000008ef00000, 0x000000008ef00000|100%|HC|  |TAMS 0x000000008ef00000, 0x000000008ee00000| Complete 
| 185|0x000000008ef00000, 0x000000008f000000, 0x000000008f000000|100%|HC|  |TAMS 0x000000008f000000, 0x000000008ef00000| Complete 
| 186|0x000000008f000000, 0x000000008f100000, 0x000000008f100000|100%|HC|  |TAMS 0x000000008f100000, 0x000000008f000000| Complete 
| 187|0x000000008f100000, 0x000000008f200000, 0x000000008f200000|100%|HC|  |TAMS 0x000000008f200000, 0x000000008f100000| Complete 
| 188|0x000000008f200000, 0x000000008f300000, 0x000000008f300000|100%|HC|  |TAMS 0x000000008f300000, 0x000000008f200000| Complete 
| 189|0x000000008f300000, 0x000000008f400000, 0x000000008f400000|100%|HC|  |TAMS 0x000000008f400000, 0x000000008f300000| Complete 
| 190|0x000000008f400000, 0x000000008f500000, 0x000000008f500000|100%|HC|  |TAMS 0x000000008f500000, 0x000000008f400000| Complete 
| 191|0x000000008f500000, 0x000000008f600000, 0x000000008f600000|100%|HC|  |TAMS 0x000000008f600000, 0x000000008f500000| Complete 
| 192|0x000000008f600000, 0x000000008f700000, 0x000000008f700000|100%|HC|  |TAMS 0x000000008f700000, 0x000000008f600000| Complete 
| 193|0x000000008f700000, 0x000000008f800000, 0x000000008f800000|100%|HC|  |TAMS 0x000000008f800000, 0x000000008f700000| Complete 
| 194|0x000000008f800000, 0x000000008f900000, 0x000000008f900000|100%|HC|  |TAMS 0x000000008f900000, 0x000000008f800000| Complete 
| 195|0x000000008f900000, 0x000000008fa00000, 0x000000008fa00000|100%|HC|  |TAMS 0x000000008fa00000, 0x000000008f900000| Complete 
| 196|0x000000008fa00000, 0x000000008fb00000, 0x000000008fb00000|100%|HC|  |TAMS 0x000000008fb00000, 0x000000008fa00000| Complete 
| 197|0x000000008fb00000, 0x000000008fc00000, 0x000000008fc00000|100%|HC|  |TAMS 0x000000008fc00000, 0x000000008fb00000| Complete 
| 198|0x000000008fc00000, 0x000000008fd00000, 0x000000008fd00000|100%|HC|  |TAMS 0x000000008fd00000, 0x000000008fc00000| Complete 
| 199|0x000000008fd00000, 0x000000008fe00000, 0x000000008fe00000|100%|HC|  |TAMS 0x000000008fe00000, 0x000000008fd00000| Complete 
| 200|0x000000008fe00000, 0x000000008ff00000, 0x000000008ff00000|100%|HC|  |TAMS 0x000000008ff00000, 0x000000008fe00000| Complete 
| 201|0x000000008ff00000, 0x0000000090000000, 0x0000000090000000|100%|HC|  |TAMS 0x0000000090000000, 0x000000008ff00000| Complete 
| 202|0x0000000090000000, 0x0000000090100000, 0x0000000090100000|100%|HC|  |TAMS 0x0000000090100000, 0x0000000090000000| Complete 
| 203|0x0000000090100000, 0x0000000090200000, 0x0000000090200000|100%|HC|  |TAMS 0x0000000090200000, 0x0000000090100000| Complete 
| 204|0x0000000090200000, 0x0000000090300000, 0x0000000090300000|100%|HC|  |TAMS 0x0000000090300000, 0x0000000090200000| Complete 
| 205|0x0000000090300000, 0x0000000090400000, 0x0000000090400000|100%|HC|  |TAMS 0x0000000090400000, 0x0000000090300000| Complete 
| 206|0x0000000090400000, 0x0000000090500000, 0x0000000090500000|100%|HC|  |TAMS 0x0000000090500000, 0x0000000090400000| Complete 
| 207|0x0000000090500000, 0x0000000090600000, 0x0000000090600000|100%|HS|  |TAMS 0x0000000090500000, 0x0000000090500000| Complete 
| 208|0x0000000090600000, 0x0000000090700000, 0x0000000090700000|100%|HC|  |TAMS 0x0000000090600000, 0x0000000090600000| Complete 
| 209|0x0000000090700000, 0x0000000090800000, 0x0000000090800000|100%|HC|  |TAMS 0x0000000090700000, 0x0000000090700000| Complete 
| 210|0x0000000090800000, 0x0000000090900000, 0x0000000090900000|100%|HC|  |TAMS 0x0000000090800000, 0x0000000090800000| Complete 
| 211|0x0000000090900000, 0x0000000090a00000, 0x0000000090a00000|100%|HC|  |TAMS 0x0000000090900000, 0x0000000090900000| Complete 
| 212|0x0000000090a00000, 0x0000000090b00000, 0x0000000090b00000|100%|HC|  |TAMS 0x0000000090a00000, 0x0000000090a00000| Complete 
| 213|0x0000000090b00000, 0x0000000090c00000, 0x0000000090c00000|100%|HC|  |TAMS 0x0000000090b00000, 0x0000000090b00000| Complete 
| 214|0x0000000090c00000, 0x0000000090d00000, 0x0000000090d00000|100%|HC|  |TAMS 0x0000000090c00000, 0x0000000090c00000| Complete 
| 215|0x0000000090d00000, 0x0000000090e00000, 0x0000000090e00000|100%|HC|  |TAMS 0x0000000090d00000, 0x0000000090d00000| Complete 
| 216|0x0000000090e00000, 0x0000000090f00000, 0x0000000090f00000|100%|HC|  |TAMS 0x0000000090e00000, 0x0000000090e00000| Complete 
| 217|0x0000000090f00000, 0x0000000091000000, 0x0000000091000000|100%|HC|  |TAMS 0x0000000090f00000, 0x0000000090f00000| Complete 
| 218|0x0000000091000000, 0x0000000091100000, 0x0000000091100000|100%|HC|  |TAMS 0x0000000091000000, 0x0000000091000000| Complete 
| 219|0x0000000091100000, 0x0000000091200000, 0x0000000091200000|100%|HC|  |TAMS 0x0000000091100000, 0x0000000091100000| Complete 
| 220|0x0000000091200000, 0x0000000091300000, 0x0000000091300000|100%|HC|  |TAMS 0x0000000091200000, 0x0000000091200000| Complete 
| 221|0x0000000091300000, 0x0000000091400000, 0x0000000091400000|100%|HC|  |TAMS 0x0000000091300000, 0x0000000091300000| Complete 
| 222|0x0000000091400000, 0x0000000091500000, 0x0000000091500000|100%|HC|  |TAMS 0x0000000091400000, 0x0000000091400000| Complete 
| 223|0x0000000091500000, 0x0000000091600000, 0x0000000091600000|100%|HC|  |TAMS 0x0000000091500000, 0x0000000091500000| Complete 
| 224|0x0000000091600000, 0x0000000091700000, 0x0000000091700000|100%|HC|  |TAMS 0x0000000091600000, 0x0000000091600000| Complete 
| 225|0x0000000091700000, 0x0000000091800000, 0x0000000091800000|100%|HC|  |TAMS 0x0000000091700000, 0x0000000091700000| Complete 
| 226|0x0000000091800000, 0x0000000091900000, 0x0000000091900000|100%|HC|  |TAMS 0x0000000091800000, 0x0000000091800000| Complete 
| 227|0x0000000091900000, 0x0000000091a00000, 0x0000000091a00000|100%|HC|  |TAMS 0x0000000091900000, 0x0000000091900000| Complete 
| 228|0x0000000091a00000, 0x0000000091b00000, 0x0000000091b00000|100%|HC|  |TAMS 0x0000000091a00000, 0x0000000091a00000| Complete 
| 229|0x0000000091b00000, 0x0000000091c00000, 0x0000000091c00000|100%|HC|  |TAMS 0x0000000091b00000, 0x0000000091b00000| Complete 
| 230|0x0000000091c00000, 0x0000000091d00000, 0x0000000091d00000|100%|HC|  |TAMS 0x0000000091c00000, 0x0000000091c00000| Complete 
| 231|0x0000000091d00000, 0x0000000091e00000, 0x0000000091e00000|100%|HC|  |TAMS 0x0000000091d00000, 0x0000000091d00000| Complete 
| 232|0x0000000091e00000, 0x0000000091f00000, 0x0000000091f00000|100%|HC|  |TAMS 0x0000000091e00000, 0x0000000091e00000| Complete 
| 233|0x0000000091f00000, 0x0000000092000000, 0x0000000092000000|100%|HC|  |TAMS 0x0000000091f00000, 0x0000000091f00000| Complete 
| 234|0x0000000092000000, 0x0000000092100000, 0x0000000092100000|100%|HC|  |TAMS 0x0000000092000000, 0x0000000092000000| Complete 
| 235|0x0000000092100000, 0x0000000092200000, 0x0000000092200000|100%|HC|  |TAMS 0x0000000092100000, 0x0000000092100000| Complete 
| 236|0x0000000092200000, 0x0000000092300000, 0x0000000092300000|100%|HC|  |TAMS 0x0000000092200000, 0x0000000092200000| Complete 
| 237|0x0000000092300000, 0x0000000092400000, 0x0000000092400000|100%|HC|  |TAMS 0x0000000092300000, 0x0000000092300000| Complete 
| 238|0x0000000092400000, 0x0000000092500000, 0x0000000092500000|100%|HC|  |TAMS 0x0000000092400000, 0x0000000092400000| Complete 
| 239|0x0000000092500000, 0x0000000092600000, 0x0000000092600000|100%|HC|  |TAMS 0x0000000092500000, 0x0000000092500000| Complete 
| 240|0x0000000092600000, 0x0000000092700000, 0x0000000092700000|100%|HC|  |TAMS 0x0000000092600000, 0x0000000092600000| Complete 
| 241|0x0000000092700000, 0x0000000092800000, 0x0000000092800000|100%|HC|  |TAMS 0x0000000092700000, 0x0000000092700000| Complete 
| 242|0x0000000092800000, 0x0000000092900000, 0x0000000092900000|100%|HC|  |TAMS 0x0000000092800000, 0x0000000092800000| Complete 
| 243|0x0000000092900000, 0x0000000092a00000, 0x0000000092a00000|100%|HC|  |TAMS 0x0000000092900000, 0x0000000092900000| Complete 
| 244|0x0000000092a00000, 0x0000000092b00000, 0x0000000092b00000|100%|HC|  |TAMS 0x0000000092a00000, 0x0000000092a00000| Complete 
| 245|0x0000000092b00000, 0x0000000092c00000, 0x0000000092c00000|100%|HC|  |TAMS 0x0000000092b00000, 0x0000000092b00000| Complete 
| 246|0x0000000092c00000, 0x0000000092d00000, 0x0000000092d00000|100%|HC|  |TAMS 0x0000000092c00000, 0x0000000092c00000| Complete 
| 247|0x0000000092d00000, 0x0000000092e00000, 0x0000000092e00000|100%|HC|  |TAMS 0x0000000092d00000, 0x0000000092d00000| Complete 
| 248|0x0000000092e00000, 0x0000000092f00000, 0x0000000092f00000|100%|HC|  |TAMS 0x0000000092e00000, 0x0000000092e00000| Complete 
| 249|0x0000000092f00000, 0x0000000093000000, 0x0000000093000000|100%|HC|  |TAMS 0x0000000092f00000, 0x0000000092f00000| Complete 
| 250|0x0000000093000000, 0x0000000093100000, 0x0000000093100000|100%|HC|  |TAMS 0x0000000093000000, 0x0000000093000000| Complete 
| 251|0x0000000093100000, 0x0000000093200000, 0x0000000093200000|100%|HC|  |TAMS 0x0000000093100000, 0x0000000093100000| Complete 
| 252|0x0000000093200000, 0x0000000093300000, 0x0000000093300000|100%|HC|  |TAMS 0x0000000093200000, 0x0000000093200000| Complete 
| 253|0x0000000093300000, 0x0000000093400000, 0x0000000093400000|100%|HC|  |TAMS 0x0000000093300000, 0x0000000093300000| Complete 
| 254|0x0000000093400000, 0x0000000093500000, 0x0000000093500000|100%|HC|  |TAMS 0x0000000093400000, 0x0000000093400000| Complete 
| 255|0x0000000093500000, 0x0000000093600000, 0x0000000093600000|100%|HC|  |TAMS 0x0000000093500000, 0x0000000093500000| Complete 
| 256|0x0000000093600000, 0x0000000093700000, 0x0000000093700000|100%|HC|  |TAMS 0x0000000093600000, 0x0000000093600000| Complete 
| 257|0x0000000093700000, 0x0000000093800000, 0x0000000093800000|100%|HC|  |TAMS 0x0000000093700000, 0x0000000093700000| Complete 
| 258|0x0000000093800000, 0x0000000093900000, 0x0000000093900000|100%|HC|  |TAMS 0x0000000093800000, 0x0000000093800000| Complete 
| 259|0x0000000093900000, 0x0000000093a00000, 0x0000000093a00000|100%|HC|  |TAMS 0x0000000093900000, 0x0000000093900000| Complete 
| 260|0x0000000093a00000, 0x0000000093b00000, 0x0000000093b00000|100%|HC|  |TAMS 0x0000000093a00000, 0x0000000093a00000| Complete 
| 261|0x0000000093b00000, 0x0000000093c00000, 0x0000000093c00000|100%|HC|  |TAMS 0x0000000093b00000, 0x0000000093b00000| Complete 
| 262|0x0000000093c00000, 0x0000000093d00000, 0x0000000093d00000|100%|HC|  |TAMS 0x0000000093c00000, 0x0000000093c00000| Complete 
| 263|0x0000000093d00000, 0x0000000093e00000, 0x0000000093e00000|100%|HC|  |TAMS 0x0000000093d00000, 0x0000000093d00000| Complete 
| 264|0x0000000093e00000, 0x0000000093f00000, 0x0000000093f00000|100%|HC|  |TAMS 0x0000000093e00000, 0x0000000093e00000| Complete 
| 265|0x0000000093f00000, 0x0000000094000000, 0x0000000094000000|100%|HC|  |TAMS 0x0000000093f00000, 0x0000000093f00000| Complete 
| 266|0x0000000094000000, 0x0000000094100000, 0x0000000094100000|100%|HC|  |TAMS 0x0000000094000000, 0x0000000094000000| Complete 
| 267|0x0000000094100000, 0x0000000094200000, 0x0000000094200000|100%|HC|  |TAMS 0x0000000094100000, 0x0000000094100000| Complete 
| 268|0x0000000094200000, 0x0000000094300000, 0x0000000094300000|100%|HC|  |TAMS 0x0000000094200000, 0x0000000094200000| Complete 
| 269|0x0000000094300000, 0x0000000094400000, 0x0000000094400000|100%|HC|  |TAMS 0x0000000094300000, 0x0000000094300000| Complete 
| 270|0x0000000094400000, 0x0000000094500000, 0x0000000094500000|100%|HC|  |TAMS 0x0000000094400000, 0x0000000094400000| Complete 
| 271|0x0000000094500000, 0x0000000094600000, 0x0000000094600000|100%|HC|  |TAMS 0x0000000094500000, 0x0000000094500000| Complete 
| 272|0x0000000094600000, 0x00000000946ce460, 0x0000000094700000| 80%| S|CS|TAMS 0x0000000094600000, 0x0000000094600000| Complete 
| 273|0x0000000094700000, 0x0000000094800000, 0x0000000094800000|100%| S|CS|TAMS 0x0000000094700000, 0x0000000094700000| Complete 
| 274|0x0000000094800000, 0x0000000094900000, 0x0000000094900000|100%| E|CS|TAMS 0x0000000094800000, 0x0000000094800000| Complete 
| 275|0x0000000094900000, 0x0000000094a00000, 0x0000000094a00000|100%| E|CS|TAMS 0x0000000094900000, 0x0000000094900000| Complete 
| 276|0x0000000094a00000, 0x0000000094b00000, 0x0000000094b00000|100%| E|CS|TAMS 0x0000000094a00000, 0x0000000094a00000| Complete 
| 277|0x0000000094b00000, 0x0000000094c00000, 0x0000000094c00000|100%| E|CS|TAMS 0x0000000094b00000, 0x0000000094b00000| Complete 
| 278|0x0000000094c00000, 0x0000000094d00000, 0x0000000094d00000|100%| E|CS|TAMS 0x0000000094c00000, 0x0000000094c00000| Complete 
| 279|0x0000000094d00000, 0x0000000094e00000, 0x0000000094e00000|100%| E|CS|TAMS 0x0000000094d00000, 0x0000000094d00000| Complete 

Card table byte_map: [0x000001ec7f440000,0x000001ec7f830000] _byte_map_base: 0x000001ec7f025000

Marking Bits (Prev, Next): (CMBitMap*) 0x000001ec7cd19540, (CMBitMap*) 0x000001ec7cd19500
 Prev Bits: [0x000001ec14660000, 0x000001ec16588000)
 Next Bits: [0x000001ec12730000, 0x000001ec14658000)

Polling page: 0x000001ec7cd70000

Metaspace:

Usage:
  Non-class:     31.77 MB used.
      Class:      4.76 MB used.
       Both:     36.53 MB used.

Virtual space:
  Non-class space:       64.00 MB reserved,      31.94 MB ( 50%) committed,  1 nodes.
      Class space:        1.00 GB reserved,       4.88 MB ( <1%) committed,  1 nodes.
             Both:        1.06 GB reserved,      36.81 MB (  3%) committed. 

Chunk freelists:
   Non-Class:  15.39 MB
       Class:  11.14 MB
        Both:  26.53 MB

MaxMetaspaceSize: unlimited
CompressedClassSpaceSize: 1.00 GB
Initial GC threshold: 21.00 MB
Current GC threshold: 60.88 MB
CDS: on
MetaspaceReclaimPolicy: balanced
 - commit_granule_bytes: 65536.
 - commit_granule_words: 8192.
 - virtual_space_node_default_size: 8388608.
 - enlarge_chunks_in_place: 1.
 - new_chunks_are_fully_committed: 0.
 - uncommit_free_chunks: 1.
 - use_allocation_guard: 0.
 - handle_deallocations: 1.


Internal statistics:

num_allocs_failed_limit: 3.
num_arena_births: 340.
num_arena_deaths: 0.
num_vsnodes_births: 2.
num_vsnodes_deaths: 0.
num_space_committed: 589.
num_space_uncommitted: 0.
num_chunks_returned_to_freelist: 3.
num_chunks_taken_from_freelist: 1373.
num_chunk_merges: 3.
num_chunk_splits: 977.
num_chunks_enlarged: 758.
num_inconsistent_stats: 0.

CodeHeap 'non-profiled nmethods': size=120000Kb used=3208Kb max_used=3208Kb free=116791Kb
 bounds [0x000001ec0b200000, 0x000001ec0b530000, 0x000001ec12730000]
CodeHeap 'profiled nmethods': size=120000Kb used=11800Kb max_used=12453Kb free=108199Kb
 bounds [0x000001ec03730000, 0x000001ec04380000, 0x000001ec0ac60000]
CodeHeap 'non-nmethods': size=5760Kb used=1581Kb max_used=1633Kb free=4178Kb
 bounds [0x000001ec0ac60000, 0x000001ec0aed0000, 0x000001ec0b200000]
 total_blobs=6528 nmethods=5564 adapters=876
 compilation: enabled
              stopped_count=0, restarted_count=0
 full_count=0

Compilation events (20 events):
Event: 64.240 Thread 0x000001ec18cbc670 nmethod 6459 0x000001ec03e56210 code [0x000001ec03e563c0, 0x000001ec03e56668]
Event: 64.240 Thread 0x000001ec18cafa50 6460       4       com.sun.javafx.geom.RoundRectangle2D::getBounds (34 bytes)
Event: 64.241 Thread 0x000001ec18cafa50 nmethod 6460 0x000001ec0b463d10 code [0x000001ec0b463ea0, 0x000001ec0b463fb8]
Event: 64.288 Thread 0x000001ec18cbc670 6461       3       com.sun.javafx.sg.prism.EffectFilter::render (21 bytes)
Event: 64.288 Thread 0x000001ec18cbc670 nmethod 6461 0x000001ec03e55990 code [0x000001ec03e55ba0, 0x000001ec03e55fc8]
Event: 64.335 Thread 0x000001ec18cbc670 6462       1       com.sun.javafx.tk.quantum.ViewScene::getPlatformView (5 bytes)
Event: 64.335 Thread 0x000001ec18cbc670 nmethod 6462 0x000001ec0b463a10 code [0x000001ec0b463ba0, 0x000001ec0b463c78]
Event: 64.336 Thread 0x000001ec18cafa50 6463       4       com.sun.marlin.Helpers::outcode (70 bytes)
Event: 64.337 Thread 0x000001ec18cbc670 6464       3       com.sun.prism.d3d.D3DSwapChain::getContext (8 bytes)
Event: 64.337 Thread 0x000001ec18cafa50 nmethod 6463 0x000001ec0b463690 code [0x000001ec0b463800, 0x000001ec0b4638f8]
Event: 64.337 Thread 0x000001ec18cbc670 nmethod 6464 0x000001ec03bd8210 code [0x000001ec03bd83a0, 0x000001ec03bd8558]
Event: 64.592 Thread 0x000001ec18cbc670 6465       3       javafx.animation.Animation::setCurrentTicks (20 bytes)
Event: 64.592 Thread 0x000001ec18cbc670 nmethod 6465 0x000001ec03bc0c10 code [0x000001ec03bc0dc0, 0x000001ec03bc0fc8]
Event: 64.608 Thread 0x000001ec18cbc670 6466       3       com.sun.scenario.animation.AbstractPrimaryTimer$MainLoop::updateAnimationRunnable (61 bytes)
Event: 64.608 Thread 0x000001ec18cbc670 nmethod 6466 0x000001ec03bbfd90 code [0x000001ec03bbffa0, 0x000001ec03bc08c8]
Event: 64.609 Thread 0x000001ec18cafa50 6467       4       com.sun.javafx.sg.prism.NGRegion::renderBackgroundRectangle (1165 bytes)
Event: 64.610 Thread 0x000001ec18cbc670 6468       3       com.sun.prism.d3d.D3DSwapChain::getPhysicalWidth (11 bytes)
Event: 64.610 Thread 0x000001ec18cbc670 nmethod 6468 0x000001ec03bbf910 code [0x000001ec03bbfac0, 0x000001ec03bbfca8]
Event: 64.610 Thread 0x000001ec18cbc670 6469       3       com.sun.prism.d3d.D3DSwapChain::getPhysicalHeight (11 bytes)
Event: 64.610 Thread 0x000001ec18cbc670 nmethod 6469 0x000001ec03bbf290 code [0x000001ec03bbf440, 0x000001ec03bbf628]

GC Heap History (18 events):
Event: 0.611 GC heap before
{Heap before GC invocations=0 (full 0):
 garbage-first heap   total 129024K, used 22528K [0x0000000083600000, 0x0000000100000000)
  region size 1024K, 23 young (23552K), 0 survivors (0K)
 Metaspace       used 4788K, committed 4928K, reserved 1114112K
  class space    used 561K, committed 640K, reserved 1048576K
}
Event: 0.613 GC heap after
{Heap after GC invocations=1 (full 0):
 garbage-first heap   total 129024K, used 3894K [0x0000000083600000, 0x0000000100000000)
  region size 1024K, 3 young (3072K), 3 survivors (3072K)
 Metaspace       used 4788K, committed 4928K, reserved 1114112K
  class space    used 561K, committed 640K, reserved 1048576K
}
Event: 0.809 GC heap before
{Heap before GC invocations=1 (full 0):
 garbage-first heap   total 129024K, used 17206K [0x0000000083600000, 0x0000000100000000)
  region size 1024K, 17 young (17408K), 3 survivors (3072K)
 Metaspace       used 8991K, committed 9216K, reserved 1114112K
  class space    used 1206K, committed 1344K, reserved 1048576K
}
Event: 0.814 GC heap after
{Heap after GC invocations=2 (full 0):
 garbage-first heap   total 129024K, used 5959K [0x0000000083600000, 0x0000000100000000)
  region size 1024K, 3 young (3072K), 3 survivors (3072K)
 Metaspace       used 8991K, committed 9216K, reserved 1114112K
  class space    used 1206K, committed 1344K, reserved 1048576K
}
Event: 1.193 GC heap before
{Heap before GC invocations=2 (full 0):
 garbage-first heap   total 129024K, used 73543K [0x0000000083600000, 0x0000000100000000)
  region size 1024K, 5 young (5120K), 3 survivors (3072K)
 Metaspace       used 9251K, committed 9536K, reserved 1114112K
  class space    used 1246K, committed 1408K, reserved 1048576K
}
Event: 1.196 GC heap after
{Heap after GC invocations=3 (full 0):
 garbage-first heap   total 129024K, used 72697K [0x0000000083600000, 0x0000000100000000)
  region size 1024K, 3 young (3072K), 3 survivors (3072K)
 Metaspace       used 9251K, committed 9536K, reserved 1114112K
  class space    used 1246K, committed 1408K, reserved 1048576K
}
Event: 1.920 GC heap before
{Heap before GC invocations=4 (full 0):
 garbage-first heap   total 133120K, used 104441K [0x0000000083600000, 0x0000000100000000)
  region size 1024K, 30 young (30720K), 3 survivors (3072K)
 Metaspace       used 15060K, committed 15296K, reserved 1114112K
  class space    used 2293K, committed 2432K, reserved 1048576K
}
Event: 1.933 GC heap after
{Heap after GC invocations=5 (full 0):
 garbage-first heap   total 133120K, used 81488K [0x0000000083600000, 0x0000000100000000)
  region size 1024K, 4 young (4096K), 4 survivors (4096K)
 Metaspace       used 15060K, committed 15296K, reserved 1114112K
  class space    used 2293K, committed 2432K, reserved 1048576K
}
Event: 2.253 GC heap before
{Heap before GC invocations=5 (full 0):
 garbage-first heap   total 133120K, used 84560K [0x0000000083600000, 0x0000000100000000)
  region size 1024K, 8 young (8192K), 4 survivors (4096K)
 Metaspace       used 15906K, committed 16064K, reserved 1114112K
  class space    used 2400K, committed 2496K, reserved 1048576K
}
Event: 2.255 GC heap after
{Heap after GC invocations=6 (full 0):
 garbage-first heap   total 133120K, used 82309K [0x0000000083600000, 0x0000000100000000)
  region size 1024K, 1 young (1024K), 1 survivors (1024K)
 Metaspace       used 15906K, committed 16064K, reserved 1114112K
  class space    used 2400K, committed 2496K, reserved 1048576K
}
Event: 11.679 GC heap before
{Heap before GC invocations=7 (full 0):
 garbage-first heap   total 143360K, used 109957K [0x0000000083600000, 0x0000000100000000)
  region size 1024K, 27 young (27648K), 1 survivors (1024K)
 Metaspace       used 26770K, committed 27008K, reserved 1114112K
  class space    used 3514K, committed 3584K, reserved 1048576K
}
Event: 11.684 GC heap after
{Heap after GC invocations=8 (full 0):
 garbage-first heap   total 208896K, used 87504K [0x0000000083600000, 0x0000000100000000)
  region size 1024K, 4 young (4096K), 4 survivors (4096K)
 Metaspace       used 26770K, committed 27008K, reserved 1114112K
  class space    used 3514K, committed 3584K, reserved 1048576K
}
Event: 59.432 GC heap before
{Heap before GC invocations=9 (full 0):
 garbage-first heap   total 208896K, used 149968K [0x0000000083600000, 0x0000000100000000)
  region size 1024K, 66 young (67584K), 4 survivors (4096K)
 Metaspace       used 37007K, committed 37248K, reserved 1114112K
  class space    used 4837K, committed 4928K, reserved 1048576K
}
Event: 59.442 GC heap after
{Heap after GC invocations=10 (full 0):
 garbage-first heap   total 208896K, used 96209K [0x0000000083600000, 0x0000000100000000)
  region size 1024K, 10 young (10240K), 10 survivors (10240K)
 Metaspace       used 37007K, committed 37248K, reserved 1114112K
  class space    used 4837K, committed 4928K, reserved 1048576K
}
Event: 59.620 GC heap before
{Heap before GC invocations=10 (full 0):
 garbage-first heap   total 211968K, used 162769K [0x0000000083600000, 0x0000000100000000)
  region size 1024K, 11 young (11264K), 10 survivors (10240K)
 Metaspace       used 37016K, committed 37376K, reserved 1114112K
  class space    used 4838K, committed 4992K, reserved 1048576K
}
Event: 59.629 GC heap after
{Heap after GC invocations=11 (full 0):
 garbage-first heap   total 211968K, used 164251K [0x0000000083600000, 0x0000000100000000)
  region size 1024K, 2 young (2048K), 2 survivors (2048K)
 Metaspace       used 37016K, committed 37376K, reserved 1114112K
  class space    used 4838K, committed 4992K, reserved 1048576K
}
Event: 62.244 GC heap before
{Heap before GC invocations=12 (full 0):
 garbage-first heap   total 286720K, used 175515K [0x0000000083600000, 0x0000000100000000)
  region size 1024K, 9 young (9216K), 2 survivors (2048K)
 Metaspace       used 37222K, committed 37504K, reserved 1114112K
  class space    used 4851K, committed 4992K, reserved 1048576K
}
Event: 62.246 GC heap after
{Heap after GC invocations=13 (full 0):
 garbage-first heap   total 286720K, used 169924K [0x0000000083600000, 0x0000000100000000)
  region size 1024K, 2 young (2048K), 2 survivors (2048K)
 Metaspace       used 37222K, committed 37504K, reserved 1114112K
  class space    used 4851K, committed 4992K, reserved 1048576K
}

Dll operation events (2 events):
Event: 0.009 Loaded shared library C:\Users\ranes\.jdks\jbr-17.0.14\bin\java.dll
Event: 0.038 Loaded shared library C:\Users\ranes\.jdks\jbr-17.0.14\bin\jsvml.dll

Deoptimization events (20 events):
Event: 63.625 Thread 0x000001ec5e9637c0 Uncommon trap: trap_request=0xffffffc6 fr.pc=0x000001ec0b250738 relative=0x0000000000000518
Event: 63.625 Thread 0x000001ec5e9637c0 Uncommon trap: reason=bimorphic_or_optimized_type_check action=maybe_recompile pc=0x000001ec0b250738 method=com.sun.javafx.sg.prism.NGShape.renderContent(Lcom/sun/prism/Graphics;)V @ 454 c2
Event: 63.625 Thread 0x000001ec5e9637c0 DEOPT PACKING pc=0x000001ec0b250738 sp=0x00000062fabfd9b0
Event: 63.625 Thread 0x000001ec5e9637c0 DEOPT UNPACKING pc=0x000001ec0acba1a3 sp=0x00000062fabfd8e8 mode 2
Event: 64.000 Thread 0x000001ec5e9637c0 Uncommon trap: trap_request=0xffffff45 fr.pc=0x000001ec0b2c47d4 relative=0x0000000000001254
Event: 64.000 Thread 0x000001ec5e9637c0 Uncommon trap: reason=unstable_if action=reinterpret pc=0x000001ec0b2c47d4 method=com.sun.javafx.geom.RectBounds.isEmpty()Z @ 21 c2
Event: 64.000 Thread 0x000001ec5e9637c0 DEOPT PACKING pc=0x000001ec0b2c47d4 sp=0x00000062fabfdab0
Event: 64.000 Thread 0x000001ec5e9637c0 DEOPT UNPACKING pc=0x000001ec0acba1a3 sp=0x00000062fabfda20 mode 2
Event: 64.001 Thread 0x000001ec5e9637c0 Uncommon trap: trap_request=0xffffff45 fr.pc=0x000001ec0b33c50c relative=0x000000000000008c
Event: 64.001 Thread 0x000001ec5e9637c0 Uncommon trap: reason=unstable_if action=reinterpret pc=0x000001ec0b33c50c method=com.sun.javafx.geom.RectBounds.isEmpty()Z @ 21 c2
Event: 64.001 Thread 0x000001ec5e9637c0 DEOPT PACKING pc=0x000001ec0b33c50c sp=0x00000062fabfda80
Event: 64.001 Thread 0x000001ec5e9637c0 DEOPT UNPACKING pc=0x000001ec0acba1a3 sp=0x00000062fabfda10 mode 2
Event: 64.609 Thread 0x000001ec5e9637c0 Uncommon trap: trap_request=0xffffffc6 fr.pc=0x000001ec0b250738 relative=0x0000000000000518
Event: 64.609 Thread 0x000001ec5e9637c0 Uncommon trap: reason=bimorphic_or_optimized_type_check action=maybe_recompile pc=0x000001ec0b250738 method=com.sun.javafx.sg.prism.NGShape.renderContent(Lcom/sun/prism/Graphics;)V @ 454 c2
Event: 64.609 Thread 0x000001ec5e9637c0 DEOPT PACKING pc=0x000001ec0b250738 sp=0x00000062fabfd770
Event: 64.609 Thread 0x000001ec5e9637c0 DEOPT UNPACKING pc=0x000001ec0acba1a3 sp=0x00000062fabfd6a8 mode 2
Event: 64.610 Thread 0x000001ec5e9637c0 Uncommon trap: trap_request=0xffffffc6 fr.pc=0x000001ec0b250738 relative=0x0000000000000518
Event: 64.610 Thread 0x000001ec5e9637c0 Uncommon trap: reason=bimorphic_or_optimized_type_check action=maybe_recompile pc=0x000001ec0b250738 method=com.sun.javafx.sg.prism.NGShape.renderContent(Lcom/sun/prism/Graphics;)V @ 454 c2
Event: 64.610 Thread 0x000001ec5e9637c0 DEOPT PACKING pc=0x000001ec0b250738 sp=0x00000062fabfd900
Event: 64.610 Thread 0x000001ec5e9637c0 DEOPT UNPACKING pc=0x000001ec0acba1a3 sp=0x00000062fabfd838 mode 2

Classes loaded (20 events):
Event: 14.262 Loading class java/util/stream/IntPipeline$1
Event: 14.263 Loading class java/util/stream/IntPipeline$1 done
Event: 14.263 Loading class java/util/stream/IntPipeline$1$1
Event: 14.263 Loading class java/util/stream/IntPipeline$1$1 done
Event: 17.239 Loading class sun/security/ssl/Alert
Event: 17.239 Loading class sun/security/ssl/Alert done
Event: 17.239 Loading class sun/security/ssl/Alert$AlertConsumer
Event: 17.239 Loading class sun/security/ssl/Alert$AlertConsumer done
Event: 17.239 Loading class sun/security/ssl/Alert$Level
Event: 17.240 Loading class sun/security/ssl/Alert$Level done
Event: 17.242 Loading class java/net/SocketTimeoutException
Event: 17.242 Loading class java/io/InterruptedIOException
Event: 17.242 Loading class java/io/InterruptedIOException done
Event: 17.242 Loading class java/net/SocketTimeoutException done
Event: 62.568 Loading class java/lang/Throwable$WrappedPrintStream
Event: 62.569 Loading class java/lang/Throwable$PrintStreamOrWriter
Event: 62.569 Loading class java/lang/Throwable$PrintStreamOrWriter done
Event: 62.569 Loading class java/lang/Throwable$WrappedPrintStream done
Event: 62.570 Loading class jdk/internal/access/foreign/MemorySegmentProxy
Event: 62.571 Loading class jdk/internal/access/foreign/MemorySegmentProxy done

Classes unloaded (0 events):
No events

Classes redefined (0 events):
No events

Internal exceptions (20 events):
Event: 11.397 Thread 0x000001ec645724f0 Exception <a 'java/lang/IncompatibleClassChangeError'{0x000000008ac57df8}: Found class java.lang.Object, but interface was expected> (0x000000008ac57df8) 
thrown [s\src\hotspot\share\interpreter\linkResolver.cpp, line 838]
Event: 11.398 Thread 0x000001ec645724f0 Exception <a 'java/lang/NoSuchMethodError'{0x000000008ac5ae08}: 'int java.lang.invoke.DirectMethodHandle$Holder.invokeSpecial(java.lang.Object, java.lang.Object, java.lang.Object)'> (0x000000008ac5ae08) 
thrown [s\src\hotspot\share\interpreter\linkResolver.cpp, line 771]
Event: 11.410 Thread 0x000001ec64572f10 Exception <a 'java/lang/NoSuchMethodError'{0x000000008ac87f40}: 'int java.lang.invoke.DirectMethodHandle$Holder.invokeStaticInit(java.lang.Object, java.lang.Object, java.lang.Object, java.lang.Object)'> (0x000000008ac87f40) 
thrown [s\src\hotspot\share\interpreter\linkResolver.cpp, line 771]
Event: 13.617 Thread 0x000001ec5eab8640 Exception <a 'java/lang/NoSuchMethodError'{0x000000008f8fcf10}: 'java.lang.Object java.lang.invoke.DirectMethodHandle$Holder.invokeVirtual(java.lang.Object, java.lang.Object, java.lang.Object)'> (0x000000008f8fcf10) 
thrown [s\src\hotspot\share\interpreter\linkResolver.cpp, line 771]
Event: 14.110 Thread 0x000001ec5eab8640 Exception <a 'java/lang/NoSuchMethodError'{0x000000008ece5170}: 'int java.lang.invoke.DirectMethodHandle$Holder.invokeSpecial(java.lang.Object, java.lang.Object, java.lang.Object, java.lang.Object)'> (0x000000008ece5170) 
thrown [s\src\hotspot\share\interpreter\linkResolver.cpp, line 771]
Event: 14.111 Thread 0x000001ec5eab8640 Exception <a 'java/lang/NoSuchMethodError'{0x000000008ecf91d8}: 'void java.lang.invoke.DirectMethodHandle$Holder.invokeInterface(java.lang.Object, java.lang.Object, java.lang.Object)'> (0x000000008ecf91d8) 
thrown [s\src\hotspot\share\interpreter\linkResolver.cpp, line 771]
Event: 14.113 Thread 0x000001ec5eab8640 Exception <a 'java/lang/NoSuchMethodError'{0x000000008eb282c0}: 'java.lang.Object java.lang.invoke.DirectMethodHandle$Holder.invokeSpecial(java.lang.Object, java.lang.Object, int, java.lang.Object, java.lang.Object)'> (0x000000008eb282c0) 
thrown [s\src\hotspot\share\interpreter\linkResolver.cpp, line 771]
Event: 14.118 Thread 0x000001ec5eab8640 Exception <a 'java/io/FileNotFoundException'{0x000000008eb698a8}> (0x000000008eb698a8) 
thrown [s\src\hotspot\share\prims\jni.cpp, line 531]
Event: 14.149 Thread 0x000001ec5eab8640 Exception <a 'java/io/FileNotFoundException'{0x000000008e98edb0}> (0x000000008e98edb0) 
thrown [s\src\hotspot\share\prims\jni.cpp, line 531]
Event: 14.283 Thread 0x000001ec5eab8640 Exception <a 'java/lang/NoSuchMethodError'{0x000000008e4316d8}: 'void java.lang.invoke.DirectMethodHandle$Holder.invokeSpecialIFC(java.lang.Object, java.lang.Object, java.lang.Object, java.lang.Object)'> (0x000000008e4316d8) 
thrown [s\src\hotspot\share\interpreter\linkResolver.cpp, line 771]
Event: 14.318 Thread 0x000001ec5eab8640 Exception <a 'java/lang/NoSuchMethodError'{0x000000008e3ceda8}: 'int java.lang.invoke.DirectMethodHandle$Holder.invokeSpecial(java.lang.Object, java.lang.Object, int)'> (0x000000008e3ceda8) 
thrown [s\src\hotspot\share\interpreter\linkResolver.cpp, line 771]
Event: 14.556 Thread 0x000001ec5eab8640 Exception <a 'java/io/FileNotFoundException'{0x000000008dacfd30}> (0x000000008dacfd30) 
thrown [s\src\hotspot\share\prims\jni.cpp, line 531]
Event: 14.556 Thread 0x000001ec5eab8640 Exception <a 'java/io/FileNotFoundException'{0x000000008dad1860}> (0x000000008dad1860) 
thrown [s\src\hotspot\share\prims\jni.cpp, line 531]
Event: 14.557 Thread 0x000001ec5eab8640 Exception <a 'java/io/FileNotFoundException'{0x000000008dad33a8}> (0x000000008dad33a8) 
thrown [s\src\hotspot\share\prims\jni.cpp, line 531]
Event: 14.557 Thread 0x000001ec5eab8640 Exception <a 'java/io/FileNotFoundException'{0x000000008dad4ed0}> (0x000000008dad4ed0) 
thrown [s\src\hotspot\share\prims\jni.cpp, line 531]
Event: 53.461 Thread 0x000001ec5eab8640 Implicit null exception at 0x000001ec0b499d33 to 0x000001ec0b4a1508
Event: 59.666 Thread 0x000001ec5eab8640 Implicit null exception at 0x000001ec0b4f92a8 to 0x000001ec0b4febfa
Event: 59.667 Thread 0x000001ec5eab8640 Exception <a 'java/io/FileNotFoundException'{0x000000008c381ab0}> (0x000000008c381ab0) 
thrown [s\src\hotspot\share\prims\jni.cpp, line 531]
Event: 60.950 Thread 0x000001ec5eab8640 Exception <a 'java/lang/NoSuchMethodError'{0x0000000094af3798}: 'java.lang.Object java.lang.invoke.DirectMethodHandle$Holder.newInvokeSpecial(java.lang.Object, java.lang.Object, java.lang.Object, double, double, double, double, int, int, int, int, int, int, int, int, int)'> (0x0000000094af3798) 
thrown [s\src\hotspot\share\interpreter\linkResolver.cpp, line 771]
Event: 62.475 Thread 0x000001ec5eab8640 Exception <a 'java/io/FileNotFoundException'{0x0000000094d45d60}> (0x0000000094d45d60) 
thrown [s\src\hotspot\share\prims\jni.cpp, line 531]

VM Operations (20 events):
Event: 59.652 Executing VM operation: G1PauseCleanup
Event: 59.653 Executing VM operation: G1PauseCleanup done
Event: 60.074 Executing VM operation: HandshakeAllThreads
Event: 60.074 Executing VM operation: HandshakeAllThreads done
Event: 61.076 Executing VM operation: Cleanup
Event: 61.076 Executing VM operation: Cleanup done
Event: 62.076 Executing VM operation: Cleanup
Event: 62.077 Executing VM operation: Cleanup done
Event: 62.244 Executing VM operation: G1TryInitiateConcMark
Event: 62.246 Executing VM operation: G1TryInitiateConcMark done
Event: 62.257 Executing VM operation: G1PauseRemark
Event: 62.270 Executing VM operation: G1PauseRemark done
Event: 62.273 Executing VM operation: G1PauseCleanup
Event: 62.273 Executing VM operation: G1PauseCleanup done
Event: 62.472 Executing VM operation: HandshakeAllThreads
Event: 62.472 Executing VM operation: HandshakeAllThreads done
Event: 63.472 Executing VM operation: Cleanup
Event: 63.472 Executing VM operation: Cleanup done
Event: 64.472 Executing VM operation: Cleanup
Event: 64.472 Executing VM operation: Cleanup done

Memory protections (0 events):
No events

Nmethod flushes (20 events):
Event: 24.494 Thread 0x000001ec18cb93b0 flushing  nmethod 0x000001ec03ecad10
Event: 24.494 Thread 0x000001ec18cb93b0 flushing  nmethod 0x000001ec03ee9990
Event: 24.494 Thread 0x000001ec18cb93b0 flushing  nmethod 0x000001ec03eff410
Event: 24.494 Thread 0x000001ec18cb93b0 flushing  nmethod 0x000001ec03f45c10
Event: 24.494 Thread 0x000001ec18cb93b0 flushing  nmethod 0x000001ec03f76590
Event: 24.494 Thread 0x000001ec18cb93b0 flushing  nmethod 0x000001ec03fc9710
Event: 24.494 Thread 0x000001ec18cb93b0 flushing  nmethod 0x000001ec03ffb010
Event: 24.494 Thread 0x000001ec18cb93b0 flushing  nmethod 0x000001ec04015910
Event: 24.494 Thread 0x000001ec18cb93b0 flushing  nmethod 0x000001ec04069f10
Event: 24.494 Thread 0x000001ec18cb93b0 flushing  nmethod 0x000001ec0406a290
Event: 24.494 Thread 0x000001ec18cb93b0 flushing  nmethod 0x000001ec0406a610
Event: 24.494 Thread 0x000001ec18cb93b0 flushing  nmethod 0x000001ec0406bc10
Event: 24.495 Thread 0x000001ec18cb93b0 flushing  nmethod 0x000001ec04145110
Event: 24.495 Thread 0x000001ec18cb93b0 flushing  nmethod 0x000001ec041e2690
Event: 24.495 Thread 0x000001ec18cb93b0 flushing  nmethod 0x000001ec041f9110
Event: 24.495 Thread 0x000001ec18cb93b0 flushing osr nmethod 0x000001ec04208390
Event: 24.495 Thread 0x000001ec18cb93b0 flushing  nmethod 0x000001ec0420d690
Event: 24.495 Thread 0x000001ec18cb93b0 flushing  nmethod 0x000001ec04210010
Event: 24.495 Thread 0x000001ec18cb93b0 flushing  nmethod 0x000001ec04211090
Event: 24.495 Thread 0x000001ec18cb93b0 flushing  nmethod 0x000001ec0425db10

Events (20 events):
Event: 16.916 Thread 0x000001ec65d7bbf0 Thread exited: 0x000001ec65d7bbf0
Event: 17.063 Thread 0x000001ec18cbc670 Thread added: 0x000001ec65d7bbf0
Event: 17.397 Thread 0x000001ec65d7bbf0 Thread exited: 0x000001ec65d7bbf0
Event: 17.575 Thread 0x000001ec18cbc670 Thread added: 0x000001ec65d7bbf0
Event: 17.828 Thread 0x000001ec65d7bbf0 Thread exited: 0x000001ec65d7bbf0
Event: 22.246 Thread 0x000001ec64570ba0 Thread exited: 0x000001ec64570ba0
Event: 28.481 Thread 0x000001ec64570690 Thread added: 0x000001ec64571fe0
Event: 30.211 Thread 0x000001ec64571fe0 Thread exited: 0x000001ec64571fe0
Event: 49.480 Thread 0x000001ec64570690 Thread added: 0x000001ec64570ba0
Event: 50.492 Thread 0x000001ec64570ba0 Thread exited: 0x000001ec64570ba0
Event: 54.809 Thread 0x000001ec18cbc670 Thread added: 0x000001ec64342840
Event: 55.994 Thread 0x000001ec64342840 Thread exited: 0x000001ec64342840
Event: 59.688 Thread 0x000001ec18cbc670 Thread added: 0x000001ec64342840
Event: 60.368 Thread 0x000001ec64342840 Thread exited: 0x000001ec64342840
Event: 62.240 Thread 0x000001ec18cbc670 Thread added: 0x000001ec64342840
Event: 62.469 Thread 0x000001ec64342840 Thread exited: 0x000001ec64342840
Event: 62.481 Thread 0x000001ec18cbc670 Thread added: 0x000001ec64342840
Event: 62.504 Thread 0x000001ec18cbc670 Thread added: 0x000001ec63c2a4f0
Event: 62.721 Thread 0x000001ec63c2a4f0 Thread exited: 0x000001ec63c2a4f0
Event: 62.799 Thread 0x000001ec64342840 Thread exited: 0x000001ec64342840


Dynamic libraries:
0x00007ff703230000 - 0x00007ff70323a000 	C:\Users\ranes\.jdks\jbr-17.0.14\bin\java.exe
0x00007ffd48380000 - 0x00007ffd485e7000 	C:\WINDOWS\SYSTEM32\ntdll.dll
0x00007ffd47da0000 - 0x00007ffd47e69000 	C:\WINDOWS\System32\KERNEL32.DLL
0x00007ffd44c50000 - 0x00007ffd45044000 	C:\WINDOWS\System32\KERNELBASE.dll
0x00007ffd45240000 - 0x00007ffd4538b000 	C:\WINDOWS\System32\ucrtbase.dll
0x00007ffcba960000 - 0x00007ffcba97b000 	C:\Users\ranes\.jdks\jbr-17.0.14\bin\VCRUNTIME140.dll
0x00007ffcbbed0000 - 0x00007ffcbbee7000 	C:\Users\ranes\.jdks\jbr-17.0.14\bin\jli.dll
0x00007ffd46650000 - 0x00007ffd46815000 	C:\WINDOWS\System32\USER32.dll
0x00007ffd1e4b0000 - 0x00007ffd1e743000 	C:\WINDOWS\WinSxS\amd64_microsoft.windows.common-controls_6595b64144ccf1df_6.0.26100.8115_none_3e075c82e3354f9c\COMCTL32.dll
0x00007ffd45ed0000 - 0x00007ffd45ef7000 	C:\WINDOWS\System32\win32u.dll
0x00007ffd46310000 - 0x00007ffd463b9000 	C:\WINDOWS\System32\msvcrt.dll
0x00007ffd48180000 - 0x00007ffd481ab000 	C:\WINDOWS\System32\GDI32.dll
0x00007ffd45050000 - 0x00007ffd4517b000 	C:\WINDOWS\System32\gdi32full.dll
0x00007ffd45e20000 - 0x00007ffd45ec3000 	C:\WINDOWS\System32\msvcp_win.dll
0x00007ffd47a40000 - 0x00007ffd47a72000 	C:\WINDOWS\System32\IMM32.DLL
0x00007ffcfe6a0000 - 0x00007ffcfe6ac000 	C:\Users\ranes\.jdks\jbr-17.0.14\bin\vcruntime140_1.dll
0x00007ffca9db0000 - 0x00007ffca9e3d000 	C:\Users\ranes\.jdks\jbr-17.0.14\bin\msvcp140.dll
0x00007ffc99c40000 - 0x00007ffc9a8ce000 	C:\Users\ranes\.jdks\jbr-17.0.14\bin\server\jvm.dll
0x00007ffd47c20000 - 0x00007ffd47cd6000 	C:\WINDOWS\System32\ADVAPI32.dll
0x00007ffd46980000 - 0x00007ffd46a27000 	C:\WINDOWS\System32\sechost.dll
0x00007ffd47ed0000 - 0x00007ffd47fe8000 	C:\WINDOWS\System32\RPCRT4.dll
0x00007ffd481b0000 - 0x00007ffd48230000 	C:\WINDOWS\System32\WS2_32.dll
0x00007ffd44ab0000 - 0x00007ffd44b0e000 	C:\WINDOWS\SYSTEM32\POWRPROF.dll
0x00007ffd3d3c0000 - 0x00007ffd3d3f6000 	C:\WINDOWS\SYSTEM32\WINMM.dll
0x00007ffd2acd0000 - 0x00007ffd2acdb000 	C:\WINDOWS\SYSTEM32\VERSION.dll
0x00007ffd44a90000 - 0x00007ffd44aa4000 	C:\WINDOWS\SYSTEM32\UMPDC.dll
0x00007ffd439e0000 - 0x00007ffd439fb000 	C:\WINDOWS\SYSTEM32\kernel.appcore.dll
0x00007ffce62f0000 - 0x00007ffce62fa000 	C:\Users\ranes\.jdks\jbr-17.0.14\bin\jimage.dll
0x00007ffd42220000 - 0x00007ffd42462000 	C:\WINDOWS\SYSTEM32\DBGHELP.DLL
0x00007ffd476b0000 - 0x00007ffd47a32000 	C:\WINDOWS\System32\combase.dll
0x00007ffd46820000 - 0x00007ffd468f8000 	C:\WINDOWS\System32\OLEAUT32.dll
0x00007ffd08740000 - 0x00007ffd0877b000 	C:\WINDOWS\SYSTEM32\dbgcore.DLL
0x00007ffd45d70000 - 0x00007ffd45e15000 	C:\WINDOWS\System32\bcryptPrimitives.dll
0x00007ffcb61d0000 - 0x00007ffcb61f5000 	C:\Users\ranes\.jdks\jbr-17.0.14\bin\java.dll
0x00007ffca9cd0000 - 0x00007ffca9da7000 	C:\Users\ranes\.jdks\jbr-17.0.14\bin\jsvml.dll
0x00007ffd46ab0000 - 0x00007ffd47217000 	C:\WINDOWS\System32\SHELL32.dll
0x00007ffd45c00000 - 0x00007ffd45d6a000 	C:\WINDOWS\System32\wintypes.dll
0x00007ffd45390000 - 0x00007ffd45bf8000 	C:\WINDOWS\System32\windows.storage.dll
0x00007ffd48080000 - 0x00007ffd48178000 	C:\WINDOWS\System32\SHCORE.dll
0x00007ffd46a40000 - 0x00007ffd46aa6000 	C:\WINDOWS\System32\shlwapi.dll
0x00007ffd44b70000 - 0x00007ffd44b99000 	C:\WINDOWS\SYSTEM32\profapi.dll
0x00007ffca9c90000 - 0x00007ffca9ca9000 	C:\Users\ranes\.jdks\jbr-17.0.14\bin\net.dll
0x00007ffd3b970000 - 0x00007ffd3ba9d000 	C:\WINDOWS\SYSTEM32\WINHTTP.dll
0x00007ffd43f50000 - 0x00007ffd43fbc000 	C:\WINDOWS\system32\mswsock.dll
0x00007ffca9c70000 - 0x00007ffca9c86000 	C:\Users\ranes\.jdks\jbr-17.0.14\bin\nio.dll
0x00007ffca9cb0000 - 0x00007ffca9cc8000 	C:\Users\ranes\.jdks\jbr-17.0.14\bin\zip.dll
0x000001ec18f70000 - 0x000001ec18f73000 	C:\Users\ranes\.openjfx\cache\17.0.12\api-ms-win-core-console-l1-1-0.dll
0x000001ec18f80000 - 0x000001ec18f83000 	C:\Users\ranes\.openjfx\cache\17.0.12\api-ms-win-core-console-l1-2-0.dll
0x000001ec18f90000 - 0x000001ec18f93000 	C:\Users\ranes\.openjfx\cache\17.0.12\api-ms-win-core-datetime-l1-1-0.dll
0x000001ec18fa0000 - 0x000001ec18fa3000 	C:\Users\ranes\.openjfx\cache\17.0.12\api-ms-win-core-debug-l1-1-0.dll
0x000001ec18fb0000 - 0x000001ec18fb3000 	C:\Users\ranes\.openjfx\cache\17.0.12\api-ms-win-core-errorhandling-l1-1-0.dll
0x000001ec18fc0000 - 0x000001ec18fc4000 	C:\Users\ranes\.openjfx\cache\17.0.12\api-ms-win-core-file-l1-1-0.dll
0x000001ec18fd0000 - 0x000001ec18fd3000 	C:\Users\ranes\.openjfx\cache\17.0.12\api-ms-win-core-file-l1-2-0.dll
0x000001ec18fe0000 - 0x000001ec18fe3000 	C:\Users\ranes\.openjfx\cache\17.0.12\api-ms-win-core-file-l2-1-0.dll
0x000001ec18ff0000 - 0x000001ec18ff3000 	C:\Users\ranes\.openjfx\cache\17.0.12\api-ms-win-core-handle-l1-1-0.dll
0x000001ec5ec00000 - 0x000001ec5ec03000 	C:\Users\ranes\.openjfx\cache\17.0.12\api-ms-win-core-heap-l1-1-0.dll
0x000001ec5ec10000 - 0x000001ec5ec13000 	C:\Users\ranes\.openjfx\cache\17.0.12\api-ms-win-core-interlocked-l1-1-0.dll
0x000001ec5ec20000 - 0x000001ec5ec23000 	C:\Users\ranes\.openjfx\cache\17.0.12\api-ms-win-core-libraryloader-l1-1-0.dll
0x000001ec5ec30000 - 0x000001ec5ec33000 	C:\Users\ranes\.openjfx\cache\17.0.12\api-ms-win-core-localization-l1-2-0.dll
0x000001ec5ec40000 - 0x000001ec5ec43000 	C:\Users\ranes\.openjfx\cache\17.0.12\api-ms-win-core-memory-l1-1-0.dll
0x000001ec5ec50000 - 0x000001ec5ec53000 	C:\Users\ranes\.openjfx\cache\17.0.12\api-ms-win-core-namedpipe-l1-1-0.dll
0x000001ec5ec60000 - 0x000001ec5ec63000 	C:\Users\ranes\.openjfx\cache\17.0.12\api-ms-win-core-processenvironment-l1-1-0.dll
0x000001ec5ec70000 - 0x000001ec5ec73000 	C:\Users\ranes\.openjfx\cache\17.0.12\api-ms-win-core-processthreads-l1-1-0.dll
0x000001ec5ec80000 - 0x000001ec5ec83000 	C:\Users\ranes\.openjfx\cache\17.0.12\api-ms-win-core-processthreads-l1-1-1.dll
0x000001ec5ec90000 - 0x000001ec5ec93000 	C:\Users\ranes\.openjfx\cache\17.0.12\api-ms-win-core-profile-l1-1-0.dll
0x000001ec5eca0000 - 0x000001ec5eca3000 	C:\Users\ranes\.openjfx\cache\17.0.12\api-ms-win-core-rtlsupport-l1-1-0.dll
0x000001ec5ecb0000 - 0x000001ec5ecb3000 	C:\Users\ranes\.openjfx\cache\17.0.12\api-ms-win-core-string-l1-1-0.dll
0x000001ec5ecc0000 - 0x000001ec5ecc3000 	C:\Users\ranes\.openjfx\cache\17.0.12\api-ms-win-core-synch-l1-1-0.dll
0x000001ec5ecd0000 - 0x000001ec5ecd3000 	C:\Users\ranes\.openjfx\cache\17.0.12\api-ms-win-core-synch-l1-2-0.dll
0x000001ec5ece0000 - 0x000001ec5ece3000 	C:\Users\ranes\.openjfx\cache\17.0.12\api-ms-win-core-sysinfo-l1-1-0.dll
0x000001ec5ecf0000 - 0x000001ec5ecf3000 	C:\Users\ranes\.openjfx\cache\17.0.12\api-ms-win-core-timezone-l1-1-0.dll
0x000001ec5ed00000 - 0x000001ec5ed03000 	C:\Users\ranes\.openjfx\cache\17.0.12\api-ms-win-core-util-l1-1-0.dll
0x000001ec5ed10000 - 0x000001ec5ed13000 	C:\Users\ranes\.openjfx\cache\17.0.12\api-ms-win-crt-conio-l1-1-0.dll
0x000001ec5ed20000 - 0x000001ec5ed24000 	C:\Users\ranes\.openjfx\cache\17.0.12\api-ms-win-crt-convert-l1-1-0.dll
0x000001ec5ed30000 - 0x000001ec5ed33000 	C:\Users\ranes\.openjfx\cache\17.0.12\api-ms-win-crt-environment-l1-1-0.dll
0x000001ec5ed40000 - 0x000001ec5ed43000 	C:\Users\ranes\.openjfx\cache\17.0.12\api-ms-win-crt-filesystem-l1-1-0.dll
0x000001ec5ed50000 - 0x000001ec5ed53000 	C:\Users\ranes\.openjfx\cache\17.0.12\api-ms-win-crt-heap-l1-1-0.dll
0x000001ec5ed60000 - 0x000001ec5ed63000 	C:\Users\ranes\.openjfx\cache\17.0.12\api-ms-win-crt-locale-l1-1-0.dll
0x000001ec5ed70000 - 0x000001ec5ed75000 	C:\Users\ranes\.openjfx\cache\17.0.12\api-ms-win-crt-math-l1-1-0.dll
0x000001ec5ed80000 - 0x000001ec5ed85000 	C:\Users\ranes\.openjfx\cache\17.0.12\api-ms-win-crt-multibyte-l1-1-0.dll
0x000001ec5ed90000 - 0x000001ec5eda0000 	C:\Users\ranes\.openjfx\cache\17.0.12\api-ms-win-crt-private-l1-1-0.dll
0x000001ec5eda0000 - 0x000001ec5eda3000 	C:\Users\ranes\.openjfx\cache\17.0.12\api-ms-win-crt-process-l1-1-0.dll
0x000001ec5edb0000 - 0x000001ec5edb4000 	C:\Users\ranes\.openjfx\cache\17.0.12\api-ms-win-crt-runtime-l1-1-0.dll
0x000001ec5edc0000 - 0x000001ec5edc4000 	C:\Users\ranes\.openjfx\cache\17.0.12\api-ms-win-crt-stdio-l1-1-0.dll
0x000001ec5edd0000 - 0x000001ec5edd4000 	C:\Users\ranes\.openjfx\cache\17.0.12\api-ms-win-crt-string-l1-1-0.dll
0x000001ec5ede0000 - 0x000001ec5ede3000 	C:\Users\ranes\.openjfx\cache\17.0.12\api-ms-win-crt-time-l1-1-0.dll
0x000001ec5edf0000 - 0x000001ec5edf3000 	C:\Users\ranes\.openjfx\cache\17.0.12\api-ms-win-crt-utility-l1-1-0.dll
0x00007ffc8f100000 - 0x00007ffc8f1fc000 	C:\Users\ranes\.openjfx\cache\17.0.12\ucrtbase.dll
0x00007ffd182f0000 - 0x00007ffd1830b000 	C:\Users\ranes\.openjfx\cache\17.0.12\vcruntime140.dll
0x00007ffd18fa0000 - 0x00007ffd18fac000 	C:\Users\ranes\.openjfx\cache\17.0.12\vcruntime140_1.dll
0x00007ffcb5ef0000 - 0x00007ffcb5f7e000 	C:\Users\ranes\.openjfx\cache\17.0.12\msvcp140.dll
0x00007ffd46110000 - 0x00007ffd462a7000 	C:\WINDOWS\System32\ole32.dll
0x00007ffd182e0000 - 0x00007ffd182e9000 	C:\Users\ranes\.openjfx\cache\17.0.12\msvcp140_1.dll
0x00007ffcf4c40000 - 0x00007ffcf4c6f000 	C:\Users\ranes\.openjfx\cache\17.0.12\msvcp140_2.dll
0x00007ffcbbf90000 - 0x00007ffcbbfba000 	C:\Users\ranes\.openjfx\cache\17.0.12\prism_d3d.dll
0x00007ffd27320000 - 0x00007ffd274d2000 	C:\WINDOWS\system32\d3d9.dll
0x00007ffd42970000 - 0x00007ffd4299f000 	C:\WINDOWS\SYSTEM32\dwmapi.dll
0x00007ffd429c0000 - 0x00007ffd42a03000 	C:\WINDOWS\SYSTEM32\dxcore.dll
0x00007ffd426d0000 - 0x00007ffd42779000 	C:\WINDOWS\system32\uxtheme.dll
0x00007ffd05e70000 - 0x00007ffd060a8000 	C:\WINDOWS\System32\DriverStore\FileRepository\iigd_dch.inf_amd64_b38f68fdfc88d52c\igdumdim64.dll
0x00007ffca48a0000 - 0x00007ffca5c10000 	C:\WINDOWS\System32\DriverStore\FileRepository\iigd_dch.inf_amd64_b38f68fdfc88d52c\igd9dxva64.dll
0x00007ffd47220000 - 0x00007ffd476a7000 	C:\WINDOWS\System32\SETUPAPI.dll
0x00007ffd447c0000 - 0x00007ffd44811000 	C:\WINDOWS\SYSTEM32\cfgmgr32.dll
0x00007ffce9f10000 - 0x00007ffcebc31000 	C:\WINDOWS\System32\DriverStore\FileRepository\iigd_dch.inf_amd64_b38f68fdfc88d52c\media_bin_64.dll
0x00007ffd3b0c0000 - 0x00007ffd3b4f8000 	C:\WINDOWS\System32\DriverStore\FileRepository\iigd_dch.inf_amd64_b38f68fdfc88d52c\igdgmm64.dll
0x00007ffd3ec70000 - 0x00007ffd3ecd1000 	C:\WINDOWS\SYSTEM32\directxdatabasehelper.dll
0x00007ffcb5ea0000 - 0x00007ffcb5ee2000 	C:\Users\ranes\.openjfx\cache\17.0.12\glass.dll
0x00007ffd48240000 - 0x00007ffd4832f000 	C:\WINDOWS\System32\COMDLG32.dll
0x00007ffca9a20000 - 0x00007ffca9b53000 	C:\ProgramData\A-Volute\A-Volute.Nahimic\Modules\Scheduled\x64\AudioDevProps2.dll
0x00007ffd47ab0000 - 0x00007ffd47c0c000 	C:\WINDOWS\System32\MSCTF.dll
0x00007ffcf07d0000 - 0x00007ffcf07f7000 	C:\WINDOWS\System32\DriverStore\FileRepository\iigd_dch.inf_amd64_b38f68fdfc88d52c\igdinfo64.dll
0x00007ffd44230000 - 0x00007ffd4424b000 	C:\WINDOWS\SYSTEM32\CRYPTSP.dll
0x00007ffd43940000 - 0x00007ffd43979000 	C:\WINDOWS\system32\rsaenh.dll
0x00007ffd44250000 - 0x00007ffd4425c000 	C:\WINDOWS\SYSTEM32\CRYPTBASE.dll
0x00007ffd44b40000 - 0x00007ffd44b6a000 	C:\WINDOWS\SYSTEM32\bcrypt.dll
0x00007ffd37210000 - 0x00007ffd3b0bd000 	C:\WINDOWS\System32\DriverStore\FileRepository\iigd_dch.inf_amd64_b38f68fdfc88d52c\igc64.dll
0x00007ffcffc90000 - 0x00007ffcffc99000 	C:\Users\ranes\.jdks\jbr-17.0.14\bin\prefs.dll
0x00007ffcbbf70000 - 0x00007ffcbbf85000 	C:\Users\ranes\.openjfx\cache\17.0.12\javafx_font.dll
0x00007ffcbbdc0000 - 0x00007ffcbbded000 	C:\Users\ranes\.openjfx\cache\17.0.12\javafx_iio.dll
0x00007ffd409e0000 - 0x00007ffd40c47000 	C:\WINDOWS\SYSTEM32\dwrite.dll
0x00007ffd47ce0000 - 0x00007ffd47d8e000 	C:\WINDOWS\System32\clbcatq.dll
0x00007ffd40310000 - 0x00007ffd4053e000 	C:\WINDOWS\SYSTEM32\WindowsCodecs.dll
0x00007ffcf44f0000 - 0x00007ffcf454a000 	C:\WINDOWS\system32\dataexchange.dll
0x00007ffd35200000 - 0x00007ffd3544d000 	C:\WINDOWS\system32\twinapi.appcore.dll
0x00007ffd06370000 - 0x00007ffd0639c000 	C:\Program Files\Common Files\Microsoft Shared\Ink\rtscom.dll
0x00007ffd02e20000 - 0x00007ffd02f68000 	C:\WINDOWS\SYSTEM32\textinputframework.dll
0x00007ffd41c40000 - 0x00007ffd41d67000 	C:\WINDOWS\SYSTEM32\CoreMessaging.dll
0x00007ffd3dc60000 - 0x00007ffd3df42000 	C:\WINDOWS\SYSTEM32\CoreUIComponents.dll

dbghelp: loaded successfully - version: 4.0.5 - missing functions: none
symbol engine: initialized successfully - sym options: 0x614 - pdb path: .;C:\Users\ranes\.jdks\jbr-17.0.14\bin;C:\WINDOWS\SYSTEM32;C:\WINDOWS\WinSxS\amd64_microsoft.windows.common-controls_6595b64144ccf1df_6.0.26100.8115_none_3e075c82e3354f9c;C:\Users\ranes\.jdks\jbr-17.0.14\bin\server;C:\Users\ranes\.openjfx\cache\17.0.12;C:\WINDOWS\System32\DriverStore\FileRepository\iigd_dch.inf_amd64_b38f68fdfc88d52c;C:\WINDOWS\System32\DriverStore\FileRepository\nvlt.inf_amd64_56eae984f56a52e3;C:\ProgramData\A-Volute\A-Volute.Nahimic\Modules\Scheduled\x64;C:\Program Files\Common Files\Microsoft Shared\Ink

VM Arguments:
jvm_args: --add-modules=javafx.controls,javafx.fxml,javafx.web --module-path=C:\Users\ranes\.m2\repository\org\openjfx\javafx-base\17.0.12\javafx-base-17.0.12-win.jar;C:\Users\ranes\.m2\repository\org\openjfx\javafx-base\17.0.12\javafx-base-17.0.12.jar;C:\Users\ranes\.m2\repository\org\openjfx\javafx-controls\17.0.12\javafx-controls-17.0.12-win.jar;C:\Users\ranes\.m2\repository\org\openjfx\javafx-controls\17.0.12\javafx-controls-17.0.12.jar;C:\Users\ranes\.m2\repository\org\openjfx\javafx-fxml\17.0.12\javafx-fxml-17.0.12-win.jar;C:\Users\ranes\.m2\repository\org\openjfx\javafx-fxml\17.0.12\javafx-fxml-17.0.12.jar;C:\Users\ranes\.m2\repository\org\openjfx\javafx-graphics\17.0.12\javafx-graphics-17.0.12-win.jar;C:\Users\ranes\.m2\repository\org\openjfx\javafx-graphics\17.0.12\javafx-graphics-17.0.12.jar;C:\Users\ranes\.m2\repository\org\openjfx\javafx-media\17.0.12\javafx-media-17.0.12-win.jar;C:\Users\ranes\.m2\repository\org\openjfx\javafx-media\17.0.12\javafx-media-17.0.12.jar;C:\Users\ranes\.m2\repository\org\openjfx\javafx-web\17.0.12\javafx-web-17.0.12-win.jar;C:\Users\ranes\.m2\repository\org\openjfx\javafx-web\17.0.12\javafx-web-17.0.12.jar --add-modules=javafx.base,javafx.controls,javafx.fxml,javafx.graphics,javafx.media,javafx.web 
java_command: mains.MainFX
java_class_path (initial): C:\Users\ranes\OneDrive\Desktop\Esports\target\classes;C:\Users\ranes\.m2\repository\com\fasterxml\jackson\core\jackson-annotations\2.17.0\jackson-annotations-2.17.0.jar;C:\Users\ranes\.m2\repository\com\fasterxml\jackson\core\jackson-core\2.17.0\jackson-core-2.17.0.jar;C:\Users\ranes\.m2\repository\com\fasterxml\jackson\core\jackson-databind\2.17.0\jackson-databind-2.17.0.jar;C:\Users\ranes\.m2\repository\com\google\protobuf\protobuf-java\3.21.9\protobuf-java-3.21.9.jar;C:\Users\ranes\.m2\repository\com\mysql\mysql-connector-j\8.0.33\mysql-connector-j-8.0.33.jar;C:\Users\ranes\.m2\repository\javax\activation\activation\1.1\activation-1.1.jar;C:\Users\ranes\.m2\repository\javax\mail\mail\1.4.7\mail-1.4.7.jar;C:\Users\ranes\.m2\repository\net\bytebuddy\byte-buddy\1.14.9\byte-buddy-1.14.9.jar;C:\Users\ranes\.m2\repository\org\mindrot\jbcrypt\0.4\jbcrypt-0.4.jar
Launcher Type: SUN_STANDARD

[Global flags]
     intx CICompilerCount                          = 4                                         {product} {ergonomic}
     uint ConcGCThreads                            = 2                                         {product} {ergonomic}
     uint G1ConcRefinementThreads                  = 8                                         {product} {ergonomic}
   size_t G1HeapRegionSize                         = 1048576                                   {product} {ergonomic}
    uintx GCDrainStackTargetSize                   = 64                                        {product} {ergonomic}
   size_t InitialHeapSize                          = 132120576                                 {product} {ergonomic}
   size_t MarkStackSize                            = 4194304                                   {product} {ergonomic}
   size_t MaxHeapSize                              = 2090860544                                {product} {ergonomic}
   size_t MaxNewSize                               = 1254096896                                {product} {ergonomic}
   size_t MinHeapDeltaBytes                        = 1048576                                   {product} {ergonomic}
   size_t MinHeapSize                              = 8388608                                   {product} {ergonomic}
    uintx NonNMethodCodeHeapSize                   = 5839372                                {pd product} {ergonomic}
    uintx NonProfiledCodeHeapSize                  = 122909434                              {pd product} {ergonomic}
    uintx ProfiledCodeHeapSize                     = 122909434                              {pd product} {ergonomic}
    uintx ReservedCodeCacheSize                    = 251658240                              {pd product} {ergonomic}
     bool SegmentedCodeCache                       = true                                      {product} {ergonomic}
   size_t SoftMaxHeapSize                          = 2090860544                             {manageable} {ergonomic}
     bool UseCompressedClassPointers               = true                           {product lp64_product} {ergonomic}
     bool UseCompressedOops                        = true                           {product lp64_product} {ergonomic}
     bool UseG1GC                                  = true                                      {product} {ergonomic}
     bool UseLargePagesIndividualAllocation        = false                                  {pd product} {ergonomic}

Logging:
Log output configuration:
 #0: stdout all=warning uptime,level,tags
 #1: stderr all=off uptime,level,tags

Environment Variables:
JAVA_HOME=C:\Users\ranes\.jdks\jbr-17.0.14
PATH=C:\oraclexe\app\oracle\product\11.2.0\server\bin;C:\Program Files (x86)\VMware\VMware Workstation\bin\;C:\Program Files\Common Files\Oracle\Java\javapath;C:\oraclexe\app\oracle\product\11.2.0\server\bin;C:\Windows\system32;C:\Windows;C:\Windows\System32\Wbem;C:\Windows\System32\WindowsPowerShell\v1.0\;C:\Windows\System32\OpenSSH\;C:\Program Files (x86)\NVIDIA Corporation\PhysX\Common;C:\Program Files\NVIDIA Corporation\NVIDIA NvDLISR;C:\instantclient12;C:\oraclexe;C:\oraclexe\app\oracle\admin\XE;C:\Program Files\Git\cmd;C:\Program Files (x86)\CodeBlocks\MinGW;C:\MinGW\bin;C:\Program Files (x86)\CodeBlocks\MinGW\bin;C:\Program Files\Java\jdk-17\bin;C:\Program Files\Java\jdk-17\bin;C:\xampp\php;C:\ProgramData\ComposerSetup\bin;C:\Users\ranes\.jdks\jbr-17.0.14\bin;C:\Program Files (x86)\GnuWin32\bin;C:\WINDOWS\system32;C:\WINDOWS;C:\WINDOWS\System32\Wbem;C:\WINDOWS\System32\WindowsPowerShell\v1.0\;C:\WINDOWS\System32\OpenSSH\;C:\Users\ranes\AppData\Local\Programs\Python\Python312\Scripts\;C:\Users\ranes\AppData\Local\Programs\Python\Python312\;C:\Users\ranes\scoop\shims;C:\Users\ranes\AppData\Local\Microsoft\WindowsApps;C:\Users\ranes\Desktop\Microsoft VS Code\bin;C:\Users\ranes\AppData\Roaming\Composer\vendor\bin;C:\Users\ranes\AppData\Local\Programs\Antigravity\bin;C:\Users\ranes\AppData\Local\Programs\Windsurf\bin
USERNAME=ranes
OS=Windows_NT
PROCESSOR_IDENTIFIER=Intel64 Family 6 Model 140 Stepping 2, GenuineIntel
TMP=C:\Users\ranes\AppData\Local\Temp
TEMP=C:\Users\ranes\AppData\Local\Temp



Periodic native trim disabled

JNI global refs:
JNI global refs: 43, weak refs: 0

JNI global refs memory usage: 843, weak refs: 841

Process memory usage:
Resident Set Size: 959768K (11% of 8166712K total physical memory with 625772K free physical memory)

OOME stack traces (most recent first):
Classloader memory used:
Loader jdk.internal.loader.ClassLoaders$AppClassLoader                                 : 2743K
Loader bootstrap                                                                       : 1791K
Loader jdk.internal.loader.ClassLoaders$PlatformClassLoader                            : 127K
Loader jdk.internal.reflect.DelegatingClassLoader                                      : 14294B
Loader com.sun.javafx.reflect.MethodUtil                                               : 510B


---------------  S Y S T E M  ---------------

OS:
 Windows 11 , 64 bit Build 26100 (10.0.26100.8246)
OS uptime: 0 days 2:24 hours

CPU: total 8 (initial active 8) (4 cores per cpu, 2 threads per core) family 6 model 140 stepping 2 microcode 0x26, cx8, cmov, fxsr, ht, mmx, 3dnowpref, sse, sse2, sse3, ssse3, sse4.1, sse4.2, popcnt, lzcnt, tsc, tscinvbit, avx, avx2, aes, erms, clmul, bmi1, bmi2, adx, avx512f, avx512dq, avx512cd, avx512bw, avx512vl, sha, fma, vzeroupper, avx512_vpopcntdq, avx512_vpclmulqdq, avx512_vaes, avx512_vnni, clflush, clflushopt, clwb, avx512_vbmi2, avx512_vbmi
Processor Information for all 8 processors :
  Max Mhz: 3187, Current Mhz: 3187, Mhz Limit: 3187

Memory: 4k page, system-wide physical 7975M (606M free)
TotalPageFile size 16595M (AvailPageFile size 0M)
current process WorkingSet (physical memory assigned to process): 937M, peak: 937M
current process commit charge ("private bytes"): 954M, peak: 966M

vm_info: OpenJDK 64-Bit Server VM (17.0.14+1-b1367.22) for windows-amd64 JRE (17.0.14+1-b1367.22), built on 2025-01-30 by "builduser" with MS VC++ 16.10 / 16.11 (VS2019)

END.
