#
# There is insufficient memory for the Java Runtime Environment to continue.
# Native memory allocation (malloc) failed to allocate 32744 bytes. Error detail: ChunkPool::allocate
# Possible reasons:
#   The system is out of physical RAM or swap space
#   This process is running with CompressedOops enabled, and the Java Heap may be blocking the growth of the native heap
# Possible solutions:
#   Reduce memory load on the system
#   Increase physical memory or swap space
#   Check if swap backing store is full
#   Decrease Java heap size (-Xmx/-Xms)
#   Decrease number of Java threads
#   Decrease Java thread stack sizes (-Xss)
#   Set larger code cache with -XX:ReservedCodeCacheSize=
#   JVM is running with Unscaled Compressed Oops mode in which the Java heap is
#     placed in the first 4GB address space. The Java Heap base address is the
#     maximum limit for the native heap growth. Please use -XX:HeapBaseMinAddress
#     to set the Java Heap base and to place the Java Heap above 4GB virtual address.
# This output file may be truncated or incomplete.
#
#  Out of Memory Error (arena.cpp:79), pid=5260, tid=19528
#
# JRE version: OpenJDK Runtime Environment JBR-17.0.14+1-1367.22-nomod (17.0.14+1) (build 17.0.14+1-b1367.22)
# Java VM: OpenJDK 64-Bit Server VM JBR-17.0.14+1-1367.22-nomod (17.0.14+1-b1367.22, mixed mode, sharing, tiered, compressed oops, compressed class ptrs, g1 gc, windows-amd64)
# No core dump will be written. Minidumps are not enabled by default on client versions of Windows
#

---------------  S U M M A R Y ------------

Command Line: --add-modules=javafx.controls,javafx.fxml,javafx.web --module-path=C:\Users\ranes\.m2\repository\org\openjfx\javafx-base\17.0.12\javafx-base-17.0.12-win.jar;C:\Users\ranes\.m2\repository\org\openjfx\javafx-base\17.0.12\javafx-base-17.0.12.jar;C:\Users\ranes\.m2\repository\org\openjfx\javafx-controls\17.0.12\javafx-controls-17.0.12-win.jar;C:\Users\ranes\.m2\repository\org\openjfx\javafx-controls\17.0.12\javafx-controls-17.0.12.jar;C:\Users\ranes\.m2\repository\org\openjfx\javafx-fxml\17.0.12\javafx-fxml-17.0.12-win.jar;C:\Users\ranes\.m2\repository\org\openjfx\javafx-fxml\17.0.12\javafx-fxml-17.0.12.jar;C:\Users\ranes\.m2\repository\org\openjfx\javafx-graphics\17.0.12\javafx-graphics-17.0.12-win.jar;C:\Users\ranes\.m2\repository\org\openjfx\javafx-graphics\17.0.12\javafx-graphics-17.0.12.jar;C:\Users\ranes\.m2\repository\org\openjfx\javafx-media\17.0.12\javafx-media-17.0.12-win.jar;C:\Users\ranes\.m2\repository\org\openjfx\javafx-media\17.0.12\javafx-media-17.0.12.jar;C:\Users\ranes\.m2\repository\org\openjfx\javafx-web\17.0.12\javafx-web-17.0.12-win.jar;C:\Users\ranes\.m2\repository\org\openjfx\javafx-web\17.0.12\javafx-web-17.0.12.jar --add-modules=javafx.base,javafx.controls,javafx.fxml,javafx.graphics,javafx.media,javafx.web mains.MainFX

Host: 11th Gen Intel(R) Core(TM) i5-11320H @ 3.20GHz, 8 cores, 7G,  Windows 11 , 64 bit Build 26100 (10.0.26100.8246)
Time: Tue Apr 21 23:00:34 2026 Afr. centrale Ouest elapsed time: 62.382368 seconds (0d 0h 1m 2s)

---------------  T H R E A D  ---------------

Current thread (0x0000018c5a26e7b0):  JavaThread "C1 CompilerThread0" daemon [_thread_in_vm, id=19528, stack(0x00000012e3600000,0x00000012e3700000)]


Current CompileTask:
C1:  62382 7162       3       com.sun.javafx.geom.transform.BaseTransform::getTranslateInstance (26 bytes)

Stack: [0x00000012e3600000,0x00000012e3700000]
Native frames: (J=compiled Java code, j=interpreted, Vv=VM code, C=native code)
V  [jvm.dll+0x68b969]