#
# There is insufficient memory for the Java Runtime Environment to continue.
# Native memory allocation (malloc) failed to allocate 629040 bytes. Error detail: Chunk::new
# Possible reasons:
#   The system is out of physical RAM or swap space
#   This process is running with CompressedOops enabled, and the Java Heap may be blocking the growth of the native heap
# Possible solutions:
#   Reduce memory load on the system
#   Increase physical memory or swap space
#   Check if swap backing store is full
#   Decrease Java heap size (-Xmx/-Xms)
#   Decrease number of Java threads
#   Decrease Java thread stack sizes (-Xss)
#   Set larger code cache with -XX:ReservedCodeCacheSize=
#   JVM is running with Unscaled Compressed Oops mode in which the Java heap is
#     placed in the first 4GB address space. The Java Heap base address is the
#     maximum limit for the native heap growth. Please use -XX:HeapBaseMinAddress
#     to set the Java Heap base and to place the Java Heap above 4GB virtual address.
# This output file may be truncated or incomplete.
#
#  Out of Memory Error (arena.cpp:191), pid=2468, tid=1168
#
# JRE version: OpenJDK Runtime Environment JBR-17.0.14+1-1367.22-nomod (17.0.14+1) (build 17.0.14+1-b1367.22)
# Java VM: OpenJDK 64-Bit Server VM JBR-17.0.14+1-1367.22-nomod (17.0.14+1-b1367.22, mixed mode, sharing, tiered, compressed oops, compressed class ptrs, g1 gc, windows-amd64)
# No core dump will be written. Minidumps are not enabled by default on client versions of Windows
#

---------------  S U M M A R Y ------------

Command Line: --add-modules=javafx.controls,javafx.fxml,javafx.web --module-path=C:\Users\ranes\.m2\repository\org\openjfx\javafx-base\17.0.12\javafx-base-17.0.12-win.jar;C:\Users\ranes\.m2\repository\org\openjfx\javafx-base\17.0.12\javafx-base-17.0.12.jar;C:\Users\ranes\.m2\repository\org\openjfx\javafx-controls\17.0.12\javafx-controls-17.0.12-win.jar;C:\Users\ranes\.m2\repository\org\openjfx\javafx-controls\17.0.12\javafx-controls-17.0.12.jar;C:\Users\ranes\.m2\repository\org\openjfx\javafx-fxml\17.0.12\javafx-fxml-17.0.12-win.jar;C:\Users\ranes\.m2\repository\org\openjfx\javafx-fxml\17.0.12\javafx-fxml-17.0.12.jar;C:\Users\ranes\.m2\repository\org\openjfx\javafx-graphics\17.0.12\javafx-graphics-17.0.12-win.jar;C:\Users\ranes\.m2\repository\org\openjfx\javafx-graphics\17.0.12\javafx-graphics-17.0.12.jar;C:\Users\ranes\.m2\repository\org\openjfx\javafx-media\17.0.12\javafx-media-17.0.12-win.jar;C:\Users\ranes\.m2\repository\org\openjfx\javafx-media\17.0.12\javafx-media-17.0.12.jar;C:\Users\ranes\.m2\repository\org\openjfx\javafx-web\17.0.12\javafx-web-17.0.12-win.jar;C:\Users\ranes\.m2\repository\org\openjfx\javafx-web\17.0.12\javafx-web-17.0.12.jar --add-modules=javafx.base,javafx.controls,javafx.fxml,javafx.graphics,javafx.media,javafx.web mains.MainFX

Host: 11th Gen Intel(R) Core(TM) i5-11320H @ 3.20GHz, 8 cores, 7G,  Windows 11 , 64 bit Build 26100 (10.0.26100.7920)
Time: Wed Apr 15 23:13:31 2026 Afr. centrale Ouest elapsed time: 24.722142 seconds (0d 0h 0m 24s)

---------------  T H R E A D  ---------------

Current thread (0x000002181a998b70):  JavaThread "C2 CompilerThread0" daemon [_thread_in_native, id=1168, stack(0x000000bacb500000,0x000000bacb600000)]


Current CompileTask:
C2:  24722 5942       4       com.sun.prism.impl.ps.BaseShaderGraphics::renderGeneralRoundedPgram (1199 bytes)

Stack: [0x000000bacb500000,0x000000bacb600000]
Native frames: (J=compiled Java code, j=interpreted, Vv=VM code, C=native code)
V  [jvm.dll+0x68b969]
V  [jvm.dll+0x84572a]
V  [jvm.dll+0x8473ae]
V  [jvm.dll+0x847a13]
V  [jvm.dll+0x24a83f]
V  [jvm.dll+0xaca04]
V  [jvm.dll+0xad04c]
V  [jvm.dll+0x36af67]
V  [jvm.dll+0x1be5a2]
V  [jvm.dll+0x21c389]
V  [jvm.dll+0x21b671]
V  [jvm.dll+0x1a6acd]
V  [jvm.dll+0x22b58e]
V  [jvm.dll+0x2296d5]
V  [jvm.dll+0x7f9637]
V  [jvm.dll+0x7f3a1c]
V  [jvm.dll+0x68a7c7]
C  [ucrtbase.dll+0x37b0]
C  [KERNEL32.DLL+0x2e8d7]
C  [ntdll.dll+0x8c48c]


---------------  P R O C E S S  ---------------

Threads class SMR info:
_java_thread_list=0x00000218c4db9260, length=31, elements={
0x000002187f59bdd0, 0x000002181a97b850, 0x000002181a97c410, 0x000002181a995080,
0x000002181a995a40, 0x000002181a997410, 0x000002181a997dd0, 0x000002181a998b70,
0x000002181a9a3640, 0x000002181a9a5ac0, 0x000002181a967a60, 0x00000218604fe2b0,
0x00000218602a43d0, 0x0000021861124850, 0x0000021861127050, 0x0000021861373970,
0x00000218613e9980, 0x00000218607671a0, 0x0000021860cdd930, 0x0000021860965e00,
0x0000021860966820, 0x0000021860966310, 0x0000021860963070, 0x00000218609653e0,
0x0000021860963580, 0x0000021860963a90, 0x00000218609644b0, 0x0000021860963fa0,
0x00000218609649c0, 0x00000218673f8ea0, 0x00000218673fa2e0
}

Java Threads: ( => current thread )
  0x000002187f59bdd0 JavaThread "main" [_thread_blocked, id=2984, stack(0x000000baca800000,0x000000baca900000)]
  0x000002181a97b850 JavaThread "Reference Handler" daemon [_thread_blocked, id=8180, stack(0x000000bacaf00000,0x000000bacb000000)]
  0x000002181a97c410 JavaThread "Finalizer" daemon [_thread_blocked, id=18032, stack(0x000000bacb000000,0x000000bacb100000)]
  0x000002181a995080 JavaThread "Signal Dispatcher" daemon [_thread_blocked, id=15704, stack(0x000000bacb100000,0x000000bacb200000)]
  0x000002181a995a40 JavaThread "Attach Listener" daemon [_thread_blocked, id=13992, stack(0x000000bacb200000,0x000000bacb300000)]
  0x000002181a997410 JavaThread "Service Thread" daemon [_thread_blocked, id=18132, stack(0x000000bacb300000,0x000000bacb400000)]
  0x000002181a997dd0 JavaThread "Monitor Deflation Thread" daemon [_thread_blocked, id=23904, stack(0x000000bacb400000,0x000000bacb500000)]
=>0x000002181a998b70 JavaThread "C2 CompilerThread0" daemon [_thread_in_native, id=1168, stack(0x000000bacb500000,0x000000bacb600000)]
  0x000002181a9a3640 JavaThread "C1 CompilerThread0" daemon [_thread_blocked, id=2116, stack(0x000000bacb600000,0x000000bacb700000)]
  0x000002181a9a5ac0 JavaThread "Sweeper thread" daemon [_thread_blocked, id=24932, stack(0x000000bacb700000,0x000000bacb800000)]
  0x000002181a967a60 JavaThread "Common-Cleaner" daemon [_thread_blocked, id=4916, stack(0x000000bacb800000,0x000000bacb900000)]
  0x00000218604fe2b0 JavaThread "Notification Thread" daemon [_thread_blocked, id=2008, stack(0x000000bacbb00000,0x000000bacbc00000)]
  0x00000218602a43d0 JavaThread "QuantumRenderer-0" daemon [_thread_blocked, id=1176, stack(0x000000bacb900000,0x000000bacba00000)]
  0x0000021861124850 JavaThread "InvokeLaterDispatcher" daemon [_thread_blocked, id=26548, stack(0x000000bacbd00000,0x000000bacbe00000)]
  0x0000021861127050 JavaThread "JavaFX Application Thread" [_thread_in_native, id=20228, stack(0x000000bacbe00000,0x000000bacbf00000)]
  0x0000021861373970 JavaThread "JavaFX-Launcher" [_thread_blocked, id=4664, stack(0x000000bacc200000,0x000000bacc300000)]
  0x00000218613e9980 JavaThread "Thread-2" daemon [_thread_in_native, id=27916, stack(0x000000bacc100000,0x000000bacc200000)]
  0x00000218607671a0 JavaThread "Prism Font Disposer" daemon [_thread_blocked, id=29440, stack(0x000000baccb00000,0x000000baccc00000)]
  0x0000021860cdd930 JavaThread "Disposer" daemon [_thread_blocked, id=12636, stack(0x000000bacce00000,0x000000baccf00000)]
  0x0000021860965e00 JavaThread "HttpClient-1-SelectorManager" daemon [_thread_in_native, id=15000, stack(0x000000baccc00000,0x000000baccd00000)]
  0x0000021860966820 JavaThread "HttpClient-1-Worker-0" daemon [_thread_blocked, id=20772, stack(0x000000baccf00000,0x000000bacd000000)]
  0x0000021860966310 JavaThread "HttpClient-1-Worker-1" daemon [_thread_blocked, id=9228, stack(0x000000bacd100000,0x000000bacd200000)]
  0x0000021860963070 JavaThread "HttpClient-1-Worker-2" daemon [_thread_blocked, id=27080, stack(0x000000bacd200000,0x000000bacd300000)]
  0x00000218609653e0 JavaThread "ForkJoinPool.commonPool-worker-1" daemon [_thread_blocked, id=2516, stack(0x000000bacd600000,0x000000bacd700000)]
  0x0000021860963580 JavaThread "Cleaner-0" daemon [_thread_blocked, id=21472, stack(0x000000bace100000,0x000000bace200000)]
  0x0000021860963a90 JavaThread "ForkJoinPool.commonPool-worker-2" daemon [_thread_blocked, id=16692, stack(0x000000bace200000,0x000000bace300000)]
  0x00000218609644b0 JavaThread "ForkJoinPool.commonPool-worker-3" daemon [_thread_blocked, id=26392, stack(0x000000bacd800000,0x000000bacd900000)]
  0x0000021860963fa0 JavaThread "ForkJoinPool.commonPool-worker-4" daemon [_thread_blocked, id=29392, stack(0x000000bace300000,0x000000bace400000)]
  0x00000218609649c0 JavaThread "ForkJoinPool.commonPool-worker-5" daemon [_thread_blocked, id=14624, stack(0x000000bace400000,0x000000bace500000)]
  0x00000218673f8ea0 JavaThread "ForkJoinPool.commonPool-worker-6" daemon [_thread_blocked, id=24360, stack(0x000000bace500000,0x000000bace600000)]
  0x00000218673fa2e0 JavaThread "ForkJoinPool.commonPool-worker-7" daemon [_thread_blocked, id=8260, stack(0x000000bace600000,0x000000bace700000)]

Other Threads:
  0x000002181a976310 VMThread "VM Thread" [stack: 0x000000bacae00000,0x000000bacaf00000] [id=10472]
  0x000002186098f250 WatcherThread [stack: 0x000000bacbc00000,0x000000bacbd00000] [id=12128]
  0x000002187f5f74d0 GCTaskThread "GC Thread#0" [stack: 0x000000baca900000,0x000000bacaa00000] [id=28584]
  0x000002186135ef60 GCTaskThread "GC Thread#1" [stack: 0x000000bacc300000,0x000000bacc400000] [id=20684]
  0x00000218611edc70 GCTaskThread "GC Thread#2" [stack: 0x000000bacc400000,0x000000bacc500000] [id=8316]
  0x000002186132ac10 GCTaskThread "GC Thread#3" [stack: 0x000000bacc500000,0x000000bacc600000] [id=25316]
  0x00000218613525f0 GCTaskThread "GC Thread#4" [stack: 0x000000bacc600000,0x000000bacc700000] [id=2428]
  0x000002186144b4a0 GCTaskThread "GC Thread#5" [stack: 0x000000bacc700000,0x000000bacc800000] [id=20376]
  0x000002186174d720 GCTaskThread "GC Thread#6" [stack: 0x000000bacc900000,0x000000bacca00000] [id=20144]
  0x000002186174d9e0 GCTaskThread "GC Thread#7" [stack: 0x000000bacca00000,0x000000baccb00000] [id=5528]
  0x000002187f607d60 ConcurrentGCThread "G1 Main Marker" [stack: 0x000000bacaa00000,0x000000bacab00000] [id=28480]
  0x000002187f609450 ConcurrentGCThread "G1 Conc#0" [stack: 0x000000bacab00000,0x000000bacac00000] [id=20776]
  0x000002186170aa40 ConcurrentGCThread "G1 Conc#1" [stack: 0x000000bacc800000,0x000000bacc900000] [id=16212]
  0x000002187f64cfe0 ConcurrentGCThread "G1 Refine#0" [stack: 0x000000bacac00000,0x000000bacad00000] [id=7644]
  0x000002187f64e8c0 ConcurrentGCThread "G1 Service" [stack: 0x000000bacad00000,0x000000bacae00000] [id=29100]

Threads with active compile tasks:
C2 CompilerThread0    24976 5942       4       com.sun.prism.impl.ps.BaseShaderGraphics::renderGeneralRoundedPgram (1199 bytes)

VM state: not at safepoint (normal execution)

VM Mutex/Monitor currently owned by a thread: None

Heap address: 0x0000000083600000, size: 1994 MB, Compressed Oops mode: 32-bit

CDS archive(s) mapped at: [0x000002181b000000-0x000002181bc00000-0x000002181bc00000), size 12582912, SharedBaseAddress: 0x000002181b000000, ArchiveRelocationMode: 1.
Compressed class space mapped at: 0x000002181c000000-0x000002185c000000, reserved size: 1073741824
Narrow klass base: 0x000002181b000000, Narrow klass shift: 0, Narrow klass range: 0x100000000

GC Precious Log:
 CPUs: 8 total, 8 available
 Memory: 7975M
 Large Page Support: Disabled
 NUMA Support: Disabled
 Compressed Oops: Enabled (32-bit)
 Heap Region Size: 1M
 Heap Min Capacity: 8M
 Heap Initial Capacity: 126M
 Heap Max Capacity: 1994M
 Pre-touch: Disabled
 Parallel Workers: 8
 Concurrent Workers: 2
 Concurrent Refinement Workers: 8
 Periodic GC: Disabled

Heap:
 garbage-first heap   total 153600K, used 95902K [0x0000000083600000, 0x0000000100000000)
  region size 1024K, 10 young (10240K), 3 survivors (3072K)
 Metaspace       used 29460K, committed 29824K, reserved 1114112K
  class space    used 3921K, committed 4096K, reserved 1048576K

Heap Regions: E=young(eden), S=young(survivor), O=old, HS=humongous(starts), HC=humongous(continues), CS=collection set, F=free, OA=open archive, CA=closed archive, TAMS=top-at-mark-start (previous, next)
|   0|0x0000000083600000, 0x0000000083700000, 0x0000000083700000|100%| O|  |TAMS 0x0000000083700000, 0x0000000083600000| Untracked 
|   1|0x0000000083700000, 0x0000000083800000, 0x0000000083800000|100%| O|  |TAMS 0x0000000083800000, 0x0000000083700000| Untracked 
|   2|0x0000000083800000, 0x0000000083900000, 0x0000000083900000|100%| O|  |TAMS 0x0000000083900000, 0x0000000083800000| Untracked 
|   3|0x0000000083900000, 0x0000000083a00000, 0x0000000083a00000|100%|HS|  |TAMS 0x0000000083a00000, 0x0000000083900000| Complete 
|   4|0x0000000083a00000, 0x0000000083b00000, 0x0000000083b00000|100%|HC|  |TAMS 0x0000000083b00000, 0x0000000083a00000| Complete 
|   5|0x0000000083b00000, 0x0000000083c00000, 0x0000000083c00000|100%|HC|  |TAMS 0x0000000083c00000, 0x0000000083b00000| Complete 
|   6|0x0000000083c00000, 0x0000000083d00000, 0x0000000083d00000|100%|HC|  |TAMS 0x0000000083d00000, 0x0000000083c00000| Complete 
|   7|0x0000000083d00000, 0x0000000083e00000, 0x0000000083e00000|100%|HC|  |TAMS 0x0000000083e00000, 0x0000000083d00000| Complete 
|   8|0x0000000083e00000, 0x0000000083f00000, 0x0000000083f00000|100%|HC|  |TAMS 0x0000000083f00000, 0x0000000083e00000| Complete 
|   9|0x0000000083f00000, 0x0000000084000000, 0x0000000084000000|100%|HC|  |TAMS 0x0000000084000000, 0x0000000083f00000| Complete 
|  10|0x0000000084000000, 0x0000000084100000, 0x0000000084100000|100%|HC|  |TAMS 0x0000000084100000, 0x0000000084000000| Complete 
|  11|0x0000000084100000, 0x0000000084200000, 0x0000000084200000|100%|HC|  |TAMS 0x0000000084200000, 0x0000000084100000| Complete 
|  12|0x0000000084200000, 0x0000000084300000, 0x0000000084300000|100%|HC|  |TAMS 0x0000000084300000, 0x0000000084200000| Complete 
|  13|0x0000000084300000, 0x0000000084400000, 0x0000000084400000|100%|HC|  |TAMS 0x0000000084400000, 0x0000000084300000| Complete 
|  14|0x0000000084400000, 0x0000000084500000, 0x0000000084500000|100%|HC|  |TAMS 0x0000000084500000, 0x0000000084400000| Complete 
|  15|0x0000000084500000, 0x0000000084600000, 0x0000000084600000|100%|HC|  |TAMS 0x0000000084600000, 0x0000000084500000| Complete 
|  16|0x0000000084600000, 0x0000000084700000, 0x0000000084700000|100%|HC|  |TAMS 0x0000000084700000, 0x0000000084600000| Complete 
|  17|0x0000000084700000, 0x0000000084800000, 0x0000000084800000|100%|HC|  |TAMS 0x0000000084800000, 0x0000000084700000| Complete 
|  18|0x0000000084800000, 0x0000000084900000, 0x0000000084900000|100%|HC|  |TAMS 0x0000000084900000, 0x0000000084800000| Complete 
|  19|0x0000000084900000, 0x0000000084a00000, 0x0000000084a00000|100%|HC|  |TAMS 0x0000000084a00000, 0x0000000084900000| Complete 
|  20|0x0000000084a00000, 0x0000000084b00000, 0x0000000084b00000|100%|HC|  |TAMS 0x0000000084b00000, 0x0000000084a00000| Complete 
|  21|0x0000000084b00000, 0x0000000084c00000, 0x0000000084c00000|100%|HC|  |TAMS 0x0000000084c00000, 0x0000000084b00000| Complete 
|  22|0x0000000084c00000, 0x0000000084d00000, 0x0000000084d00000|100%|HC|  |TAMS 0x0000000084d00000, 0x0000000084c00000| Complete 
|  23|0x0000000084d00000, 0x0000000084e00000, 0x0000000084e00000|100%|HC|  |TAMS 0x0000000084e00000, 0x0000000084d00000| Complete 
|  24|0x0000000084e00000, 0x0000000084f00000, 0x0000000084f00000|100%|HC|  |TAMS 0x0000000084f00000, 0x0000000084e00000| Complete 
|  25|0x0000000084f00000, 0x0000000085000000, 0x0000000085000000|100%|HC|  |TAMS 0x0000000085000000, 0x0000000084f00000| Complete 
|  26|0x0000000085000000, 0x0000000085100000, 0x0000000085100000|100%|HC|  |TAMS 0x0000000085100000, 0x0000000085000000| Complete 
|  27|0x0000000085100000, 0x0000000085200000, 0x0000000085200000|100%|HC|  |TAMS 0x0000000085200000, 0x0000000085100000| Complete 
|  28|0x0000000085200000, 0x0000000085300000, 0x0000000085300000|100%|HC|  |TAMS 0x0000000085300000, 0x0000000085200000| Complete 
|  29|0x0000000085300000, 0x0000000085400000, 0x0000000085400000|100%|HC|  |TAMS 0x0000000085400000, 0x0000000085300000| Complete 
|  30|0x0000000085400000, 0x0000000085500000, 0x0000000085500000|100%|HC|  |TAMS 0x0000000085500000, 0x0000000085400000| Complete 
|  31|0x0000000085500000, 0x0000000085600000, 0x0000000085600000|100%|HC|  |TAMS 0x0000000085600000, 0x0000000085500000| Complete 
|  32|0x0000000085600000, 0x0000000085700000, 0x0000000085700000|100%|HC|  |TAMS 0x0000000085700000, 0x0000000085600000| Complete 
|  33|0x0000000085700000, 0x0000000085800000, 0x0000000085800000|100%|HC|  |TAMS 0x0000000085800000, 0x0000000085700000| Complete 
|  34|0x0000000085800000, 0x0000000085900000, 0x0000000085900000|100%|HC|  |TAMS 0x0000000085900000, 0x0000000085800000| Complete 
|  35|0x0000000085900000, 0x0000000085a00000, 0x0000000085a00000|100%|HC|  |TAMS 0x0000000085a00000, 0x0000000085900000| Complete 
|  36|0x0000000085a00000, 0x0000000085b00000, 0x0000000085b00000|100%|HC|  |TAMS 0x0000000085b00000, 0x0000000085a00000| Complete 
|  37|0x0000000085b00000, 0x0000000085c00000, 0x0000000085c00000|100%|HC|  |TAMS 0x0000000085c00000, 0x0000000085b00000| Complete 
|  38|0x0000000085c00000, 0x0000000085d00000, 0x0000000085d00000|100%|HC|  |TAMS 0x0000000085d00000, 0x0000000085c00000| Complete 
|  39|0x0000000085d00000, 0x0000000085e00000, 0x0000000085e00000|100%|HC|  |TAMS 0x0000000085e00000, 0x0000000085d00000| Complete 
|  40|0x0000000085e00000, 0x0000000085f00000, 0x0000000085f00000|100%|HC|  |TAMS 0x0000000085f00000, 0x0000000085e00000| Complete 
|  41|0x0000000085f00000, 0x0000000086000000, 0x0000000086000000|100%|HC|  |TAMS 0x0000000086000000, 0x0000000085f00000| Complete 
|  42|0x0000000086000000, 0x0000000086100000, 0x0000000086100000|100%|HC|  |TAMS 0x0000000086100000, 0x0000000086000000| Complete 
|  43|0x0000000086100000, 0x0000000086200000, 0x0000000086200000|100%|HC|  |TAMS 0x0000000086200000, 0x0000000086100000| Complete 
|  44|0x0000000086200000, 0x0000000086300000, 0x0000000086300000|100%|HC|  |TAMS 0x0000000086300000, 0x0000000086200000| Complete 
|  45|0x0000000086300000, 0x0000000086400000, 0x0000000086400000|100%|HC|  |TAMS 0x0000000086400000, 0x0000000086300000| Complete 
|  46|0x0000000086400000, 0x0000000086500000, 0x0000000086500000|100%|HC|  |TAMS 0x0000000086500000, 0x0000000086400000| Complete 
|  47|0x0000000086500000, 0x0000000086600000, 0x0000000086600000|100%|HC|  |TAMS 0x0000000086600000, 0x0000000086500000| Complete 
|  48|0x0000000086600000, 0x0000000086700000, 0x0000000086700000|100%|HC|  |TAMS 0x0000000086700000, 0x0000000086600000| Complete 
|  49|0x0000000086700000, 0x0000000086800000, 0x0000000086800000|100%|HC|  |TAMS 0x0000000086800000, 0x0000000086700000| Complete 
|  50|0x0000000086800000, 0x0000000086900000, 0x0000000086900000|100%|HC|  |TAMS 0x0000000086900000, 0x0000000086800000| Complete 
|  51|0x0000000086900000, 0x0000000086a00000, 0x0000000086a00000|100%|HC|  |TAMS 0x0000000086a00000, 0x0000000086900000| Complete 
|  52|0x0000000086a00000, 0x0000000086b00000, 0x0000000086b00000|100%|HC|  |TAMS 0x0000000086b00000, 0x0000000086a00000| Complete 
|  53|0x0000000086b00000, 0x0000000086c00000, 0x0000000086c00000|100%|HC|  |TAMS 0x0000000086c00000, 0x0000000086b00000| Complete 
|  54|0x0000000086c00000, 0x0000000086d00000, 0x0000000086d00000|100%|HC|  |TAMS 0x0000000086d00000, 0x0000000086c00000| Complete 
|  55|0x0000000086d00000, 0x0000000086e00000, 0x0000000086e00000|100%|HC|  |TAMS 0x0000000086e00000, 0x0000000086d00000| Complete 
|  56|0x0000000086e00000, 0x0000000086f00000, 0x0000000086f00000|100%|HC|  |TAMS 0x0000000086f00000, 0x0000000086e00000| Complete 
|  57|0x0000000086f00000, 0x0000000087000000, 0x0000000087000000|100%|HC|  |TAMS 0x0000000087000000, 0x0000000086f00000| Complete 
|  58|0x0000000087000000, 0x0000000087100000, 0x0000000087100000|100%|HC|  |TAMS 0x0000000087100000, 0x0000000087000000| Complete 
|  59|0x0000000087100000, 0x0000000087200000, 0x0000000087200000|100%|HC|  |TAMS 0x0000000087200000, 0x0000000087100000| Complete 
|  60|0x0000000087200000, 0x0000000087300000, 0x0000000087300000|100%|HC|  |TAMS 0x0000000087300000, 0x0000000087200000| Complete 
|  61|0x0000000087300000, 0x0000000087400000, 0x0000000087400000|100%|HC|  |TAMS 0x0000000087400000, 0x0000000087300000| Complete 
|  62|0x0000000087400000, 0x0000000087500000, 0x0000000087500000|100%|HC|  |TAMS 0x0000000087500000, 0x0000000087400000| Complete 
|  63|0x0000000087500000, 0x0000000087600000, 0x0000000087600000|100%|HC|  |TAMS 0x0000000087600000, 0x0000000087500000| Complete 
|  64|0x0000000087600000, 0x0000000087700000, 0x0000000087700000|100%|HC|  |TAMS 0x0000000087700000, 0x0000000087600000| Complete 
|  65|0x0000000087700000, 0x0000000087800000, 0x0000000087800000|100%|HC|  |TAMS 0x0000000087800000, 0x0000000087700000| Complete 
|  66|0x0000000087800000, 0x0000000087900000, 0x0000000087900000|100%|HC|  |TAMS 0x0000000087900000, 0x0000000087800000| Complete 
|  67|0x0000000087900000, 0x0000000087a00000, 0x0000000087a00000|100%|HC|  |TAMS 0x0000000087a00000, 0x0000000087900000| Complete 
|  68|0x0000000087a00000, 0x0000000087b00000, 0x0000000087b00000|100%|HS|  |TAMS 0x0000000087b00000, 0x0000000087a00000| Complete 
|  69|0x0000000087b00000, 0x0000000087c00000, 0x0000000087c00000|100%|HC|  |TAMS 0x0000000087c00000, 0x0000000087b00000| Complete 
|  70|0x0000000087c00000, 0x0000000087d00000, 0x0000000087d00000|100%|HC|  |TAMS 0x0000000087d00000, 0x0000000087c00000| Complete 
|  71|0x0000000087d00000, 0x0000000087e00000, 0x0000000087e00000|100%|HC|  |TAMS 0x0000000087e00000, 0x0000000087d00000| Complete 
|  72|0x0000000087e00000, 0x0000000087f00000, 0x0000000087f00000|100%|HC|  |TAMS 0x0000000087f00000, 0x0000000087e00000| Complete 
|  73|0x0000000087f00000, 0x0000000088000000, 0x0000000088000000|100%| O|  |TAMS 0x0000000088000000, 0x0000000087f00000| Untracked 
|  74|0x0000000088000000, 0x0000000088100000, 0x0000000088100000|100%| O|  |TAMS 0x0000000088100000, 0x0000000088000000| Untracked 
|  75|0x0000000088100000, 0x0000000088200000, 0x0000000088200000|100%| O|  |TAMS 0x0000000088200000, 0x0000000088100000| Untracked 
|  76|0x0000000088200000, 0x0000000088300000, 0x0000000088300000|100%| O|  |TAMS 0x0000000088300000, 0x0000000088200000| Untracked 
|  77|0x0000000088300000, 0x0000000088400000, 0x0000000088400000|100%| O|  |TAMS 0x0000000088400000, 0x0000000088300000| Untracked 
|  78|0x0000000088400000, 0x0000000088500000, 0x0000000088500000|100%| O|  |TAMS 0x0000000088500000, 0x0000000088400000| Untracked 
|  79|0x0000000088500000, 0x0000000088600000, 0x0000000088600000|100%|HS|  |TAMS 0x0000000088600000, 0x0000000088500000| Complete 
|  80|0x0000000088600000, 0x0000000088700000, 0x0000000088700000|100%|HC|  |TAMS 0x0000000088700000, 0x0000000088600000| Complete 
|  81|0x0000000088700000, 0x0000000088800000, 0x0000000088800000|100%| O|  |TAMS 0x0000000088800000, 0x0000000088700000| Untracked 
|  82|0x0000000088800000, 0x0000000088900000, 0x0000000088900000|100%| O|  |TAMS 0x0000000088900000, 0x0000000088800000| Untracked 
|  83|0x0000000088900000, 0x0000000088a00000, 0x0000000088a00000|100%| O|  |TAMS 0x0000000088a00000, 0x0000000088900000| Untracked 
|  84|0x0000000088a00000, 0x0000000088a06e00, 0x0000000088b00000|  2%| O|  |TAMS 0x0000000088a06e00, 0x0000000088a00000| Untracked 
|  85|0x0000000088b00000, 0x0000000088c00000, 0x0000000088c00000|100%|HS|  |TAMS 0x0000000088b00000, 0x0000000088b00000| Complete 
|  86|0x0000000088c00000, 0x0000000088c00000, 0x0000000088d00000|  0%| F|  |TAMS 0x0000000088c00000, 0x0000000088c00000| Untracked 
|  87|0x0000000088d00000, 0x0000000088d00000, 0x0000000088e00000|  0%| F|  |TAMS 0x0000000088d00000, 0x0000000088d00000| Untracked 
|  88|0x0000000088e00000, 0x0000000088e00000, 0x0000000088f00000|  0%| F|  |TAMS 0x0000000088e00000, 0x0000000088e00000| Untracked 
|  89|0x0000000088f00000, 0x0000000088f00000, 0x0000000089000000|  0%| F|  |TAMS 0x0000000088f00000, 0x0000000088f00000| Untracked 
|  90|0x0000000089000000, 0x0000000089000000, 0x0000000089100000|  0%| F|  |TAMS 0x0000000089000000, 0x0000000089000000| Untracked 
|  91|0x0000000089100000, 0x0000000089100000, 0x0000000089200000|  0%| F|  |TAMS 0x0000000089100000, 0x0000000089100000| Untracked 
|  92|0x0000000089200000, 0x0000000089200000, 0x0000000089300000|  0%| F|  |TAMS 0x0000000089200000, 0x0000000089200000| Untracked 
|  93|0x0000000089300000, 0x0000000089300000, 0x0000000089400000|  0%| F|  |TAMS 0x0000000089300000, 0x0000000089300000| Untracked 
|  94|0x0000000089400000, 0x0000000089400000, 0x0000000089500000|  0%| F|  |TAMS 0x0000000089400000, 0x0000000089400000| Untracked 
|  95|0x0000000089500000, 0x0000000089500000, 0x0000000089600000|  0%| F|  |TAMS 0x0000000089500000, 0x0000000089500000| Untracked 
|  96|0x0000000089600000, 0x0000000089600000, 0x0000000089700000|  0%| F|  |TAMS 0x0000000089600000, 0x0000000089600000| Untracked 
|  97|0x0000000089700000, 0x0000000089700000, 0x0000000089800000|  0%| F|  |TAMS 0x0000000089700000, 0x0000000089700000| Untracked 
|  98|0x0000000089800000, 0x0000000089800000, 0x0000000089900000|  0%| F|  |TAMS 0x0000000089800000, 0x0000000089800000| Untracked 
|  99|0x0000000089900000, 0x0000000089900000, 0x0000000089a00000|  0%| F|  |TAMS 0x0000000089900000, 0x0000000089900000| Untracked 
| 100|0x0000000089a00000, 0x0000000089a00000, 0x0000000089b00000|  0%| F|  |TAMS 0x0000000089a00000, 0x0000000089a00000| Untracked 
| 101|0x0000000089b00000, 0x0000000089b00000, 0x0000000089c00000|  0%| F|  |TAMS 0x0000000089b00000, 0x0000000089b00000| Untracked 
| 102|0x0000000089c00000, 0x0000000089c00000, 0x0000000089d00000|  0%| F|  |TAMS 0x0000000089c00000, 0x0000000089c00000| Untracked 
| 103|0x0000000089d00000, 0x0000000089d00000, 0x0000000089e00000|  0%| F|  |TAMS 0x0000000089d00000, 0x0000000089d00000| Untracked 
| 104|0x0000000089e00000, 0x0000000089e00000, 0x0000000089f00000|  0%| F|  |TAMS 0x0000000089e00000, 0x0000000089e00000| Untracked 
| 105|0x0000000089f00000, 0x0000000089f00000, 0x000000008a000000|  0%| F|  |TAMS 0x0000000089f00000, 0x0000000089f00000| Untracked 
| 106|0x000000008a000000, 0x000000008a000000, 0x000000008a100000|  0%| F|  |TAMS 0x000000008a000000, 0x000000008a000000| Untracked 
| 107|0x000000008a100000, 0x000000008a100000, 0x000000008a200000|  0%| F|  |TAMS 0x000000008a100000, 0x000000008a100000| Untracked 
| 108|0x000000008a200000, 0x000000008a200000, 0x000000008a300000|  0%| F|  |TAMS 0x000000008a200000, 0x000000008a200000| Untracked 
| 109|0x000000008a300000, 0x000000008a300000, 0x000000008a400000|  0%| F|  |TAMS 0x000000008a300000, 0x000000008a300000| Untracked 
| 110|0x000000008a400000, 0x000000008a400000, 0x000000008a500000|  0%| F|  |TAMS 0x000000008a400000, 0x000000008a400000| Untracked 
| 111|0x000000008a500000, 0x000000008a500000, 0x000000008a600000|  0%| F|  |TAMS 0x000000008a500000, 0x000000008a500000| Untracked 
| 112|0x000000008a600000, 0x000000008a600000, 0x000000008a700000|  0%| F|  |TAMS 0x000000008a600000, 0x000000008a600000| Untracked 
| 113|0x000000008a700000, 0x000000008a700000, 0x000000008a800000|  0%| F|  |TAMS 0x000000008a700000, 0x000000008a700000| Untracked 
| 114|0x000000008a800000, 0x000000008a800000, 0x000000008a900000|  0%| F|  |TAMS 0x000000008a800000, 0x000000008a800000| Untracked 
| 115|0x000000008a900000, 0x000000008a900000, 0x000000008aa00000|  0%| F|  |TAMS 0x000000008a900000, 0x000000008a900000| Untracked 
| 116|0x000000008aa00000, 0x000000008aa00000, 0x000000008ab00000|  0%| F|  |TAMS 0x000000008aa00000, 0x000000008aa00000| Untracked 
| 117|0x000000008ab00000, 0x000000008ab00000, 0x000000008ac00000|  0%| F|  |TAMS 0x000000008ab00000, 0x000000008ab00000| Untracked 
| 118|0x000000008ac00000, 0x000000008ac00000, 0x000000008ad00000|  0%| F|  |TAMS 0x000000008ac00000, 0x000000008ac00000| Untracked 
| 119|0x000000008ad00000, 0x000000008ad00000, 0x000000008ae00000|  0%| F|  |TAMS 0x000000008ad00000, 0x000000008ad00000| Untracked 
| 120|0x000000008ae00000, 0x000000008ae00000, 0x000000008af00000|  0%| F|  |TAMS 0x000000008ae00000, 0x000000008ae00000| Untracked 
| 121|0x000000008af00000, 0x000000008af00000, 0x000000008b000000|  0%| F|  |TAMS 0x000000008af00000, 0x000000008af00000| Untracked 
| 122|0x000000008b000000, 0x000000008b000000, 0x000000008b100000|  0%| F|  |TAMS 0x000000008b000000, 0x000000008b000000| Untracked 
| 123|0x000000008b100000, 0x000000008b100000, 0x000000008b200000|  0%| F|  |TAMS 0x000000008b100000, 0x000000008b100000| Untracked 
| 124|0x000000008b200000, 0x000000008b200000, 0x000000008b300000|  0%| F|  |TAMS 0x000000008b200000, 0x000000008b200000| Untracked 
| 125|0x000000008b300000, 0x000000008b300000, 0x000000008b400000|  0%| F|  |TAMS 0x000000008b300000, 0x000000008b300000| Untracked 
| 126|0x000000008b400000, 0x000000008b400000, 0x000000008b500000|  0%| F|  |TAMS 0x000000008b400000, 0x000000008b400000| Untracked 
| 127|0x000000008b500000, 0x000000008b500000, 0x000000008b600000|  0%| F|  |TAMS 0x000000008b500000, 0x000000008b500000| Untracked 
| 128|0x000000008b600000, 0x000000008b600000, 0x000000008b700000|  0%| F|  |TAMS 0x000000008b600000, 0x000000008b600000| Untracked 
| 129|0x000000008b700000, 0x000000008b700000, 0x000000008b800000|  0%| F|  |TAMS 0x000000008b700000, 0x000000008b700000| Untracked 
| 130|0x000000008b800000, 0x000000008b800000, 0x000000008b900000|  0%| F|  |TAMS 0x000000008b800000, 0x000000008b800000| Untracked 
| 131|0x000000008b900000, 0x000000008b900000, 0x000000008ba00000|  0%| F|  |TAMS 0x000000008b900000, 0x000000008b900000| Untracked 
| 132|0x000000008ba00000, 0x000000008ba00000, 0x000000008bb00000|  0%| F|  |TAMS 0x000000008ba00000, 0x000000008ba00000| Untracked 
| 133|0x000000008bb00000, 0x000000008bb00000, 0x000000008bc00000|  0%| F|  |TAMS 0x000000008bb00000, 0x000000008bb00000| Untracked 
| 134|0x000000008bc00000, 0x000000008bc00000, 0x000000008bd00000|  0%| F|  |TAMS 0x000000008bc00000, 0x000000008bc00000| Untracked 
| 135|0x000000008bd00000, 0x000000008bd00000, 0x000000008be00000|  0%| F|  |TAMS 0x000000008bd00000, 0x000000008bd00000| Untracked 
| 136|0x000000008be00000, 0x000000008be00000, 0x000000008bf00000|  0%| F|  |TAMS 0x000000008be00000, 0x000000008be00000| Untracked 
| 137|0x000000008bf00000, 0x000000008bf00000, 0x000000008c000000|  0%| F|  |TAMS 0x000000008bf00000, 0x000000008bf00000| Untracked 
| 138|0x000000008c000000, 0x000000008c000000, 0x000000008c100000|  0%| F|  |TAMS 0x000000008c000000, 0x000000008c000000| Untracked 
| 139|0x000000008c100000, 0x000000008c100000, 0x000000008c200000|  0%| F|  |TAMS 0x000000008c100000, 0x000000008c100000| Untracked 
| 140|0x000000008c200000, 0x000000008c2ca5e0, 0x000000008c300000| 79%| E|  |TAMS 0x000000008c200000, 0x000000008c200000| Complete 
| 141|0x000000008c300000, 0x000000008c400000, 0x000000008c400000|100%| E|CS|TAMS 0x000000008c300000, 0x000000008c300000| Complete 
| 142|0x000000008c400000, 0x000000008c500000, 0x000000008c500000|100%| E|CS|TAMS 0x000000008c400000, 0x000000008c400000| Complete 
| 143|0x000000008c500000, 0x000000008c600000, 0x000000008c600000|100%| E|CS|TAMS 0x000000008c500000, 0x000000008c500000| Complete 
| 144|0x000000008c600000, 0x000000008c700000, 0x000000008c700000|100%| E|CS|TAMS 0x000000008c600000, 0x000000008c600000| Complete 
| 145|0x000000008c700000, 0x000000008c800000, 0x000000008c800000|100%| E|CS|TAMS 0x000000008c700000, 0x000000008c700000| Complete 
| 146|0x000000008c800000, 0x000000008c900000, 0x000000008c900000|100%| E|CS|TAMS 0x000000008c800000, 0x000000008c800000| Complete 
| 147|0x000000008c900000, 0x000000008c9a0a90, 0x000000008ca00000| 62%| S|CS|TAMS 0x000000008c900000, 0x000000008c900000| Complete 
| 148|0x000000008ca00000, 0x000000008cb00000, 0x000000008cb00000|100%| S|CS|TAMS 0x000000008ca00000, 0x000000008ca00000| Complete 
| 149|0x000000008cb00000, 0x000000008cc00000, 0x000000008cc00000|100%| S|CS|TAMS 0x000000008cb00000, 0x000000008cb00000| Complete 

Card table byte_map: [0x0000021813b40000,0x0000021813f30000] _byte_map_base: 0x0000021813725000

Marking Bits (Prev, Next): (CMBitMap*) 0x000002187f5f7b30, (CMBitMap*) 0x000002187f5f7af0
 Prev Bits: [0x0000021816250000, 0x0000021818178000)
 Next Bits: [0x0000021814320000, 0x0000021816248000)

Polling page: 0x000002187eb90000

Metaspace:

Usage:
  Non-class:     24.94 MB used.
      Class:      3.83 MB used.
       Both:     28.77 MB used.

Virtual space:
  Non-class space:       64.00 MB reserved,      25.12 MB ( 39%) committed,  1 nodes.
      Class space:        1.00 GB reserved,       4.00 MB ( <1%) committed,  1 nodes.
             Both:        1.06 GB reserved,      29.12 MB (  3%) committed. 

Chunk freelists:
   Non-Class:  6.72 MB
       Class:  12.01 MB
        Both:  18.73 MB

MaxMetaspaceSize: unlimited
CompressedClassSpaceSize: 1.00 GB
Initial GC threshold: 21.00 MB
Current GC threshold: 47.94 MB
CDS: on
MetaspaceReclaimPolicy: balanced
 - commit_granule_bytes: 65536.
 - commit_granule_words: 8192.
 - virtual_space_node_default_size: 8388608.
 - enlarge_chunks_in_place: 1.
 - new_chunks_are_fully_committed: 0.
 - uncommit_free_chunks: 1.
 - use_allocation_guard: 0.
 - handle_deallocations: 1.


Internal statistics:

num_allocs_failed_limit: 3.
num_arena_births: 504.
num_arena_deaths: 0.
num_vsnodes_births: 2.
num_vsnodes_deaths: 0.
num_space_committed: 466.
num_space_uncommitted: 0.
num_chunks_returned_to_freelist: 3.
num_chunks_taken_from_freelist: 1426.
num_chunk_merges: 3.
num_chunk_splits: 906.
num_chunks_enlarged: 590.
num_inconsistent_stats: 0.

CodeHeap 'non-profiled nmethods': size=120000Kb used=2962Kb max_used=2962Kb free=117037Kb
 bounds [0x000002180c610000, 0x000002180c900000, 0x0000021813b40000]
CodeHeap 'profiled nmethods': size=120000Kb used=12584Kb max_used=12584Kb free=107415Kb
 bounds [0x0000021804b40000, 0x0000021805790000, 0x000002180c070000]
CodeHeap 'non-nmethods': size=5760Kb used=1554Kb max_used=1583Kb free=4205Kb
 bounds [0x000002180c070000, 0x000002180c2e0000, 0x000002180c610000]
 total_blobs=6880 nmethods=5952 adapters=840
 compilation: enabled
              stopped_count=0, restarted_count=0
 full_count=0

Compilation events (20 events):
Event: 24.662 Thread 0x000002181a9a3640 5946       3       com.sun.javafx.webkit.prism.WCGraphicsPrismContext::flushAllLayers (147 bytes)
Event: 24.663 Thread 0x000002181a9a3640 nmethod 5946 0x000002180577c410 code [0x000002180577c6c0, 0x000002180577d418]
Event: 24.663 Thread 0x000002181a9a3640 5947       3       com.sun.javafx.webkit.prism.WCGraphicsPrismContext::dispose (108 bytes)
Event: 24.663 Thread 0x000002181a9a3640 nmethod 5947 0x000002180577d810 code [0x000002180577da60, 0x000002180577e498]
Event: 24.664 Thread 0x000002181a9a3640 5948       3       com.sun.javafx.scene.ParentHelper::computeGeomBoundsImpl (12 bytes)
Event: 24.665 Thread 0x000002181a9a3640 nmethod 5948 0x000002180577e790 code [0x000002180577e940, 0x000002180577ec48]
Event: 24.665 Thread 0x000002181a9a3640 5949       3       javafx.scene.Parent$1::doComputeGeomBounds (10 bytes)
Event: 24.665 Thread 0x000002181a9a3640 nmethod 5949 0x000002180577ed90 code [0x000002180577ef40, 0x000002180577f188]
Event: 24.665 Thread 0x000002181a9a3640 5950       3       javafx.scene.Parent::doComputeGeomBounds (430 bytes)
Event: 24.668 Thread 0x000002181a9a3640 nmethod 5950 0x000002180577f290 code [0x000002180577f7e0, 0x0000021805782488]
Event: 24.669 Thread 0x000002181a9a3640 5951       3       com.sun.javafx.scene.layout.RegionHelper::computeGeomBoundsImpl (12 bytes)
Event: 24.669 Thread 0x000002181a9a3640 nmethod 5951 0x0000021805783310 code [0x00000218057834c0, 0x00000218057837c8]
Event: 24.669 Thread 0x000002181a9a3640 5952       3       javafx.scene.layout.Region$1::doComputeGeomBounds (10 bytes)
Event: 24.669 Thread 0x000002181a9a3640 nmethod 5952 0x0000021805783910 code [0x0000021805783ac0, 0x0000021805783d08]
Event: 24.669 Thread 0x000002181a9a3640 5953       3       javafx.scene.layout.Region::doComputeGeomBounds (343 bytes)
Event: 24.672 Thread 0x000002181a9a3640 nmethod 5953 0x0000021805783e10 code [0x00000218057842e0, 0x0000021805786c58]
Event: 24.674 Thread 0x000002181a9a3640 5954       3       com.sun.javafx.sg.prism.NGShape::visualsChanged (26 bytes)
Event: 24.675 Thread 0x000002181a9a3640 nmethod 5954 0x0000021805787b10 code [0x0000021805787d00, 0x0000021805788268]
Event: 24.676 Thread 0x000002181a9a3640 5956       3       com.sun.javafx.sg.prism.NodeEffectInput::filter (225 bytes)
Event: 24.677 Thread 0x000002181a9a3640 nmethod 5956 0x0000021805788490 code [0x0000021805788800, 0x0000021805789c08]

GC Heap History (18 events):
Event: 1.503 GC heap before
{Heap before GC invocations=0 (full 0):
 garbage-first heap   total 129024K, used 22528K [0x0000000083600000, 0x0000000100000000)
  region size 1024K, 23 young (23552K), 0 survivors (0K)
 Metaspace       used 4954K, committed 5120K, reserved 1114112K
  class space    used 615K, committed 704K, reserved 1048576K
}
Event: 1.506 GC heap after
{Heap after GC invocations=1 (full 0):
 garbage-first heap   total 129024K, used 3312K [0x0000000083600000, 0x0000000100000000)
  region size 1024K, 3 young (3072K), 3 survivors (3072K)
 Metaspace       used 4954K, committed 5120K, reserved 1114112K
  class space    used 615K, committed 704K, reserved 1048576K
}
Event: 1.886 GC heap before
{Heap before GC invocations=1 (full 0):
 garbage-first heap   total 129024K, used 16624K [0x0000000083600000, 0x0000000100000000)
  region size 1024K, 17 young (17408K), 3 survivors (3072K)
 Metaspace       used 8962K, committed 9216K, reserved 1114112K
  class space    used 1205K, committed 1344K, reserved 1048576K
}
Event: 1.891 GC heap after
{Heap after GC invocations=2 (full 0):
 garbage-first heap   total 129024K, used 5311K [0x0000000083600000, 0x0000000100000000)
  region size 1024K, 3 young (3072K), 3 survivors (3072K)
 Metaspace       used 8962K, committed 9216K, reserved 1114112K
  class space    used 1205K, committed 1344K, reserved 1048576K
}
Event: 2.215 GC heap before
{Heap before GC invocations=2 (full 0):
 garbage-first heap   total 129024K, used 72895K [0x0000000083600000, 0x0000000100000000)
  region size 1024K, 5 young (5120K), 3 survivors (3072K)
 Metaspace       used 9219K, committed 9472K, reserved 1114112K
  class space    used 1245K, committed 1408K, reserved 1048576K
}
Event: 2.217 GC heap after
{Heap after GC invocations=3 (full 0):
 garbage-first heap   total 129024K, used 72055K [0x0000000083600000, 0x0000000100000000)
  region size 1024K, 3 young (3072K), 3 survivors (3072K)
 Metaspace       used 9219K, committed 9472K, reserved 1114112K
  class space    used 1245K, committed 1408K, reserved 1048576K
}
Event: 11.150 GC heap before
{Heap before GC invocations=4 (full 0):
 garbage-first heap   total 132096K, used 103799K [0x0000000083600000, 0x0000000100000000)
  region size 1024K, 30 young (30720K), 3 survivors (3072K)
 Metaspace       used 18510K, committed 18816K, reserved 1114112K
  class space    used 2485K, committed 2624K, reserved 1048576K
}
Event: 11.155 GC heap after
{Heap after GC invocations=5 (full 0):
 garbage-first heap   total 132096K, used 80934K [0x0000000083600000, 0x0000000100000000)
  region size 1024K, 4 young (4096K), 4 survivors (4096K)
 Metaspace       used 18510K, committed 18816K, reserved 1114112K
  class space    used 2485K, committed 2624K, reserved 1048576K
}
Event: 11.374 GC heap before
{Heap before GC invocations=5 (full 0):
 garbage-first heap   total 132096K, used 93222K [0x0000000083600000, 0x0000000100000000)
  region size 1024K, 17 young (17408K), 4 survivors (4096K)
 Metaspace       used 21191K, committed 21504K, reserved 1114112K
  class space    used 2965K, committed 3136K, reserved 1048576K
}
Event: 11.378 GC heap after
{Heap after GC invocations=6 (full 0):
 garbage-first heap   total 132096K, used 82276K [0x0000000083600000, 0x0000000100000000)
  region size 1024K, 2 young (2048K), 2 survivors (2048K)
 Metaspace       used 21191K, committed 21504K, reserved 1114112K
  class space    used 2965K, committed 3136K, reserved 1048576K
}
Event: 11.825 GC heap before
{Heap before GC invocations=7 (full 0):
 garbage-first heap   total 140288K, used 94564K [0x0000000083600000, 0x0000000100000000)
  region size 1024K, 16 young (16384K), 2 survivors (2048K)
 Metaspace       used 24929K, committed 25280K, reserved 1114112K
  class space    used 3587K, committed 3776K, reserved 1048576K
}
Event: 11.827 GC heap after
{Heap after GC invocations=8 (full 0):
 garbage-first heap   total 140288K, used 84106K [0x0000000083600000, 0x0000000100000000)
  region size 1024K, 4 young (4096K), 4 survivors (4096K)
 Metaspace       used 24929K, committed 25280K, reserved 1114112K
  class space    used 3587K, committed 3776K, reserved 1048576K
}
Event: 13.389 GC heap before
{Heap before GC invocations=9 (full 0):
 garbage-first heap   total 147456K, used 115850K [0x0000000083600000, 0x0000000100000000)
  region size 1024K, 34 young (34816K), 4 survivors (4096K)
 Metaspace       used 27947K, committed 28352K, reserved 1114112K
  class space    used 3866K, committed 4032K, reserved 1048576K
}
Event: 13.395 GC heap after
{Heap after GC invocations=10 (full 0):
 garbage-first heap   total 147456K, used 87880K [0x0000000083600000, 0x0000000100000000)
  region size 1024K, 4 young (4096K), 4 survivors (4096K)
 Metaspace       used 27947K, committed 28352K, reserved 1114112K
  class space    used 3866K, committed 4032K, reserved 1048576K
}
Event: 19.016 GC heap before
{Heap before GC invocations=10 (full 0):
 garbage-first heap   total 147456K, used 116552K [0x0000000083600000, 0x0000000100000000)
  region size 1024K, 34 young (34816K), 4 survivors (4096K)
 Metaspace       used 29011K, committed 29440K, reserved 1114112K
  class space    used 3911K, committed 4096K, reserved 1048576K
}
Event: 19.020 GC heap after
{Heap after GC invocations=11 (full 0):
 garbage-first heap   total 147456K, used 88804K [0x0000000083600000, 0x0000000100000000)
  region size 1024K, 3 young (3072K), 3 survivors (3072K)
 Metaspace       used 29011K, committed 29440K, reserved 1114112K
  class space    used 3911K, committed 4096K, reserved 1048576K
}
Event: 19.066 GC heap before
{Heap before GC invocations=12 (full 0):
 garbage-first heap   total 153600K, used 89828K [0x0000000083600000, 0x0000000100000000)
  region size 1024K, 4 young (4096K), 3 survivors (3072K)
 Metaspace       used 29015K, committed 29440K, reserved 1114112K
  class space    used 3911K, committed 4096K, reserved 1048576K
}
Event: 19.069 GC heap after
{Heap after GC invocations=13 (full 0):
 garbage-first heap   total 153600K, used 88734K [0x0000000083600000, 0x0000000100000000)
  region size 1024K, 3 young (3072K), 3 survivors (3072K)
 Metaspace       used 29015K, committed 29440K, reserved 1114112K
  class space    used 3911K, committed 4096K, reserved 1048576K
}

Dll operation events (2 events):
Event: 0.008 Loaded shared library C:\Users\ranes\.jdks\jbr-17.0.14\bin\java.dll
Event: 0.029 Loaded shared library C:\Users\ranes\.jdks\jbr-17.0.14\bin\jsvml.dll

Deoptimization events (20 events):
Event: 19.077 Thread 0x00000218602a43d0 DEOPT PACKING pc=0x00000218055311e1 sp=0x000000bacb9fb760
Event: 19.077 Thread 0x00000218602a43d0 DEOPT UNPACKING pc=0x000002180c0cace3 sp=0x000000bacb9fab78 mode 0
Event: 19.087 Thread 0x00000218602a43d0 DEOPT PACKING pc=0x00000218055311e1 sp=0x000000bacb9fbde0
Event: 19.087 Thread 0x00000218602a43d0 DEOPT UNPACKING pc=0x000002180c0cace3 sp=0x000000bacb9fb1f8 mode 0
Event: 19.134 Thread 0x0000021861127050 Uncommon trap: trap_request=0xffffffde fr.pc=0x000002180c6b2c9c relative=0x0000000000000e7c
Event: 19.134 Thread 0x0000021861127050 Uncommon trap: reason=class_check action=maybe_recompile pc=0x000002180c6b2c9c method=java.util.concurrent.ConcurrentHashMap.putVal(Ljava/lang/Object;Ljava/lang/Object;Z)Ljava/lang/Object; @ 242 c2
Event: 19.134 Thread 0x0000021861127050 DEOPT PACKING pc=0x000002180c6b2c9c sp=0x000000bacbee6430
Event: 19.134 Thread 0x0000021861127050 DEOPT UNPACKING pc=0x000002180c0ca1a3 sp=0x000000bacbee63a0 mode 2
Event: 19.134 Thread 0x0000021861127050 Uncommon trap: trap_request=0xffffffde fr.pc=0x000002180c6b2c9c relative=0x0000000000000e7c
Event: 19.134 Thread 0x0000021861127050 Uncommon trap: reason=class_check action=maybe_recompile pc=0x000002180c6b2c9c method=java.util.concurrent.ConcurrentHashMap.putVal(Ljava/lang/Object;Ljava/lang/Object;Z)Ljava/lang/Object; @ 242 c2
Event: 19.134 Thread 0x0000021861127050 DEOPT PACKING pc=0x000002180c6b2c9c sp=0x000000bacbee55f0
Event: 19.134 Thread 0x0000021861127050 DEOPT UNPACKING pc=0x000002180c0ca1a3 sp=0x000000bacbee5560 mode 2
Event: 19.307 Thread 0x00000218602a43d0 Uncommon trap: trap_request=0xffffff6e fr.pc=0x000002180c8b9a98 relative=0x0000000000000598
Event: 19.307 Thread 0x00000218602a43d0 Uncommon trap: reason=loop_limit_check action=maybe_recompile pc=0x000002180c8b9a98 method=com.sun.javafx.image.impl.BaseByteToByteConverter$ByteAnyToSameConverter.doConvert([BII[BIIII)V @ 5 c2
Event: 19.307 Thread 0x00000218602a43d0 DEOPT PACKING pc=0x000002180c8b9a98 sp=0x000000bacb9fb3e0
Event: 19.307 Thread 0x00000218602a43d0 DEOPT UNPACKING pc=0x000002180c0ca1a3 sp=0x000000bacb9fb378 mode 2
Event: 23.201 Thread 0x0000021861127050 Uncommon trap: trap_request=0xffffff6e fr.pc=0x000002180c8e87c8 relative=0x00000000000001e8
Event: 23.201 Thread 0x0000021861127050 Uncommon trap: reason=loop_limit_check action=maybe_recompile pc=0x000002180c8e87c8 method=javafx.scene.Parent.pickChildrenNode(Lcom/sun/javafx/geom/PickRay;Lcom/sun/javafx/scene/input/PickResultChooser;)Z @ 17 c2
Event: 23.201 Thread 0x0000021861127050 DEOPT PACKING pc=0x000002180c8e87c8 sp=0x000000bacbefe0f0
Event: 23.201 Thread 0x0000021861127050 DEOPT UNPACKING pc=0x000002180c0ca1a3 sp=0x000000bacbefdea0 mode 2

Classes loaded (20 events):
Event: 12.315 Loading class sun/security/util/DomainName$RegisteredDomainImpl
Event: 12.315 Loading class sun/security/util/DomainName$RegisteredDomainImpl done
Event: 12.426 Loading class jdk/internal/access/foreign/MemorySegmentProxy
Event: 12.426 Loading class jdk/internal/access/foreign/MemorySegmentProxy done
Event: 12.756 Loading class sun/net/www/protocol/https/Handler
Event: 12.756 Loading class sun/net/www/protocol/https/Handler done
Event: 13.185 Loading class java/util/stream/Nodes$FixedNodeBuilder
Event: 13.185 Loading class java/util/stream/Nodes$ArrayNode
Event: 13.185 Loading class java/util/stream/Nodes$ArrayNode done
Event: 13.185 Loading class java/util/stream/Nodes$FixedNodeBuilder done
Event: 13.202 Loading class java/util/zip/DataFormatException
Event: 13.202 Loading class java/util/zip/DataFormatException done
Event: 13.447 Loading class java/nio/file/TempFileHelper
Event: 13.447 Loading class java/nio/file/TempFileHelper done
Event: 13.448 Loading class sun/nio/fs/WindowsPath$1
Event: 13.448 Loading class sun/nio/fs/WindowsPath$1 done
Event: 13.448 Loading class sun/nio/fs/WindowsChannelFactory$2
Event: 13.448 Loading class sun/nio/fs/WindowsChannelFactory$2 done
Event: 18.723 Loading class java/text/ParseException
Event: 18.724 Loading class java/text/ParseException done

Classes unloaded (0 events):
No events

Classes redefined (0 events):
No events

Internal exceptions (20 events):
Event: 16.364 Thread 0x0000021861127050 Exception <a 'java/lang/NoSuchMethodError'{0x000000008b0c37d0}: 'java.lang.Object java.lang.invoke.DirectMethodHandle$Holder.newInvokeSpecial(java.lang.Object, java.lang.Object, java.lang.Object, int, int, int, int, int)'> (0x000000008b0c37d0) 
thrown [s\src\hotspot\share\interpreter\linkResolver.cpp, line 771]
Event: 16.365 Thread 0x0000021861127050 Exception <a 'java/lang/NoSuchMethodError'{0x000000008b0fd350}: 'java.lang.Object java.lang.invoke.Invokers$Holder.linkToTargetMethod(java.lang.Object, java.lang.Object, int, int, int, int, int, java.lang.Object)'> (0x000000008b0fd350) 
thrown [s\src\hotspot\share\interpreter\linkResolver.cpp, line 771]
Event: 18.577 Thread 0x0000021860966820 Exception <a 'java/lang/NoSuchMethodError'{0x000000008ad0e120}: 'java.lang.Object java.lang.invoke.DirectMethodHandle$Holder.newInvokeSpecial(java.lang.Object, java.lang.Object, long, long)'> (0x000000008ad0e120) 
thrown [s\src\hotspot\share\interpreter\linkResolver.cpp, line 771]
Event: 18.577 Thread 0x0000021860966820 Exception <a 'java/lang/NoSuchMethodError'{0x000000008ad121e8}: 'java.lang.Object java.lang.invoke.DirectMethodHandle$Holder.invokeSpecial(java.lang.Object, java.lang.Object, java.lang.Object, long, long)'> (0x000000008ad121e8) 
thrown [s\src\hotspot\share\interpreter\linkResolver.cpp, line 771]
Event: 18.577 Thread 0x0000021860966820 Exception <a 'java/lang/NoSuchMethodError'{0x000000008ad15cf8}: 'java.lang.Object java.lang.invoke.Invokers$Holder.linkToTargetMethod(java.lang.Object, long, long, java.lang.Object)'> (0x000000008ad15cf8) 
thrown [s\src\hotspot\share\interpreter\linkResolver.cpp, line 771]
Event: 18.848 Thread 0x0000021861127050 Exception <a 'java/io/FileNotFoundException'{0x000000008ab8c550}> (0x000000008ab8c550) 
thrown [s\src\hotspot\share\prims\jni.cpp, line 531]
Event: 18.848 Thread 0x0000021861127050 Exception <a 'java/io/FileNotFoundException'{0x000000008ab8d338}> (0x000000008ab8d338) 
thrown [s\src\hotspot\share\prims\jni.cpp, line 531]
Event: 18.848 Thread 0x0000021861127050 Exception <a 'java/io/FileNotFoundException'{0x000000008ab8e138}> (0x000000008ab8e138) 
thrown [s\src\hotspot\share\prims\jni.cpp, line 531]
Event: 18.848 Thread 0x0000021861127050 Exception <a 'java/io/FileNotFoundException'{0x000000008ab8ef18}> (0x000000008ab8ef18) 
thrown [s\src\hotspot\share\prims\jni.cpp, line 531]
Event: 18.849 Thread 0x0000021861127050 Exception <a 'java/io/FileNotFoundException'{0x000000008ab901e8}> (0x000000008ab901e8) 
thrown [s\src\hotspot\share\prims\jni.cpp, line 531]
Event: 18.849 Thread 0x0000021861127050 Exception <a 'java/io/FileNotFoundException'{0x000000008ab910d0}> (0x000000008ab910d0) 
thrown [s\src\hotspot\share\prims\jni.cpp, line 531]
Event: 18.849 Thread 0x0000021861127050 Exception <a 'java/io/FileNotFoundException'{0x000000008ab91f78}> (0x000000008ab91f78) 
thrown [s\src\hotspot\share\prims\jni.cpp, line 531]
Event: 18.859 Thread 0x0000021861127050 Exception <a 'java/io/FileNotFoundException'{0x000000008aa33158}> (0x000000008aa33158) 
thrown [s\src\hotspot\share\prims\jni.cpp, line 531]
Event: 18.859 Thread 0x0000021861127050 Exception <a 'java/io/FileNotFoundException'{0x000000008aa33f40}> (0x000000008aa33f40) 
thrown [s\src\hotspot\share\prims\jni.cpp, line 531]
Event: 18.859 Thread 0x0000021861127050 Exception <a 'java/io/FileNotFoundException'{0x000000008aa34d40}> (0x000000008aa34d40) 
thrown [s\src\hotspot\share\prims\jni.cpp, line 531]
Event: 18.860 Thread 0x0000021861127050 Exception <a 'java/io/FileNotFoundException'{0x000000008aa35b20}> (0x000000008aa35b20) 
thrown [s\src\hotspot\share\prims\jni.cpp, line 531]
Event: 18.860 Thread 0x0000021861127050 Exception <a 'java/io/FileNotFoundException'{0x000000008aa36df0}> (0x000000008aa36df0) 
thrown [s\src\hotspot\share\prims\jni.cpp, line 531]
Event: 18.860 Thread 0x0000021861127050 Exception <a 'java/io/FileNotFoundException'{0x000000008aa37cd8}> (0x000000008aa37cd8) 
thrown [s\src\hotspot\share\prims\jni.cpp, line 531]
Event: 18.860 Thread 0x0000021861127050 Exception <a 'java/io/FileNotFoundException'{0x000000008aa38b80}> (0x000000008aa38b80) 
thrown [s\src\hotspot\share\prims\jni.cpp, line 531]
Event: 20.462 Thread 0x0000021861127050 Exception <a 'java/lang/NoSuchMethodError'{0x000000008c6ef2f8}: 'java.lang.Object java.lang.invoke.DirectMethodHandle$Holder.newInvokeSpecial(java.lang.Object, java.lang.Object, java.lang.Object, double, double, double, double, int, int, int, int, int, int, int, int, int)'> (0x000000008c6ef2f8) 
thrown [s\src\hotspot\share\interpreter\linkResolver.cpp, line 771]

VM Operations (20 events):
Event: 19.033 Executing VM operation: G1PauseRemark
Event: 19.036 Executing VM operation: G1PauseRemark done
Event: 19.041 Executing VM operation: G1PauseCleanup
Event: 19.041 Executing VM operation: G1PauseCleanup done
Event: 19.066 Executing VM operation: G1TryInitiateConcMark
Event: 19.069 Executing VM operation: G1TryInitiateConcMark done
Event: 19.082 Executing VM operation: G1PauseRemark
Event: 19.085 Executing VM operation: G1PauseRemark done
Event: 19.091 Executing VM operation: G1PauseCleanup
Event: 19.091 Executing VM operation: G1PauseCleanup done
Event: 20.092 Executing VM operation: Cleanup
Event: 20.092 Executing VM operation: Cleanup done
Event: 21.092 Executing VM operation: Cleanup
Event: 21.092 Executing VM operation: Cleanup done
Event: 22.093 Executing VM operation: Cleanup
Event: 22.093 Executing VM operation: Cleanup done
Event: 23.094 Executing VM operation: Cleanup
Event: 23.094 Executing VM operation: Cleanup done
Event: 24.095 Executing VM operation: Cleanup
Event: 24.095 Executing VM operation: Cleanup done

Memory protections (0 events):
No events

Nmethod flushes (0 events):
No events

Events (20 events):
Event: 13.777 Thread 0x000002187c372280 Thread exited: 0x000002187c372280
Event: 13.777 Thread 0x000002187c3740e0 Thread added: 0x000002187c3740e0
Event: 13.777 Thread 0x000002187c3740e0 Thread exited: 0x000002187c3740e0
Event: 13.780 Thread 0x000002187c370e40 Thread added: 0x000002187c370e40
Event: 13.781 Thread 0x000002187c370e40 Thread exited: 0x000002187c370e40
Event: 13.781 Thread 0x000002187c3740e0 Thread added: 0x000002187c3740e0
Event: 13.781 Thread 0x000002187c3740e0 Thread exited: 0x000002187c3740e0
Event: 13.796 Thread 0x000002187c371350 Thread added: 0x000002187c371350
Event: 13.796 Thread 0x000002187c371350 Thread exited: 0x000002187c371350
Event: 13.822 Thread 0x0000021867346150 Thread exited: 0x0000021867346150
Event: 14.242 Thread 0x00000218c228c890 Thread added: 0x00000218c228c890
Event: 14.242 Thread 0x00000218c228c890 Thread exited: 0x00000218c228c890
Event: 14.655 Thread 0x000002181a9a3640 Thread added: 0x000002187cb6e900
Event: 14.949 Thread 0x000002187cb6e900 Thread exited: 0x000002187cb6e900
Event: 15.291 Thread 0x000002181a9a3640 Thread added: 0x000002187c54eef0
Event: 15.429 Thread 0x000002187c54eef0 Thread exited: 0x000002187c54eef0
Event: 18.666 Thread 0x000002181a9a3640 Thread added: 0x000002187cb748a0
Event: 19.757 Thread 0x000002187cb748a0 Thread exited: 0x000002187cb748a0
Event: 22.064 Thread 0x00000218c22928c0 Thread added: 0x00000218c22928c0
Event: 22.064 Thread 0x00000218c22928c0 Thread exited: 0x00000218c22928c0


Dynamic libraries:
0x00007ff64ea00000 - 0x00007ff64ea0a000 	C:\Users\ranes\.jdks\jbr-17.0.14\bin\java.exe
0x00007ffd5cbe0000 - 0x00007ffd5ce47000 	C:\WINDOWS\SYSTEM32\ntdll.dll
0x00007ffd5bf00000 - 0x00007ffd5bfc9000 	C:\WINDOWS\System32\KERNEL32.DLL
0x00007ffd59770000 - 0x00007ffd59b61000 	C:\WINDOWS\System32\KERNELBASE.dll
0x00007ffd594f0000 - 0x00007ffd5963b000 	C:\WINDOWS\System32\ucrtbase.dll
0x00007ffd452c0000 - 0x00007ffd452db000 	C:\Users\ranes\.jdks\jbr-17.0.14\bin\VCRUNTIME140.dll
0x00007ffd452a0000 - 0x00007ffd452b7000 	C:\Users\ranes\.jdks\jbr-17.0.14\bin\jli.dll
0x00007ffd5aac0000 - 0x00007ffd5ac85000 	C:\WINDOWS\System32\USER32.dll
0x00007ffd594c0000 - 0x00007ffd594e7000 	C:\WINDOWS\System32\win32u.dll
0x00007ffd33410000 - 0x00007ffd336a3000 	C:\WINDOWS\WinSxS\amd64_microsoft.windows.common-controls_6595b64144ccf1df_6.0.26100.8037_none_3e092faae333b53b\COMCTL32.dll
0x00007ffd5c250000 - 0x00007ffd5c27b000 	C:\WINDOWS\System32\GDI32.dll
0x00007ffd5c450000 - 0x00007ffd5c4f9000 	C:\WINDOWS\System32\msvcrt.dll
0x00007ffd59640000 - 0x00007ffd5976b000 	C:\WINDOWS\System32\gdi32full.dll
0x00007ffd59b70000 - 0x00007ffd59c13000 	C:\WINDOWS\System32\msvcp_win.dll
0x00007ffd5c3a0000 - 0x00007ffd5c3d1000 	C:\WINDOWS\System32\IMM32.DLL
0x00007ffd54740000 - 0x00007ffd5474c000 	C:\Users\ranes\.jdks\jbr-17.0.14\bin\vcruntime140_1.dll
0x00007ffd45210000 - 0x00007ffd4529d000 	C:\Users\ranes\.jdks\jbr-17.0.14\bin\msvcp140.dll
0x00007ffcbd1f0000 - 0x00007ffcbde7e000 	C:\Users\ranes\.jdks\jbr-17.0.14\bin\server\jvm.dll
0x00007ffd5bd80000 - 0x00007ffd5be3b000 	C:\WINDOWS\System32\ADVAPI32.dll
0x00007ffd5a980000 - 0x00007ffd5aa27000 	C:\WINDOWS\System32\sechost.dll
0x00007ffd5c280000 - 0x00007ffd5c398000 	C:\WINDOWS\System32\RPCRT4.dll
0x00007ffd5acc0000 - 0x00007ffd5ad34000 	C:\WINDOWS\System32\WS2_32.dll
0x00007ffd59320000 - 0x00007ffd5937e000 	C:\WINDOWS\SYSTEM32\POWRPROF.dll
0x00007ffd3d820000 - 0x00007ffd3d82b000 	C:\WINDOWS\SYSTEM32\VERSION.dll
0x00007ffd50a30000 - 0x00007ffd50a65000 	C:\WINDOWS\SYSTEM32\WINMM.dll
0x00007ffd59300000 - 0x00007ffd59314000 	C:\WINDOWS\SYSTEM32\UMPDC.dll
0x00007ffd58250000 - 0x00007ffd5826b000 	C:\WINDOWS\SYSTEM32\kernel.appcore.dll
0x00007ffd45200000 - 0x00007ffd4520a000 	C:\Users\ranes\.jdks\jbr-17.0.14\bin\jimage.dll
0x00007ffd56b10000 - 0x00007ffd56d52000 	C:\WINDOWS\SYSTEM32\DBGHELP.DLL
0x00007ffd5c700000 - 0x00007ffd5ca82000 	C:\WINDOWS\System32\combase.dll
0x00007ffd5b0a0000 - 0x00007ffd5b177000 	C:\WINDOWS\System32\OLEAUT32.dll
0x00007ffd14580000 - 0x00007ffd145bb000 	C:\WINDOWS\SYSTEM32\dbgcore.DLL
0x00007ffd5a5e0000 - 0x00007ffd5a685000 	C:\WINDOWS\System32\bcryptPrimitives.dll
0x00007ffd3f830000 - 0x00007ffd3f855000 	C:\Users\ranes\.jdks\jbr-17.0.14\bin\java.dll
0x00007ffd3f750000 - 0x00007ffd3f827000 	C:\Users\ranes\.jdks\jbr-17.0.14\bin\jsvml.dll
0x00007ffd5b610000 - 0x00007ffd5bd6f000 	C:\WINDOWS\System32\SHELL32.dll
0x00007ffd5a690000 - 0x00007ffd5a7fa000 	C:\WINDOWS\System32\wintypes.dll
0x00007ffd59cb0000 - 0x00007ffd5a514000 	C:\WINDOWS\System32\windows.storage.dll
0x00007ffd5bfe0000 - 0x00007ffd5c0d7000 	C:\WINDOWS\System32\SHCORE.dll
0x00007ffd5ad40000 - 0x00007ffd5ada7000 	C:\WINDOWS\System32\shlwapi.dll
0x00007ffd593e0000 - 0x00007ffd59409000 	C:\WINDOWS\SYSTEM32\profapi.dll
0x00007ffd3f710000 - 0x00007ffd3f729000 	C:\Users\ranes\.jdks\jbr-17.0.14\bin\net.dll
0x00007ffd52920000 - 0x00007ffd52a47000 	C:\WINDOWS\SYSTEM32\WINHTTP.dll
0x00007ffd587c0000 - 0x00007ffd5882b000 	C:\WINDOWS\system32\mswsock.dll
0x00007ffd3f6f0000 - 0x00007ffd3f706000 	C:\Users\ranes\.jdks\jbr-17.0.14\bin\nio.dll
0x00007ffd3f730000 - 0x00007ffd3f748000 	C:\Users\ranes\.jdks\jbr-17.0.14\bin\zip.dll
0x000002181ac60000 - 0x000002181ac63000 	C:\Users\ranes\.openjfx\cache\17.0.12\api-ms-win-core-console-l1-1-0.dll
0x000002181ac70000 - 0x000002181ac73000 	C:\Users\ranes\.openjfx\cache\17.0.12\api-ms-win-core-console-l1-2-0.dll
0x000002181ac80000 - 0x000002181ac83000 	C:\Users\ranes\.openjfx\cache\17.0.12\api-ms-win-core-datetime-l1-1-0.dll
0x000002181ac90000 - 0x000002181ac93000 	C:\Users\ranes\.openjfx\cache\17.0.12\api-ms-win-core-debug-l1-1-0.dll
0x000002181aca0000 - 0x000002181aca3000 	C:\Users\ranes\.openjfx\cache\17.0.12\api-ms-win-core-errorhandling-l1-1-0.dll
0x000002181acb0000 - 0x000002181acb4000 	C:\Users\ranes\.openjfx\cache\17.0.12\api-ms-win-core-file-l1-1-0.dll
0x000002181acc0000 - 0x000002181acc3000 	C:\Users\ranes\.openjfx\cache\17.0.12\api-ms-win-core-file-l1-2-0.dll
0x000002181acd0000 - 0x000002181acd3000 	C:\Users\ranes\.openjfx\cache\17.0.12\api-ms-win-core-file-l2-1-0.dll
0x000002181ace0000 - 0x000002181ace3000 	C:\Users\ranes\.openjfx\cache\17.0.12\api-ms-win-core-handle-l1-1-0.dll
0x000002181acf0000 - 0x000002181acf3000 	C:\Users\ranes\.openjfx\cache\17.0.12\api-ms-win-core-heap-l1-1-0.dll
0x000002181ad00000 - 0x000002181ad03000 	C:\Users\ranes\.openjfx\cache\17.0.12\api-ms-win-core-interlocked-l1-1-0.dll
0x000002181ad10000 - 0x000002181ad13000 	C:\Users\ranes\.openjfx\cache\17.0.12\api-ms-win-core-libraryloader-l1-1-0.dll
0x000002181ad20000 - 0x000002181ad23000 	C:\Users\ranes\.openjfx\cache\17.0.12\api-ms-win-core-localization-l1-2-0.dll
0x000002181ad30000 - 0x000002181ad33000 	C:\Users\ranes\.openjfx\cache\17.0.12\api-ms-win-core-memory-l1-1-0.dll
0x000002181ad40000 - 0x000002181ad43000 	C:\Users\ranes\.openjfx\cache\17.0.12\api-ms-win-core-namedpipe-l1-1-0.dll
0x000002181ad50000 - 0x000002181ad53000 	C:\Users\ranes\.openjfx\cache\17.0.12\api-ms-win-core-processenvironment-l1-1-0.dll
0x000002181ad60000 - 0x000002181ad63000 	C:\Users\ranes\.openjfx\cache\17.0.12\api-ms-win-core-processthreads-l1-1-0.dll
0x000002181ad70000 - 0x000002181ad73000 	C:\Users\ranes\.openjfx\cache\17.0.12\api-ms-win-core-processthreads-l1-1-1.dll
0x000002181ad80000 - 0x000002181ad83000 	C:\Users\ranes\.openjfx\cache\17.0.12\api-ms-win-core-profile-l1-1-0.dll
0x000002181ad90000 - 0x000002181ad93000 	C:\Users\ranes\.openjfx\cache\17.0.12\api-ms-win-core-rtlsupport-l1-1-0.dll
0x000002181ada0000 - 0x000002181ada3000 	C:\Users\ranes\.openjfx\cache\17.0.12\api-ms-win-core-string-l1-1-0.dll
0x000002181adb0000 - 0x000002181adb3000 	C:\Users\ranes\.openjfx\cache\17.0.12\api-ms-win-core-synch-l1-1-0.dll
0x000002181adc0000 - 0x000002181adc3000 	C:\Users\ranes\.openjfx\cache\17.0.12\api-ms-win-core-synch-l1-2-0.dll
0x000002181add0000 - 0x000002181add3000 	C:\Users\ranes\.openjfx\cache\17.0.12\api-ms-win-core-sysinfo-l1-1-0.dll
0x000002181ade0000 - 0x000002181ade3000 	C:\Users\ranes\.openjfx\cache\17.0.12\api-ms-win-core-timezone-l1-1-0.dll
0x000002181adf0000 - 0x000002181adf3000 	C:\Users\ranes\.openjfx\cache\17.0.12\api-ms-win-core-util-l1-1-0.dll
0x000002181ae00000 - 0x000002181ae03000 	C:\Users\ranes\.openjfx\cache\17.0.12\api-ms-win-crt-conio-l1-1-0.dll
0x000002181ae10000 - 0x000002181ae14000 	C:\Users\ranes\.openjfx\cache\17.0.12\api-ms-win-crt-convert-l1-1-0.dll
0x000002181ae20000 - 0x000002181ae23000 	C:\Users\ranes\.openjfx\cache\17.0.12\api-ms-win-crt-environment-l1-1-0.dll
0x000002181ae30000 - 0x000002181ae33000 	C:\Users\ranes\.openjfx\cache\17.0.12\api-ms-win-crt-filesystem-l1-1-0.dll
0x000002181ae40000 - 0x000002181ae43000 	C:\Users\ranes\.openjfx\cache\17.0.12\api-ms-win-crt-heap-l1-1-0.dll
0x000002181ae50000 - 0x000002181ae53000 	C:\Users\ranes\.openjfx\cache\17.0.12\api-ms-win-crt-locale-l1-1-0.dll
0x000002181ae60000 - 0x000002181ae65000 	C:\Users\ranes\.openjfx\cache\17.0.12\api-ms-win-crt-math-l1-1-0.dll
0x000002181ae70000 - 0x000002181ae75000 	C:\Users\ranes\.openjfx\cache\17.0.12\api-ms-win-crt-multibyte-l1-1-0.dll
0x000002181ae80000 - 0x000002181ae90000 	C:\Users\ranes\.openjfx\cache\17.0.12\api-ms-win-crt-private-l1-1-0.dll
0x000002181ae90000 - 0x000002181ae93000 	C:\Users\ranes\.openjfx\cache\17.0.12\api-ms-win-crt-process-l1-1-0.dll
0x000002181aea0000 - 0x000002181aea4000 	C:\Users\ranes\.openjfx\cache\17.0.12\api-ms-win-crt-runtime-l1-1-0.dll
0x000002181aeb0000 - 0x000002181aeb4000 	C:\Users\ranes\.openjfx\cache\17.0.12\api-ms-win-crt-stdio-l1-1-0.dll
0x000002181aec0000 - 0x000002181aec4000 	C:\Users\ranes\.openjfx\cache\17.0.12\api-ms-win-crt-string-l1-1-0.dll
0x000002181aed0000 - 0x000002181aed3000 	C:\Users\ranes\.openjfx\cache\17.0.12\api-ms-win-crt-time-l1-1-0.dll
0x000002181aee0000 - 0x000002181aee3000 	C:\Users\ranes\.openjfx\cache\17.0.12\api-ms-win-crt-utility-l1-1-0.dll
0x00007ffd3f8c0000 - 0x00007ffd3f9bc000 	C:\Users\ranes\.openjfx\cache\17.0.12\ucrtbase.dll
0x00007ffd54830000 - 0x00007ffd5484b000 	C:\Users\ranes\.openjfx\cache\17.0.12\vcruntime140.dll
0x00007ffd4bbd0000 - 0x00007ffd4bbdc000 	C:\Users\ranes\.openjfx\cache\17.0.12\vcruntime140_1.dll
0x00007ffd43db0000 - 0x00007ffd43e3e000 	C:\Users\ranes\.openjfx\cache\17.0.12\msvcp140.dll
0x00007ffd5c500000 - 0x00007ffd5c695000 	C:\WINDOWS\System32\ole32.dll
0x00007ffd4bbc0000 - 0x00007ffd4bbc9000 	C:\Users\ranes\.openjfx\cache\17.0.12\msvcp140_1.dll
0x00007ffd451d0000 - 0x00007ffd451ff000 	C:\Users\ranes\.openjfx\cache\17.0.12\msvcp140_2.dll
0x00007ffd3f890000 - 0x00007ffd3f8ba000 	C:\Users\ranes\.openjfx\cache\17.0.12\prism_d3d.dll
0x00007ffd46920000 - 0x00007ffd46ad2000 	C:\WINDOWS\system32\d3d9.dll
0x00007ffd57190000 - 0x00007ffd571be000 	C:\WINDOWS\SYSTEM32\dwmapi.dll
0x00007ffd57200000 - 0x00007ffd57243000 	C:\WINDOWS\SYSTEM32\dxcore.dll
0x00007ffd56e10000 - 0x00007ffd56eba000 	C:\WINDOWS\system32\uxtheme.dll
0x00007ffcef9b0000 - 0x00007ffcefbe8000 	C:\WINDOWS\System32\DriverStore\FileRepository\iigd_dch.inf_amd64_b38f68fdfc88d52c\igdumdim64.dll
0x00007ffcc36b0000 - 0x00007ffcc4a20000 	C:\WINDOWS\System32\DriverStore\FileRepository\iigd_dch.inf_amd64_b38f68fdfc88d52c\igd9dxva64.dll
0x00007ffd5b180000 - 0x00007ffd5b607000 	C:\WINDOWS\System32\SETUPAPI.dll
0x00007ffd59030000 - 0x00007ffd59087000 	C:\WINDOWS\SYSTEM32\cfgmgr32.dll
0x00007ffcf9dc0000 - 0x00007ffcfbae1000 	C:\WINDOWS\System32\DriverStore\FileRepository\iigd_dch.inf_amd64_b38f68fdfc88d52c\media_bin_64.dll
0x00007ffd502a0000 - 0x00007ffd506d8000 	C:\WINDOWS\System32\DriverStore\FileRepository\iigd_dch.inf_amd64_b38f68fdfc88d52c\igdgmm64.dll
0x00007ffd535c0000 - 0x00007ffd53620000 	C:\WINDOWS\SYSTEM32\directxdatabasehelper.dll
0x00007ffd10400000 - 0x00007ffd10442000 	C:\Users\ranes\.openjfx\cache\17.0.12\glass.dll
0x00007ffd5adc0000 - 0x00007ffd5aeae000 	C:\WINDOWS\System32\COMDLG32.dll
0x00007ffce4a60000 - 0x00007ffce4b93000 	C:\ProgramData\A-Volute\A-Volute.Nahimic\Modules\Scheduled\x64\AudioDevProps2.dll
0x00007ffd5c0e0000 - 0x00007ffd5c23d000 	C:\WINDOWS\System32\MSCTF.dll
0x00007ffd1d030000 - 0x00007ffd1d057000 	C:\WINDOWS\System32\DriverStore\FileRepository\iigd_dch.inf_amd64_b38f68fdfc88d52c\igdinfo64.dll
0x00007ffd58aa0000 - 0x00007ffd58abb000 	C:\WINDOWS\SYSTEM32\CRYPTSP.dll
0x00007ffd581b0000 - 0x00007ffd581e9000 	C:\WINDOWS\system32\rsaenh.dll
0x00007ffd58ac0000 - 0x00007ffd58acc000 	C:\WINDOWS\SYSTEM32\CRYPTBASE.dll
0x00007ffd593b0000 - 0x00007ffd593da000 	C:\WINDOWS\SYSTEM32\bcrypt.dll
0x00007ffd4c3f0000 - 0x00007ffd5029d000 	C:\WINDOWS\System32\DriverStore\FileRepository\iigd_dch.inf_amd64_b38f68fdfc88d52c\igc64.dll
0x00007ffd4bb50000 - 0x00007ffd4bb59000 	C:\Users\ranes\.jdks\jbr-17.0.14\bin\prefs.dll
0x00007ffd4a940000 - 0x00007ffd4a955000 	C:\Users\ranes\.openjfx\cache\17.0.12\javafx_font.dll
0x00007ffd3f860000 - 0x00007ffd3f88d000 	C:\Users\ranes\.openjfx\cache\17.0.12\javafx_iio.dll
0x00007ffd57df0000 - 0x00007ffd57f1a000 	C:\WINDOWS\SYSTEM32\DNSAPI.dll
0x00007ffd57d10000 - 0x00007ffd57d43000 	C:\WINDOWS\SYSTEM32\IPHLPAPI.DLL
0x00007ffd5bfd0000 - 0x00007ffd5bfda000 	C:\WINDOWS\System32\NSI.dll
0x00007ffd48190000 - 0x00007ffd4819b000 	C:\Windows\System32\rasadhlp.dll
0x00007ffd534f0000 - 0x00007ffd53576000 	C:\WINDOWS\System32\fwpuclnt.dll
0x00007ffd3f6e0000 - 0x00007ffd3f6e9000 	C:\Users\ranes\.jdks\jbr-17.0.14\bin\extnet.dll
0x00007ffc9a040000 - 0x00007ffc9ec1c000 	C:\Users\ranes\.openjfx\cache\17.0.12\jfxwebkit.dll
0x00007ffd552e0000 - 0x00007ffd55547000 	C:\WINDOWS\SYSTEM32\dwrite.dll
0x00007ffd58870000 - 0x00007ffd588a2000 	C:\WINDOWS\SYSTEM32\USERENV.dll

dbghelp: loaded successfully - version: 4.0.5 - missing functions: none
symbol engine: initialized successfully - sym options: 0x614 - pdb path: .;C:\Users\ranes\.jdks\jbr-17.0.14\bin;C:\WINDOWS\SYSTEM32;C:\WINDOWS\WinSxS\amd64_microsoft.windows.common-controls_6595b64144ccf1df_6.0.26100.8037_none_3e092faae333b53b;C:\Users\ranes\.jdks\jbr-17.0.14\bin\server;C:\Users\ranes\.openjfx\cache\17.0.12;C:\WINDOWS\System32\DriverStore\FileRepository\iigd_dch.inf_amd64_b38f68fdfc88d52c;C:\WINDOWS\System32\DriverStore\FileRepository\nvlt.inf_amd64_56eae984f56a52e3;C:\ProgramData\A-Volute\A-Volute.Nahimic\Modules\Scheduled\x64;C:\Program Files\Common Files\Microsoft Shared\Ink

VM Arguments:
jvm_args: --add-modules=javafx.controls,javafx.fxml,javafx.web --module-path=C:\Users\ranes\.m2\repository\org\openjfx\javafx-base\17.0.12\javafx-base-17.0.12-win.jar;C:\Users\ranes\.m2\repository\org\openjfx\javafx-base\17.0.12\javafx-base-17.0.12.jar;C:\Users\ranes\.m2\repository\org\openjfx\javafx-controls\17.0.12\javafx-controls-17.0.12-win.jar;C:\Users\ranes\.m2\repository\org\openjfx\javafx-controls\17.0.12\javafx-controls-17.0.12.jar;C:\Users\ranes\.m2\repository\org\openjfx\javafx-fxml\17.0.12\javafx-fxml-17.0.12-win.jar;C:\Users\ranes\.m2\repository\org\openjfx\javafx-fxml\17.0.12\javafx-fxml-17.0.12.jar;C:\Users\ranes\.m2\repository\org\openjfx\javafx-graphics\17.0.12\javafx-graphics-17.0.12-win.jar;C:\Users\ranes\.m2\repository\org\openjfx\javafx-graphics\17.0.12\javafx-graphics-17.0.12.jar;C:\Users\ranes\.m2\repository\org\openjfx\javafx-media\17.0.12\javafx-media-17.0.12-win.jar;C:\Users\ranes\.m2\repository\org\openjfx\javafx-media\17.0.12\javafx-media-17.0.12.jar;C:\Users\ranes\.m2\repository\org\openjfx\javafx-web\17.0.12\javafx-web-17.0.12-win.jar;C:\Users\ranes\.m2\repository\org\openjfx\javafx-web\17.0.12\javafx-web-17.0.12.jar --add-modules=javafx.base,javafx.controls,javafx.fxml,javafx.graphics,javafx.media,javafx.web 
java_command: mains.MainFX
java_class_path (initial): C:\Users\ranes\OneDrive\Desktop\Esports\target\classes;C:\Users\ranes\.m2\repository\com\google\protobuf\protobuf-java\3.21.9\protobuf-java-3.21.9.jar;C:\Users\ranes\.m2\repository\com\mysql\mysql-connector-j\8.0.33\mysql-connector-j-8.0.33.jar;C:\Users\ranes\.m2\repository\org\mindrot\jbcrypt\0.4\jbcrypt-0.4.jar
Launcher Type: SUN_STANDARD

[Global flags]
     intx CICompilerCount                          = 4                                         {product} {ergonomic}
     uint ConcGCThreads                            = 2                                         {product} {ergonomic}
     uint G1ConcRefinementThreads                  = 8                                         {product} {ergonomic}
   size_t G1HeapRegionSize                         = 1048576                                   {product} {ergonomic}
    uintx GCDrainStackTargetSize                   = 64                                        {product} {ergonomic}
   size_t InitialHeapSize                          = 132120576                                 {product} {ergonomic}
   size_t MarkStackSize                            = 4194304                                   {product} {ergonomic}
   size_t MaxHeapSize                              = 2090860544                                {product} {ergonomic}
   size_t MaxNewSize                               = 1254096896                                {product} {ergonomic}
   size_t MinHeapDeltaBytes                        = 1048576                                   {product} {ergonomic}
   size_t MinHeapSize                              = 8388608                                   {product} {ergonomic}
    uintx NonNMethodCodeHeapSize                   = 5839372                                {pd product} {ergonomic}
    uintx NonProfiledCodeHeapSize                  = 122909434                              {pd product} {ergonomic}
    uintx ProfiledCodeHeapSize                     = 122909434                              {pd product} {ergonomic}
    uintx ReservedCodeCacheSize                    = 251658240                              {pd product} {ergonomic}
     bool SegmentedCodeCache                       = true                                      {product} {ergonomic}
   size_t SoftMaxHeapSize                          = 2090860544                             {manageable} {ergonomic}
     bool UseCompressedClassPointers               = true                           {product lp64_product} {ergonomic}
     bool UseCompressedOops                        = true                           {product lp64_product} {ergonomic}
     bool UseG1GC                                  = true                                      {product} {ergonomic}
     bool UseLargePagesIndividualAllocation        = false                                  {pd product} {ergonomic}

Logging:
Log output configuration:
 #0: stdout all=warning uptime,level,tags
 #1: stderr all=off uptime,level,tags

Environment Variables:
JAVA_HOME=C:\Users\ranes\.jdks\jbr-17.0.14
PATH=C:\oraclexe\app\oracle\product\11.2.0\server\bin;C:\Program Files (x86)\VMware\VMware Workstation\bin\;C:\Program Files\Common Files\Oracle\Java\javapath;C:\oraclexe\app\oracle\product\11.2.0\server\bin;C:\Windows\system32;C:\Windows;C:\Windows\System32\Wbem;C:\Windows\System32\WindowsPowerShell\v1.0\;C:\Windows\System32\OpenSSH\;C:\Program Files (x86)\NVIDIA Corporation\PhysX\Common;C:\Program Files\NVIDIA Corporation\NVIDIA NvDLISR;C:\instantclient12;C:\oraclexe;C:\oraclexe\app\oracle\admin\XE;C:\Program Files\Git\cmd;C:\Program Files (x86)\CodeBlocks\MinGW;C:\MinGW\bin;C:\Program Files (x86)\CodeBlocks\MinGW\bin;C:\Program Files\Java\jdk-17\bin;C:\Program Files\Java\jdk-17\bin;C:\xampp\php;C:\ProgramData\ComposerSetup\bin;C:\Users\ranes\.jdks\jbr-17.0.14\bin;C:\Program Files (x86)\GnuWin32\bin;C:\WINDOWS\system32;C:\WINDOWS;C:\WINDOWS\System32\Wbem;C:\WINDOWS\System32\WindowsPowerShell\v1.0\;C:\WINDOWS\System32\OpenSSH\;C:\Users\ranes\AppData\Local\Programs\Python\Python312\Scripts\;C:\Users\ranes\AppData\Local\Programs\Python\Python312\;C:\Users\ranes\scoop\shims;C:\Users\ranes\AppData\Local\Microsoft\WindowsApps;C:\Users\ranes\Desktop\Microsoft VS Code\bin;C:\Users\ranes\AppData\Roaming\Composer\vendor\bin;C:\Users\ranes\AppData\Local\Programs\Antigravity\bin;C:\Users\ranes\AppData\Local\Programs\Windsurf\bin
USERNAME=ranes
OS=Windows_NT
PROCESSOR_IDENTIFIER=Intel64 Family 6 Model 140 Stepping 2, GenuineIntel
TMP=C:\Users\ranes\AppData\Local\Temp
TEMP=C:\Users\ranes\AppData\Local\Temp



Periodic native trim disabled

JNI global refs:
JNI global refs: 130, weak refs: 1

JNI global refs memory usage: 2107, weak refs: 841

Process memory usage:
Resident Set Size: 544632K (6% of 8166712K total physical memory with 883504K free physical memory)

OOME stack traces (most recent first):
Classloader memory used:
Loader jdk.internal.loader.ClassLoaders$AppClassLoader                                 : 1795K
Loader bootstrap                                                                       : 1566K
Loader jdk.internal.loader.ClassLoaders$PlatformClassLoader                            : 311K
Loader jdk.internal.reflect.DelegatingClassLoader                                      : 8494B
Loader com.sun.javafx.reflect.MethodUtil                                               : 364B


---------------  S Y S T E M  ---------------

OS:
 Windows 11 , 64 bit Build 26100 (10.0.26100.7920)
OS uptime: 11 days 9:51 hours

CPU: total 8 (initial active 8) (4 cores per cpu, 2 threads per core) family 6 model 140 stepping 2 microcode 0x26, cx8, cmov, fxsr, ht, mmx, 3dnowpref, sse, sse2, sse3, ssse3, sse4.1, sse4.2, popcnt, lzcnt, tsc, tscinvbit, avx, avx2, aes, erms, clmul, bmi1, bmi2, adx, avx512f, avx512dq, avx512cd, avx512bw, avx512vl, sha, fma, vzeroupper, avx512_vpopcntdq, avx512_vpclmulqdq, avx512_vaes, avx512_vnni, clflush, clflushopt, clwb, avx512_vbmi2, avx512_vbmi
Processor Information for all 8 processors :
  Max Mhz: 3187, Current Mhz: 3187, Mhz Limit: 3187

Memory: 4k page, system-wide physical 7975M (862M free)
TotalPageFile size 18328M (AvailPageFile size 1M)
current process WorkingSet (physical memory assigned to process): 532M, peak: 669M
current process commit charge ("private bytes"): 818M, peak: 822M

vm_info: OpenJDK 64-Bit Server VM (17.0.14+1-b1367.22) for windows-amd64 JRE (17.0.14+1-b1367.22), built on 2025-01-30 by "builduser" with MS VC++ 16.10 / 16.11 (VS2019)

END.
